[0.427s] DEBUG:colcon:Command line arguments: ['/usr/bin/colcon', 'build']
[0.427s] DEBUG:colcon:Parsed command line arguments: Namespace(ament_cmake_args=None, base_paths=['.'], build_base='build', catkin_cmake_args=None, catkin_skip_building_tests=False, cmake_args=None, cmake_clean_cache=False, cmake_clean_first=False, cmake_force_configure=False, cmake_target=None, cmake_target_skip_unavailable=False, continue_on_error=False, event_handlers=None, executor='parallel', ignore_user_meta=False, install_base='install', log_base=None, log_level=None, main=<bound method BuildVerb.main of <colcon_core.verb.build.BuildVerb object at 0x7f370a12d310>>, merge_install=False, metas=['./colcon.meta'], mixin=None, mixin_files=None, mixin_verb=('build',), packages_above=None, packages_above_and_dependencies=None, packages_above_depth=None, packages_end=None, packages_ignore=None, packages_ignore_regex=None, packages_select=None, packages_select_build_failed=False, packages_select_by_dep=None, packages_select_regex=None, packages_select_test_failures=False, packages_skip=None, packages_skip_build_finished=False, packages_skip_by_dep=None, packages_skip_regex=None, packages_skip_test_passed=False, packages_skip_up_to=None, packages_start=None, packages_up_to=None, packages_up_to_regex=None, parallel_workers=8, paths=None, symlink_install=False, test_result_base=None, verb_extension=<colcon_core.verb.build.BuildVerb object at 0x7f370a12d310>, verb_name='build', verb_parser=<colcon_mixin.mixin.mixin_argument.MixinArgumentDecorator object at 0x7f370a12d970>)
[0.435s] Level 1:colcon.colcon_core.package_discovery:discover_packages(colcon_meta) check parameters
[0.435s] Level 1:colcon.colcon_core.package_discovery:discover_packages(recursive) check parameters
[0.435s] Level 1:colcon.colcon_core.package_discovery:discover_packages(ignore) check parameters
[0.435s] Level 1:colcon.colcon_core.package_discovery:discover_packages(path) check parameters
[0.435s] Level 1:colcon.colcon_core.package_discovery:discover_packages(colcon_meta) discover
[0.435s] Level 1:colcon.colcon_core.package_discovery:discover_packages(recursive) discover
[0.435s] INFO:colcon.colcon_core.package_discovery:Crawling recursively for packages in '/home/legacy/tutorials_ros2_ws'
[0.435s] Level 1:colcon.colcon_core.package_identification:_identify(.) by extensions ['ignore', 'ignore_ament_install']
[0.435s] Level 1:colcon.colcon_core.package_identification:_identify(.) by extension 'ignore'
[0.436s] Level 1:colcon.colcon_core.package_identification:_identify(.) by extension 'ignore_ament_install'
[0.436s] Level 1:colcon.colcon_core.package_identification:_identify(.) by extensions ['colcon_pkg']
[0.436s] Level 1:colcon.colcon_core.package_identification:_identify(.) by extension 'colcon_pkg'
[0.436s] Level 1:colcon.colcon_core.package_identification:_identify(.) by extensions ['colcon_meta']
[0.436s] Level 1:colcon.colcon_core.package_identification:_identify(.) by extension 'colcon_meta'
[0.436s] Level 1:colcon.colcon_core.package_identification:_identify(.) by extensions ['ros']
[0.436s] Level 1:colcon.colcon_core.package_identification:_identify(.) by extension 'ros'
[0.445s] Level 1:colcon.colcon_core.package_identification:_identify(.) by extensions ['cmake', 'python']
[0.445s] Level 1:colcon.colcon_core.package_identification:_identify(.) by extension 'cmake'
[0.445s] Level 1:colcon.colcon_core.package_identification:_identify(.) by extension 'python'
[0.445s] Level 1:colcon.colcon_core.package_identification:_identify(.) by extensions ['python_setup_py']
[0.445s] Level 1:colcon.colcon_core.package_identification:_identify(.) by extension 'python_setup_py'
[0.446s] Level 1:colcon.colcon_core.package_identification:_identify(build) by extensions ['ignore', 'ignore_ament_install']
[0.446s] Level 1:colcon.colcon_core.package_identification:_identify(build) by extension 'ignore'
[0.446s] Level 1:colcon.colcon_core.package_identification:_identify(build) ignored
[0.446s] Level 1:colcon.colcon_core.package_identification:_identify(install) by extensions ['ignore', 'ignore_ament_install']
[0.446s] Level 1:colcon.colcon_core.package_identification:_identify(install) by extension 'ignore'
[0.446s] Level 1:colcon.colcon_core.package_identification:_identify(install) ignored
[0.446s] Level 1:colcon.colcon_core.package_identification:_identify(log) by extensions ['ignore', 'ignore_ament_install']
[0.446s] Level 1:colcon.colcon_core.package_identification:_identify(log) by extension 'ignore'
[0.446s] Level 1:colcon.colcon_core.package_identification:_identify(log) ignored
[0.446s] Level 1:colcon.colcon_core.package_identification:_identify(src) by extensions ['ignore', 'ignore_ament_install']
[0.446s] Level 1:colcon.colcon_core.package_identification:_identify(src) by extension 'ignore'
[0.446s] Level 1:colcon.colcon_core.package_identification:_identify(src) by extension 'ignore_ament_install'
[0.446s] Level 1:colcon.colcon_core.package_identification:_identify(src) by extensions ['colcon_pkg']
[0.446s] Level 1:colcon.colcon_core.package_identification:_identify(src) by extension 'colcon_pkg'
[0.447s] Level 1:colcon.colcon_core.package_identification:_identify(src) by extensions ['colcon_meta']
[0.447s] Level 1:colcon.colcon_core.package_identification:_identify(src) by extension 'colcon_meta'
[0.447s] Level 1:colcon.colcon_core.package_identification:_identify(src) by extensions ['ros']
[0.447s] Level 1:colcon.colcon_core.package_identification:_identify(src) by extension 'ros'
[0.447s] Level 1:colcon.colcon_core.package_identification:_identify(src) by extensions ['cmake', 'python']
[0.447s] Level 1:colcon.colcon_core.package_identification:_identify(src) by extension 'cmake'
[0.447s] Level 1:colcon.colcon_core.package_identification:_identify(src) by extension 'python'
[0.447s] Level 1:colcon.colcon_core.package_identification:_identify(src) by extensions ['python_setup_py']
[0.447s] Level 1:colcon.colcon_core.package_identification:_identify(src) by extension 'python_setup_py'
[0.447s] Level 1:colcon.colcon_core.package_identification:_identify(src/cpp_pubsub) by extensions ['ignore', 'ignore_ament_install']
[0.447s] Level 1:colcon.colcon_core.package_identification:_identify(src/cpp_pubsub) by extension 'ignore'
[0.447s] Level 1:colcon.colcon_core.package_identification:_identify(src/cpp_pubsub) by extension 'ignore_ament_install'
[0.447s] Level 1:colcon.colcon_core.package_identification:_identify(src/cpp_pubsub) by extensions ['colcon_pkg']
[0.447s] Level 1:colcon.colcon_core.package_identification:_identify(src/cpp_pubsub) by extension 'colcon_pkg'
[0.447s] Level 1:colcon.colcon_core.package_identification:_identify(src/cpp_pubsub) by extensions ['colcon_meta']
[0.447s] Level 1:colcon.colcon_core.package_identification:_identify(src/cpp_pubsub) by extension 'colcon_meta'
[0.447s] Level 1:colcon.colcon_core.package_identification:_identify(src/cpp_pubsub) by extensions ['ros']
[0.447s] Level 1:colcon.colcon_core.package_identification:_identify(src/cpp_pubsub) by extension 'ros'
[0.449s] DEBUG:colcon.colcon_core.package_identification:Package 'src/cpp_pubsub' with type 'ros.ament_cmake' and name 'cpp_pubsub'
[0.449s] Level 1:colcon.colcon_core.package_identification:_identify(src/cpp_srvcli) by extensions ['ignore', 'ignore_ament_install']
[0.449s] Level 1:colcon.colcon_core.package_identification:_identify(src/cpp_srvcli) by extension 'ignore'
[0.449s] Level 1:colcon.colcon_core.package_identification:_identify(src/cpp_srvcli) by extension 'ignore_ament_install'
[0.449s] Level 1:colcon.colcon_core.package_identification:_identify(src/cpp_srvcli) by extensions ['colcon_pkg']
[0.449s] Level 1:colcon.colcon_core.package_identification:_identify(src/cpp_srvcli) by extension 'colcon_pkg'
[0.449s] Level 1:colcon.colcon_core.package_identification:_identify(src/cpp_srvcli) by extensions ['colcon_meta']
[0.449s] Level 1:colcon.colcon_core.package_identification:_identify(src/cpp_srvcli) by extension 'colcon_meta'
[0.450s] Level 1:colcon.colcon_core.package_identification:_identify(src/cpp_srvcli) by extensions ['ros']
[0.450s] Level 1:colcon.colcon_core.package_identification:_identify(src/cpp_srvcli) by extension 'ros'
[0.450s] DEBUG:colcon.colcon_core.package_identification:Package 'src/cpp_srvcli' with type 'ros.ament_cmake' and name 'cpp_srvcli'
[0.450s] Level 1:colcon.colcon_core.package_discovery:discover_packages(recursive) using defaults
[0.450s] Level 1:colcon.colcon_core.package_discovery:discover_packages(ignore) discover
[0.450s] Level 1:colcon.colcon_core.package_discovery:discover_packages(ignore) using defaults
[0.450s] Level 1:colcon.colcon_core.package_discovery:discover_packages(path) discover
[0.450s] Level 1:colcon.colcon_core.package_discovery:discover_packages(path) using defaults
[0.474s] Level 5:colcon.colcon_core.verb:set package 'cpp_pubsub' build argument 'cmake_args' from command line to 'None'
[0.474s] Level 5:colcon.colcon_core.verb:set package 'cpp_pubsub' build argument 'cmake_target' from command line to 'None'
[0.474s] Level 5:colcon.colcon_core.verb:set package 'cpp_pubsub' build argument 'cmake_target_skip_unavailable' from command line to 'False'
[0.474s] Level 5:colcon.colcon_core.verb:set package 'cpp_pubsub' build argument 'cmake_clean_cache' from command line to 'False'
[0.474s] Level 5:colcon.colcon_core.verb:set package 'cpp_pubsub' build argument 'cmake_clean_first' from command line to 'False'
[0.474s] Level 5:colcon.colcon_core.verb:set package 'cpp_pubsub' build argument 'cmake_force_configure' from command line to 'False'
[0.474s] Level 5:colcon.colcon_core.verb:set package 'cpp_pubsub' build argument 'ament_cmake_args' from command line to 'None'
[0.474s] Level 5:colcon.colcon_core.verb:set package 'cpp_pubsub' build argument 'catkin_cmake_args' from command line to 'None'
[0.474s] Level 5:colcon.colcon_core.verb:set package 'cpp_pubsub' build argument 'catkin_skip_building_tests' from command line to 'False'
[0.474s] DEBUG:colcon.colcon_core.verb:Building package 'cpp_pubsub' with the following arguments: {'ament_cmake_args': None, 'build_base': '/home/legacy/tutorials_ros2_ws/build/cpp_pubsub', 'catkin_cmake_args': None, 'catkin_skip_building_tests': False, 'cmake_args': None, 'cmake_clean_cache': False, 'cmake_clean_first': False, 'cmake_force_configure': False, 'cmake_target': None, 'cmake_target_skip_unavailable': False, 'install_base': '/home/legacy/tutorials_ros2_ws/install/cpp_pubsub', 'merge_install': False, 'path': '/home/legacy/tutorials_ros2_ws/src/cpp_pubsub', 'symlink_install': False, 'test_result_base': None}
[0.476s] Level 5:colcon.colcon_core.verb:set package 'cpp_srvcli' build argument 'cmake_args' from command line to 'None'
[0.476s] Level 5:colcon.colcon_core.verb:set package 'cpp_srvcli' build argument 'cmake_target' from command line to 'None'
[0.476s] Level 5:colcon.colcon_core.verb:set package 'cpp_srvcli' build argument 'cmake_target_skip_unavailable' from command line to 'False'
[0.476s] Level 5:colcon.colcon_core.verb:set package 'cpp_srvcli' build argument 'cmake_clean_cache' from command line to 'False'
[0.476s] Level 5:colcon.colcon_core.verb:set package 'cpp_srvcli' build argument 'cmake_clean_first' from command line to 'False'
[0.476s] Level 5:colcon.colcon_core.verb:set package 'cpp_srvcli' build argument 'cmake_force_configure' from command line to 'False'
[0.476s] Level 5:colcon.colcon_core.verb:set package 'cpp_srvcli' build argument 'ament_cmake_args' from command line to 'None'
[0.476s] Level 5:colcon.colcon_core.verb:set package 'cpp_srvcli' build argument 'catkin_cmake_args' from command line to 'None'
[0.476s] Level 5:colcon.colcon_core.verb:set package 'cpp_srvcli' build argument 'catkin_skip_building_tests' from command line to 'False'
[0.476s] DEBUG:colcon.colcon_core.verb:Building package 'cpp_srvcli' with the following arguments: {'ament_cmake_args': None, 'build_base': '/home/legacy/tutorials_ros2_ws/build/cpp_srvcli', 'catkin_cmake_args': None, 'catkin_skip_building_tests': False, 'cmake_args': None, 'cmake_clean_cache': False, 'cmake_clean_first': False, 'cmake_force_configure': False, 'cmake_target': None, 'cmake_target_skip_unavailable': False, 'install_base': '/home/legacy/tutorials_ros2_ws/install/cpp_srvcli', 'merge_install': False, 'path': '/home/legacy/tutorials_ros2_ws/src/cpp_srvcli', 'symlink_install': False, 'test_result_base': None}
[0.476s] INFO:colcon.colcon_core.executor:Executing jobs using 'parallel' executor
[0.478s] DEBUG:colcon.colcon_parallel_executor.executor.parallel:run_until_complete
[0.478s] INFO:colcon.colcon_ros.task.ament_cmake.build:Building ROS package in '/home/legacy/tutorials_ros2_ws/src/cpp_pubsub' with build type 'ament_cmake'
[0.478s] INFO:colcon.colcon_cmake.task.cmake.build:Building CMake package in '/home/legacy/tutorials_ros2_ws/src/cpp_pubsub'
[0.486s] INFO:colcon.colcon_core.plugin_system:Skipping extension 'colcon_core.shell.bat': Not used on non-Windows systems
[0.487s] INFO:colcon.colcon_core.shell:Skip shell extension 'powershell' for command environment: Not usable outside of PowerShell
[0.487s] DEBUG:colcon.colcon_core.shell:Skip shell extension 'dsv' for command environment
[0.489s] DEBUG:colcon.colcon_core.shell:Ignoring prefix path '/opt/ros/foxy'
[0.492s] INFO:colcon.colcon_ros.task.ament_cmake.build:Building ROS package in '/home/legacy/tutorials_ros2_ws/src/cpp_srvcli' with build type 'ament_cmake'
[0.493s] INFO:colcon.colcon_cmake.task.cmake.build:Building CMake package in '/home/legacy/tutorials_ros2_ws/src/cpp_srvcli'
[0.493s] INFO:colcon.colcon_core.shell:Skip shell extension 'powershell' for command environment: Not usable outside of PowerShell
[0.493s] DEBUG:colcon.colcon_core.shell:Skip shell extension 'dsv' for command environment
[0.495s] DEBUG:colcon.colcon_core.shell:Ignoring prefix path '/opt/ros/foxy'
[0.501s] DEBUG:colcon.colcon_core.event_handler.log_command:Invoking command in '/home/legacy/tutorials_ros2_ws/build/cpp_pubsub': CMAKE_PREFIX_PATH=/opt/ros/foxy /usr/bin/cmake --build /home/legacy/tutorials_ros2_ws/build/cpp_pubsub -- -j8 -l8
[0.511s] DEBUG:colcon.colcon_core.event_handler.log_command:Invoking command in '/home/legacy/tutorials_ros2_ws/build/cpp_srvcli': CMAKE_PREFIX_PATH=/opt/ros/foxy /usr/bin/cmake /home/legacy/tutorials_ros2_ws/src/cpp_srvcli -DCMAKE_INSTALL_PREFIX=/home/legacy/tutorials_ros2_ws/install/cpp_srvcli
[0.718s] DEBUG:colcon.colcon_core.event_handler.log_command:Invoked command in '/home/legacy/tutorials_ros2_ws/build/cpp_pubsub' returned '0': CMAKE_PREFIX_PATH=/opt/ros/foxy /usr/bin/cmake --build /home/legacy/tutorials_ros2_ws/build/cpp_pubsub -- -j8 -l8
[0.750s] DEBUG:colcon.colcon_core.event_handler.log_command:Invoking command in '/home/legacy/tutorials_ros2_ws/build/cpp_pubsub': CMAKE_PREFIX_PATH=/opt/ros/foxy /usr/bin/cmake --install /home/legacy/tutorials_ros2_ws/build/cpp_pubsub
[0.771s] Level 1:colcon.colcon_core.environment:create_environment_scripts_only(cpp_pubsub)
[0.772s] DEBUG:colcon.colcon_core.event_handler.log_command:Invoked command in '/home/legacy/tutorials_ros2_ws/build/cpp_pubsub' returned '0': CMAKE_PREFIX_PATH=/opt/ros/foxy /usr/bin/cmake --install /home/legacy/tutorials_ros2_ws/build/cpp_pubsub
[0.782s] Level 1:colcon.colcon_core.environment:checking '/home/legacy/tutorials_ros2_ws/install/cpp_pubsub' for CMake module files
[0.783s] Level 1:colcon.colcon_core.environment:checking '/home/legacy/tutorials_ros2_ws/install/cpp_pubsub' for CMake config files
[0.783s] Level 1:colcon.colcon_core.shell:create_environment_hook('cpp_pubsub', 'cmake_prefix_path')
[0.783s] INFO:colcon.colcon_core.shell:Creating environment hook '/home/legacy/tutorials_ros2_ws/install/cpp_pubsub/share/cpp_pubsub/hook/cmake_prefix_path.ps1'
[0.785s] INFO:colcon.colcon_core.shell:Creating environment descriptor '/home/legacy/tutorials_ros2_ws/install/cpp_pubsub/share/cpp_pubsub/hook/cmake_prefix_path.dsv'
[0.786s] INFO:colcon.colcon_core.shell:Creating environment hook '/home/legacy/tutorials_ros2_ws/install/cpp_pubsub/share/cpp_pubsub/hook/cmake_prefix_path.sh'
[0.787s] Level 1:colcon.colcon_core.environment:checking '/home/legacy/tutorials_ros2_ws/install/cpp_pubsub/lib'
[0.787s] Level 1:colcon.colcon_core.environment:checking '/home/legacy/tutorials_ros2_ws/install/cpp_pubsub/bin'
[0.787s] Level 1:colcon.colcon_core.environment:checking '/home/legacy/tutorials_ros2_ws/install/cpp_pubsub/lib/pkgconfig/cpp_pubsub.pc'
[0.787s] Level 1:colcon.colcon_core.environment:checking '/home/legacy/tutorials_ros2_ws/install/cpp_pubsub/lib/python3.8/site-packages'
[0.788s] INFO:colcon.colcon_core.shell:Creating package script '/home/legacy/tutorials_ros2_ws/install/cpp_pubsub/share/cpp_pubsub/package.ps1'
[0.789s] INFO:colcon.colcon_core.shell:Creating package descriptor '/home/legacy/tutorials_ros2_ws/install/cpp_pubsub/share/cpp_pubsub/package.dsv'
[0.789s] INFO:colcon.colcon_core.shell:Creating package script '/home/legacy/tutorials_ros2_ws/install/cpp_pubsub/share/cpp_pubsub/package.sh'
[0.790s] INFO:colcon.colcon_core.shell:Creating package script '/home/legacy/tutorials_ros2_ws/install/cpp_pubsub/share/cpp_pubsub/package.bash'
[0.792s] INFO:colcon.colcon_core.shell:Creating package script '/home/legacy/tutorials_ros2_ws/install/cpp_pubsub/share/cpp_pubsub/package.zsh'
[0.793s] Level 1:colcon.colcon_core.environment:create_file_with_runtime_dependencies(/home/legacy/tutorials_ros2_ws/install/cpp_pubsub/share/colcon-core/packages/cpp_pubsub)
[0.819s] Level 1:colcon.colcon_core.environment:create_environment_scripts_only(cpp_pubsub)
[0.819s] Level 1:colcon.colcon_core.environment:checking '/home/legacy/tutorials_ros2_ws/install/cpp_pubsub' for CMake module files
[0.820s] Level 1:colcon.colcon_core.environment:checking '/home/legacy/tutorials_ros2_ws/install/cpp_pubsub' for CMake config files
[0.820s] Level 1:colcon.colcon_core.shell:create_environment_hook('cpp_pubsub', 'cmake_prefix_path')
[0.820s] INFO:colcon.colcon_core.shell:Creating environment hook '/home/legacy/tutorials_ros2_ws/install/cpp_pubsub/share/cpp_pubsub/hook/cmake_prefix_path.ps1'
[0.821s] INFO:colcon.colcon_core.shell:Creating environment descriptor '/home/legacy/tutorials_ros2_ws/install/cpp_pubsub/share/cpp_pubsub/hook/cmake_prefix_path.dsv'
[0.821s] INFO:colcon.colcon_core.shell:Creating environment hook '/home/legacy/tutorials_ros2_ws/install/cpp_pubsub/share/cpp_pubsub/hook/cmake_prefix_path.sh'
[0.822s] Level 1:colcon.colcon_core.environment:checking '/home/legacy/tutorials_ros2_ws/install/cpp_pubsub/lib'
[0.822s] Level 1:colcon.colcon_core.environment:checking '/home/legacy/tutorials_ros2_ws/install/cpp_pubsub/bin'
[0.822s] Level 1:colcon.colcon_core.environment:checking '/home/legacy/tutorials_ros2_ws/install/cpp_pubsub/lib/pkgconfig/cpp_pubsub.pc'
[0.822s] Level 1:colcon.colcon_core.environment:checking '/home/legacy/tutorials_ros2_ws/install/cpp_pubsub/lib/python3.8/site-packages'
[0.822s] INFO:colcon.colcon_core.shell:Creating package script '/home/legacy/tutorials_ros2_ws/install/cpp_pubsub/share/cpp_pubsub/package.ps1'
[0.823s] INFO:colcon.colcon_core.shell:Creating package descriptor '/home/legacy/tutorials_ros2_ws/install/cpp_pubsub/share/cpp_pubsub/package.dsv'
[0.823s] INFO:colcon.colcon_core.shell:Creating package script '/home/legacy/tutorials_ros2_ws/install/cpp_pubsub/share/cpp_pubsub/package.sh'
[0.824s] INFO:colcon.colcon_core.shell:Creating package script '/home/legacy/tutorials_ros2_ws/install/cpp_pubsub/share/cpp_pubsub/package.bash'
[0.824s] INFO:colcon.colcon_core.shell:Creating package script '/home/legacy/tutorials_ros2_ws/install/cpp_pubsub/share/cpp_pubsub/package.zsh'
[0.824s] Level 1:colcon.colcon_core.environment:create_file_with_runtime_dependencies(/home/legacy/tutorials_ros2_ws/install/cpp_pubsub/share/colcon-core/packages/cpp_pubsub)
[2.616s] DEBUG:colcon.colcon_core.event_handler.log_command:Invoked command in '/home/legacy/tutorials_ros2_ws/build/cpp_srvcli' returned '0': CMAKE_PREFIX_PATH=/opt/ros/foxy /usr/bin/cmake /home/legacy/tutorials_ros2_ws/src/cpp_srvcli -DCMAKE_INSTALL_PREFIX=/home/legacy/tutorials_ros2_ws/install/cpp_srvcli
[2.619s] DEBUG:colcon.colcon_core.event_handler.log_command:Invoking command in '/home/legacy/tutorials_ros2_ws/build/cpp_srvcli': CMAKE_PREFIX_PATH=/opt/ros/foxy /usr/bin/cmake --build /home/legacy/tutorials_ros2_ws/build/cpp_srvcli -- -j8 -l8
[5.108s] DEBUG:colcon.colcon_core.event_handler.log_command:Invoked command in '/home/legacy/tutorials_ros2_ws/build/cpp_srvcli' returned '0': CMAKE_PREFIX_PATH=/opt/ros/foxy /usr/bin/cmake --build /home/legacy/tutorials_ros2_ws/build/cpp_srvcli -- -j8 -l8
[5.129s] DEBUG:colcon.colcon_core.event_handler.log_command:Invoking command in '/home/legacy/tutorials_ros2_ws/build/cpp_srvcli': CMAKE_PREFIX_PATH=/opt/ros/foxy /usr/bin/cmake --install /home/legacy/tutorials_ros2_ws/build/cpp_srvcli
[5.143s] Level 1:colcon.colcon_core.environment:create_environment_scripts_only(cpp_srvcli)
[5.144s] Level 1:colcon.colcon_core.environment:checking '/home/legacy/tutorials_ros2_ws/install/cpp_srvcli' for CMake module files
[5.144s] DEBUG:colcon.colcon_core.event_handler.log_command:Invoked command in '/home/legacy/tutorials_ros2_ws/build/cpp_srvcli' returned '0': CMAKE_PREFIX_PATH=/opt/ros/foxy /usr/bin/cmake --install /home/legacy/tutorials_ros2_ws/build/cpp_srvcli
[5.145s] Level 1:colcon.colcon_core.environment:checking '/home/legacy/tutorials_ros2_ws/install/cpp_srvcli' for CMake config files
[5.145s] Level 1:colcon.colcon_core.shell:create_environment_hook('cpp_srvcli', 'cmake_prefix_path')
[5.145s] INFO:colcon.colcon_core.shell:Creating environment hook '/home/legacy/tutorials_ros2_ws/install/cpp_srvcli/share/cpp_srvcli/hook/cmake_prefix_path.ps1'
[5.146s] INFO:colcon.colcon_core.shell:Creating environment descriptor '/home/legacy/tutorials_ros2_ws/install/cpp_srvcli/share/cpp_srvcli/hook/cmake_prefix_path.dsv'
[5.146s] INFO:colcon.colcon_core.shell:Creating environment hook '/home/legacy/tutorials_ros2_ws/install/cpp_srvcli/share/cpp_srvcli/hook/cmake_prefix_path.sh'
[5.147s] Level 1:colcon.colcon_core.environment:checking '/home/legacy/tutorials_ros2_ws/install/cpp_srvcli/lib'
[5.147s] Level 1:colcon.colcon_core.environment:checking '/home/legacy/tutorials_ros2_ws/install/cpp_srvcli/bin'
[5.147s] Level 1:colcon.colcon_core.environment:checking '/home/legacy/tutorials_ros2_ws/install/cpp_srvcli/lib/pkgconfig/cpp_srvcli.pc'
[5.147s] Level 1:colcon.colcon_core.environment:checking '/home/legacy/tutorials_ros2_ws/install/cpp_srvcli/lib/python3.8/site-packages'
[5.147s] INFO:colcon.colcon_core.shell:Creating package script '/home/legacy/tutorials_ros2_ws/install/cpp_srvcli/share/cpp_srvcli/package.ps1'
[5.148s] INFO:colcon.colcon_core.shell:Creating package descriptor '/home/legacy/tutorials_ros2_ws/install/cpp_srvcli/share/cpp_srvcli/package.dsv'
[5.148s] INFO:colcon.colcon_core.shell:Creating package script '/home/legacy/tutorials_ros2_ws/install/cpp_srvcli/share/cpp_srvcli/package.sh'
[5.149s] INFO:colcon.colcon_core.shell:Creating package script '/home/legacy/tutorials_ros2_ws/install/cpp_srvcli/share/cpp_srvcli/package.bash'
[5.149s] INFO:colcon.colcon_core.shell:Creating package script '/home/legacy/tutorials_ros2_ws/install/cpp_srvcli/share/cpp_srvcli/package.zsh'
[5.149s] Level 1:colcon.colcon_core.environment:create_file_with_runtime_dependencies(/home/legacy/tutorials_ros2_ws/install/cpp_srvcli/share/colcon-core/packages/cpp_srvcli)
[5.173s] Level 1:colcon.colcon_core.environment:create_environment_scripts_only(cpp_srvcli)
[5.174s] Level 1:colcon.colcon_core.environment:checking '/home/legacy/tutorials_ros2_ws/install/cpp_srvcli' for CMake module files
[5.175s] Level 1:colcon.colcon_core.environment:checking '/home/legacy/tutorials_ros2_ws/install/cpp_srvcli' for CMake config files
[5.175s] Level 1:colcon.colcon_core.shell:create_environment_hook('cpp_srvcli', 'cmake_prefix_path')
[5.175s] INFO:colcon.colcon_core.shell:Creating environment hook '/home/legacy/tutorials_ros2_ws/install/cpp_srvcli/share/cpp_srvcli/hook/cmake_prefix_path.ps1'
[5.176s] INFO:colcon.colcon_core.shell:Creating environment descriptor '/home/legacy/tutorials_ros2_ws/install/cpp_srvcli/share/cpp_srvcli/hook/cmake_prefix_path.dsv'
[5.176s] INFO:colcon.colcon_core.shell:Creating environment hook '/home/legacy/tutorials_ros2_ws/install/cpp_srvcli/share/cpp_srvcli/hook/cmake_prefix_path.sh'
[5.177s] Level 1:colcon.colcon_core.environment:checking '/home/legacy/tutorials_ros2_ws/install/cpp_srvcli/lib'
[5.177s] Level 1:colcon.colcon_core.environment:checking '/home/legacy/tutorials_ros2_ws/install/cpp_srvcli/bin'
[5.177s] Level 1:colcon.colcon_core.environment:checking '/home/legacy/tutorials_ros2_ws/install/cpp_srvcli/lib/pkgconfig/cpp_srvcli.pc'
[5.177s] Level 1:colcon.colcon_core.environment:checking '/home/legacy/tutorials_ros2_ws/install/cpp_srvcli/lib/python3.8/site-packages'
[5.177s] INFO:colcon.colcon_core.shell:Creating package script '/home/legacy/tutorials_ros2_ws/install/cpp_srvcli/share/cpp_srvcli/package.ps1'
[5.178s] INFO:colcon.colcon_core.shell:Creating package descriptor '/home/legacy/tutorials_ros2_ws/install/cpp_srvcli/share/cpp_srvcli/package.dsv'
[5.178s] INFO:colcon.colcon_core.shell:Creating package script '/home/legacy/tutorials_ros2_ws/install/cpp_srvcli/share/cpp_srvcli/package.sh'
[5.179s] INFO:colcon.colcon_core.shell:Creating package script '/home/legacy/tutorials_ros2_ws/install/cpp_srvcli/share/cpp_srvcli/package.bash'
[5.179s] INFO:colcon.colcon_core.shell:Creating package script '/home/legacy/tutorials_ros2_ws/install/cpp_srvcli/share/cpp_srvcli/package.zsh'
[5.179s] Level 1:colcon.colcon_core.environment:create_file_with_runtime_dependencies(/home/legacy/tutorials_ros2_ws/install/cpp_srvcli/share/colcon-core/packages/cpp_srvcli)
[5.180s] DEBUG:colcon.colcon_parallel_executor.executor.parallel:closing loop
[5.180s] DEBUG:colcon.colcon_parallel_executor.executor.parallel:loop closed
[5.180s] DEBUG:colcon.colcon_parallel_executor.executor.parallel:run_until_complete finished with '0'
[5.180s] DEBUG:colcon.colcon_core.event_reactor:joining thread
[5.192s] INFO:colcon.colcon_core.plugin_system:Skipping extension 'colcon_notification.desktop_notification.terminal_notifier': Not used on non-Darwin systems
[5.192s] INFO:colcon.colcon_core.plugin_system:Skipping extension 'colcon_notification.desktop_notification.win32': Not used on non-Windows systems
[5.192s] INFO:colcon.colcon_notification.desktop_notification:Sending desktop notification using 'notify2'
[5.229s] DEBUG:colcon.colcon_core.event_reactor:joined thread
[5.230s] INFO:colcon.colcon_core.shell:Creating prefix script '/home/legacy/tutorials_ros2_ws/install/local_setup.ps1'
[5.231s] INFO:colcon.colcon_core.shell:Creating prefix util module '/home/legacy/tutorials_ros2_ws/install/_local_setup_util_ps1.py'
[5.233s] INFO:colcon.colcon_core.shell:Creating prefix chain script '/home/legacy/tutorials_ros2_ws/install/setup.ps1'
[5.236s] INFO:colcon.colcon_core.shell:Creating prefix script '/home/legacy/tutorials_ros2_ws/install/local_setup.sh'
[5.237s] INFO:colcon.colcon_core.shell:Creating prefix util module '/home/legacy/tutorials_ros2_ws/install/_local_setup_util_sh.py'
[5.238s] INFO:colcon.colcon_core.shell:Creating prefix chain script '/home/legacy/tutorials_ros2_ws/install/setup.sh'
[5.241s] INFO:colcon.colcon_core.shell:Creating prefix script '/home/legacy/tutorials_ros2_ws/install/local_setup.bash'
[5.242s] INFO:colcon.colcon_core.shell:Creating prefix chain script '/home/legacy/tutorials_ros2_ws/install/setup.bash'
[5.245s] INFO:colcon.colcon_core.shell:Creating prefix script '/home/legacy/tutorials_ros2_ws/install/local_setup.zsh'
[5.245s] INFO:colcon.colcon_core.shell:Creating prefix chain script '/home/legacy/tutorials_ros2_ws/install/setup.zsh'
