[1.369s] DEBUG:colcon:Command line arguments: ['/usr/bin/colcon', 'build', '--packages-up-to', 'more_interfaces']
[1.370s] DEBUG:colcon:Parsed command line arguments: Namespace(ament_cmake_args=None, base_paths=['.'], build_base='build', catkin_cmake_args=None, catkin_skip_building_tests=False, cmake_args=None, cmake_clean_cache=False, cmake_clean_first=False, cmake_force_configure=False, cmake_target=None, cmake_target_skip_unavailable=False, continue_on_error=False, event_handlers=None, executor='parallel', ignore_user_meta=False, install_base='install', log_base=None, log_level=None, main=<bound method BuildVerb.main of <colcon_core.verb.build.BuildVerb object at 0x7f086feb6310>>, merge_install=False, metas=['./colcon.meta'], mixin=None, mixin_files=None, mixin_verb=('build',), packages_above=None, packages_above_and_dependencies=None, packages_above_depth=None, packages_end=None, packages_ignore=None, packages_ignore_regex=None, packages_select=None, packages_select_build_failed=False, packages_select_by_dep=None, packages_select_regex=None, packages_select_test_failures=False, packages_skip=None, packages_skip_build_finished=False, packages_skip_by_dep=None, packages_skip_regex=None, packages_skip_test_passed=False, packages_skip_up_to=None, packages_start=None, packages_up_to=['more_interfaces'], packages_up_to_regex=None, parallel_workers=8, paths=None, symlink_install=False, test_result_base=None, verb_extension=<colcon_core.verb.build.BuildVerb object at 0x7f086feb6310>, verb_name='build', verb_parser=<colcon_mixin.mixin.mixin_argument.MixinArgumentDecorator object at 0x7f086feb6970>)
[1.397s] Level 1:colcon.colcon_core.package_discovery:discover_packages(colcon_meta) check parameters
[1.397s] Level 1:colcon.colcon_core.package_discovery:discover_packages(recursive) check parameters
[1.398s] Level 1:colcon.colcon_core.package_discovery:discover_packages(ignore) check parameters
[1.398s] Level 1:colcon.colcon_core.package_discovery:discover_packages(path) check parameters
[1.398s] Level 1:colcon.colcon_core.package_discovery:discover_packages(colcon_meta) discover
[1.398s] Level 1:colcon.colcon_core.package_discovery:discover_packages(recursive) discover
[1.398s] INFO:colcon.colcon_core.package_discovery:Crawling recursively for packages in '/home/legacy/tutorials_ros2_ws'
[1.399s] Level 1:colcon.colcon_core.package_identification:_identify(.) by extensions ['ignore', 'ignore_ament_install']
[1.399s] Level 1:colcon.colcon_core.package_identification:_identify(.) by extension 'ignore'
[1.399s] Level 1:colcon.colcon_core.package_identification:_identify(.) by extension 'ignore_ament_install'
[1.400s] Level 1:colcon.colcon_core.package_identification:_identify(.) by extensions ['colcon_pkg']
[1.400s] Level 1:colcon.colcon_core.package_identification:_identify(.) by extension 'colcon_pkg'
[1.400s] Level 1:colcon.colcon_core.package_identification:_identify(.) by extensions ['colcon_meta']
[1.400s] Level 1:colcon.colcon_core.package_identification:_identify(.) by extension 'colcon_meta'
[1.400s] Level 1:colcon.colcon_core.package_identification:_identify(.) by extensions ['ros']
[1.400s] Level 1:colcon.colcon_core.package_identification:_identify(.) by extension 'ros'
[1.445s] Level 1:colcon.colcon_core.package_identification:_identify(.) by extensions ['cmake', 'python']
[1.445s] Level 1:colcon.colcon_core.package_identification:_identify(.) by extension 'cmake'
[1.445s] Level 1:colcon.colcon_core.package_identification:_identify(.) by extension 'python'
[1.445s] Level 1:colcon.colcon_core.package_identification:_identify(.) by extensions ['python_setup_py']
[1.446s] Level 1:colcon.colcon_core.package_identification:_identify(.) by extension 'python_setup_py'
[1.446s] Level 1:colcon.colcon_core.package_identification:_identify(build) by extensions ['ignore', 'ignore_ament_install']
[1.446s] Level 1:colcon.colcon_core.package_identification:_identify(build) by extension 'ignore'
[1.447s] Level 1:colcon.colcon_core.package_identification:_identify(build) ignored
[1.447s] Level 1:colcon.colcon_core.package_identification:_identify(install) by extensions ['ignore', 'ignore_ament_install']
[1.448s] Level 1:colcon.colcon_core.package_identification:_identify(install) by extension 'ignore'
[1.448s] Level 1:colcon.colcon_core.package_identification:_identify(install) ignored
[1.448s] Level 1:colcon.colcon_core.package_identification:_identify(log) by extensions ['ignore', 'ignore_ament_install']
[1.449s] Level 1:colcon.colcon_core.package_identification:_identify(log) by extension 'ignore'
[1.449s] Level 1:colcon.colcon_core.package_identification:_identify(log) ignored
[1.449s] Level 1:colcon.colcon_core.package_identification:_identify(src) by extensions ['ignore', 'ignore_ament_install']
[1.449s] Level 1:colcon.colcon_core.package_identification:_identify(src) by extension 'ignore'
[1.450s] Level 1:colcon.colcon_core.package_identification:_identify(src) by extension 'ignore_ament_install'
[1.450s] Level 1:colcon.colcon_core.package_identification:_identify(src) by extensions ['colcon_pkg']
[1.450s] Level 1:colcon.colcon_core.package_identification:_identify(src) by extension 'colcon_pkg'
[1.450s] Level 1:colcon.colcon_core.package_identification:_identify(src) by extensions ['colcon_meta']
[1.450s] Level 1:colcon.colcon_core.package_identification:_identify(src) by extension 'colcon_meta'
[1.451s] Level 1:colcon.colcon_core.package_identification:_identify(src) by extensions ['ros']
[1.451s] Level 1:colcon.colcon_core.package_identification:_identify(src) by extension 'ros'
[1.451s] Level 1:colcon.colcon_core.package_identification:_identify(src) by extensions ['cmake', 'python']
[1.451s] Level 1:colcon.colcon_core.package_identification:_identify(src) by extension 'cmake'
[1.451s] Level 1:colcon.colcon_core.package_identification:_identify(src) by extension 'python'
[1.452s] Level 1:colcon.colcon_core.package_identification:_identify(src) by extensions ['python_setup_py']
[1.452s] Level 1:colcon.colcon_core.package_identification:_identify(src) by extension 'python_setup_py'
[1.452s] Level 1:colcon.colcon_core.package_identification:_identify(src/cpp_pubsub) by extensions ['ignore', 'ignore_ament_install']
[1.452s] Level 1:colcon.colcon_core.package_identification:_identify(src/cpp_pubsub) by extension 'ignore'
[1.453s] Level 1:colcon.colcon_core.package_identification:_identify(src/cpp_pubsub) by extension 'ignore_ament_install'
[1.453s] Level 1:colcon.colcon_core.package_identification:_identify(src/cpp_pubsub) by extensions ['colcon_pkg']
[1.453s] Level 1:colcon.colcon_core.package_identification:_identify(src/cpp_pubsub) by extension 'colcon_pkg'
[1.453s] Level 1:colcon.colcon_core.package_identification:_identify(src/cpp_pubsub) by extensions ['colcon_meta']
[1.453s] Level 1:colcon.colcon_core.package_identification:_identify(src/cpp_pubsub) by extension 'colcon_meta'
[1.454s] Level 1:colcon.colcon_core.package_identification:_identify(src/cpp_pubsub) by extensions ['ros']
[1.454s] Level 1:colcon.colcon_core.package_identification:_identify(src/cpp_pubsub) by extension 'ros'
[1.466s] DEBUG:colcon.colcon_core.package_identification:Package 'src/cpp_pubsub' with type 'ros.ament_cmake' and name 'cpp_pubsub'
[1.466s] Level 1:colcon.colcon_core.package_identification:_identify(src/cpp_srvcli) by extensions ['ignore', 'ignore_ament_install']
[1.467s] Level 1:colcon.colcon_core.package_identification:_identify(src/cpp_srvcli) by extension 'ignore'
[1.467s] Level 1:colcon.colcon_core.package_identification:_identify(src/cpp_srvcli) by extension 'ignore_ament_install'
[1.467s] Level 1:colcon.colcon_core.package_identification:_identify(src/cpp_srvcli) by extensions ['colcon_pkg']
[1.467s] Level 1:colcon.colcon_core.package_identification:_identify(src/cpp_srvcli) by extension 'colcon_pkg'
[1.468s] Level 1:colcon.colcon_core.package_identification:_identify(src/cpp_srvcli) by extensions ['colcon_meta']
[1.468s] Level 1:colcon.colcon_core.package_identification:_identify(src/cpp_srvcli) by extension 'colcon_meta'
[1.468s] Level 1:colcon.colcon_core.package_identification:_identify(src/cpp_srvcli) by extensions ['ros']
[1.468s] Level 1:colcon.colcon_core.package_identification:_identify(src/cpp_srvcli) by extension 'ros'
[1.471s] DEBUG:colcon.colcon_core.package_identification:Package 'src/cpp_srvcli' with type 'ros.ament_cmake' and name 'cpp_srvcli'
[1.471s] Level 1:colcon.colcon_core.package_identification:_identify(src/more_interfaces) by extensions ['ignore', 'ignore_ament_install']
[1.471s] Level 1:colcon.colcon_core.package_identification:_identify(src/more_interfaces) by extension 'ignore'
[1.472s] Level 1:colcon.colcon_core.package_identification:_identify(src/more_interfaces) by extension 'ignore_ament_install'
[1.472s] Level 1:colcon.colcon_core.package_identification:_identify(src/more_interfaces) by extensions ['colcon_pkg']
[1.472s] Level 1:colcon.colcon_core.package_identification:_identify(src/more_interfaces) by extension 'colcon_pkg'
[1.472s] Level 1:colcon.colcon_core.package_identification:_identify(src/more_interfaces) by extensions ['colcon_meta']
[1.472s] Level 1:colcon.colcon_core.package_identification:_identify(src/more_interfaces) by extension 'colcon_meta'
[1.473s] Level 1:colcon.colcon_core.package_identification:_identify(src/more_interfaces) by extensions ['ros']
[1.473s] Level 1:colcon.colcon_core.package_identification:_identify(src/more_interfaces) by extension 'ros'
[1.475s] DEBUG:colcon.colcon_core.package_identification:Package 'src/more_interfaces' with type 'ros.ament_cmake' and name 'more_interfaces'
[1.475s] Level 1:colcon.colcon_core.package_identification:_identify(src/py_srvcli) by extensions ['ignore', 'ignore_ament_install']
[1.475s] Level 1:colcon.colcon_core.package_identification:_identify(src/py_srvcli) by extension 'ignore'
[1.476s] Level 1:colcon.colcon_core.package_identification:_identify(src/py_srvcli) by extension 'ignore_ament_install'
[1.476s] Level 1:colcon.colcon_core.package_identification:_identify(src/py_srvcli) by extensions ['colcon_pkg']
[1.476s] Level 1:colcon.colcon_core.package_identification:_identify(src/py_srvcli) by extension 'colcon_pkg'
[1.476s] Level 1:colcon.colcon_core.package_identification:_identify(src/py_srvcli) by extensions ['colcon_meta']
[1.476s] Level 1:colcon.colcon_core.package_identification:_identify(src/py_srvcli) by extension 'colcon_meta'
[1.477s] Level 1:colcon.colcon_core.package_identification:_identify(src/py_srvcli) by extensions ['ros']
[1.477s] Level 1:colcon.colcon_core.package_identification:_identify(src/py_srvcli) by extension 'ros'
[1.480s] DEBUG:colcon.colcon_core.package_identification:Package 'src/py_srvcli' with type 'ros.ament_python' and name 'py_srvcli'
[1.481s] Level 1:colcon.colcon_core.package_identification:_identify(src/tutorial_interfaces) by extensions ['ignore', 'ignore_ament_install']
[1.481s] Level 1:colcon.colcon_core.package_identification:_identify(src/tutorial_interfaces) by extension 'ignore'
[1.481s] Level 1:colcon.colcon_core.package_identification:_identify(src/tutorial_interfaces) by extension 'ignore_ament_install'
[1.482s] Level 1:colcon.colcon_core.package_identification:_identify(src/tutorial_interfaces) by extensions ['colcon_pkg']
[1.482s] Level 1:colcon.colcon_core.package_identification:_identify(src/tutorial_interfaces) by extension 'colcon_pkg'
[1.482s] Level 1:colcon.colcon_core.package_identification:_identify(src/tutorial_interfaces) by extensions ['colcon_meta']
[1.482s] Level 1:colcon.colcon_core.package_identification:_identify(src/tutorial_interfaces) by extension 'colcon_meta'
[1.482s] Level 1:colcon.colcon_core.package_identification:_identify(src/tutorial_interfaces) by extensions ['ros']
[1.482s] Level 1:colcon.colcon_core.package_identification:_identify(src/tutorial_interfaces) by extension 'ros'
[1.485s] DEBUG:colcon.colcon_core.package_identification:Package 'src/tutorial_interfaces' with type 'ros.ament_cmake' and name 'tutorial_interfaces'
[1.485s] Level 1:colcon.colcon_core.package_discovery:discover_packages(recursive) using defaults
[1.485s] Level 1:colcon.colcon_core.package_discovery:discover_packages(ignore) discover
[1.485s] Level 1:colcon.colcon_core.package_discovery:discover_packages(ignore) using defaults
[1.485s] Level 1:colcon.colcon_core.package_discovery:discover_packages(path) discover
[1.485s] Level 1:colcon.colcon_core.package_discovery:discover_packages(path) using defaults
[1.558s] INFO:colcon.colcon_core.package_selection:Skipping package 'tutorial_interfaces' in 'src/tutorial_interfaces'
[1.558s] INFO:colcon.colcon_core.package_selection:Skipping package 'py_srvcli' in 'src/py_srvcli'
[1.558s] INFO:colcon.colcon_core.package_selection:Skipping package 'cpp_srvcli' in 'src/cpp_srvcli'
[1.559s] INFO:colcon.colcon_core.package_selection:Skipping package 'cpp_pubsub' in 'src/cpp_pubsub'
[1.568s] Level 5:colcon.colcon_core.verb:set package 'more_interfaces' build argument 'cmake_args' from command line to 'None'
[1.568s] Level 5:colcon.colcon_core.verb:set package 'more_interfaces' build argument 'cmake_target' from command line to 'None'
[1.568s] Level 5:colcon.colcon_core.verb:set package 'more_interfaces' build argument 'cmake_target_skip_unavailable' from command line to 'False'
[1.568s] Level 5:colcon.colcon_core.verb:set package 'more_interfaces' build argument 'cmake_clean_cache' from command line to 'False'
[1.568s] Level 5:colcon.colcon_core.verb:set package 'more_interfaces' build argument 'cmake_clean_first' from command line to 'False'
[1.568s] Level 5:colcon.colcon_core.verb:set package 'more_interfaces' build argument 'cmake_force_configure' from command line to 'False'
[1.569s] Level 5:colcon.colcon_core.verb:set package 'more_interfaces' build argument 'ament_cmake_args' from command line to 'None'
[1.569s] Level 5:colcon.colcon_core.verb:set package 'more_interfaces' build argument 'catkin_cmake_args' from command line to 'None'
[1.569s] Level 5:colcon.colcon_core.verb:set package 'more_interfaces' build argument 'catkin_skip_building_tests' from command line to 'False'
[1.569s] DEBUG:colcon.colcon_core.verb:Building package 'more_interfaces' with the following arguments: {'ament_cmake_args': None, 'build_base': '/home/legacy/tutorials_ros2_ws/build/more_interfaces', 'catkin_cmake_args': None, 'catkin_skip_building_tests': False, 'cmake_args': None, 'cmake_clean_cache': False, 'cmake_clean_first': False, 'cmake_force_configure': False, 'cmake_target': None, 'cmake_target_skip_unavailable': False, 'install_base': '/home/legacy/tutorials_ros2_ws/install/more_interfaces', 'merge_install': False, 'path': '/home/legacy/tutorials_ros2_ws/src/more_interfaces', 'symlink_install': False, 'test_result_base': None}
[1.570s] INFO:colcon.colcon_core.executor:Executing jobs using 'parallel' executor
[1.577s] DEBUG:colcon.colcon_parallel_executor.executor.parallel:run_until_complete
[1.578s] INFO:colcon.colcon_ros.task.ament_cmake.build:Building ROS package in '/home/legacy/tutorials_ros2_ws/src/more_interfaces' with build type 'ament_cmake'
[1.578s] INFO:colcon.colcon_cmake.task.cmake.build:Building CMake package in '/home/legacy/tutorials_ros2_ws/src/more_interfaces'
[1.600s] INFO:colcon.colcon_core.plugin_system:Skipping extension 'colcon_core.shell.bat': Not used on non-Windows systems
[1.601s] INFO:colcon.colcon_core.shell:Skip shell extension 'powershell' for command environment: Not usable outside of PowerShell
[1.601s] DEBUG:colcon.colcon_core.shell:Skip shell extension 'dsv' for command environment
[1.611s] DEBUG:colcon.colcon_core.shell:Ignoring prefix path '/opt/ros/foxy'
[1.633s] DEBUG:colcon.colcon_core.event_handler.log_command:Invoking command in '/home/legacy/tutorials_ros2_ws/build/more_interfaces': CMAKE_PREFIX_PATH=/opt/ros/foxy /usr/bin/cmake /home/legacy/tutorials_ros2_ws/src/more_interfaces -DCMAKE_INSTALL_PREFIX=/home/legacy/tutorials_ros2_ws/install/more_interfaces
[9.614s] DEBUG:colcon.colcon_core.event_handler.log_command:Invoked command in '/home/legacy/tutorials_ros2_ws/build/more_interfaces' returned '0': CMAKE_PREFIX_PATH=/opt/ros/foxy /usr/bin/cmake /home/legacy/tutorials_ros2_ws/src/more_interfaces -DCMAKE_INSTALL_PREFIX=/home/legacy/tutorials_ros2_ws/install/more_interfaces
[9.625s] DEBUG:colcon.colcon_core.event_handler.log_command:Invoking command in '/home/legacy/tutorials_ros2_ws/build/more_interfaces': CMAKE_PREFIX_PATH=/opt/ros/foxy /usr/bin/cmake --build /home/legacy/tutorials_ros2_ws/build/more_interfaces -- -j8 -l8
[28.678s] DEBUG:colcon.colcon_core.event_handler.log_command:Invoked command in '/home/legacy/tutorials_ros2_ws/build/more_interfaces' returned '0': CMAKE_PREFIX_PATH=/opt/ros/foxy /usr/bin/cmake --build /home/legacy/tutorials_ros2_ws/build/more_interfaces -- -j8 -l8
[28.911s] DEBUG:colcon.colcon_core.event_handler.log_command:Invoking command in '/home/legacy/tutorials_ros2_ws/build/more_interfaces': CMAKE_PREFIX_PATH=/opt/ros/foxy /usr/bin/cmake --install /home/legacy/tutorials_ros2_ws/build/more_interfaces
[29.153s] Level 1:colcon.colcon_core.environment:create_environment_scripts_only(more_interfaces)
[29.157s] DEBUG:colcon.colcon_core.event_handler.log_command:Invoked command in '/home/legacy/tutorials_ros2_ws/build/more_interfaces' returned '0': CMAKE_PREFIX_PATH=/opt/ros/foxy /usr/bin/cmake --install /home/legacy/tutorials_ros2_ws/build/more_interfaces
[29.173s] Level 1:colcon.colcon_core.environment:checking '/home/legacy/tutorials_ros2_ws/install/more_interfaces' for CMake module files
[29.176s] Level 1:colcon.colcon_core.environment:checking '/home/legacy/tutorials_ros2_ws/install/more_interfaces' for CMake config files
[29.178s] Level 1:colcon.colcon_core.shell:create_environment_hook('more_interfaces', 'cmake_prefix_path')
[29.180s] INFO:colcon.colcon_core.shell:Creating environment hook '/home/legacy/tutorials_ros2_ws/install/more_interfaces/share/more_interfaces/hook/cmake_prefix_path.ps1'
[29.183s] INFO:colcon.colcon_core.shell:Creating environment descriptor '/home/legacy/tutorials_ros2_ws/install/more_interfaces/share/more_interfaces/hook/cmake_prefix_path.dsv'
[29.184s] INFO:colcon.colcon_core.shell:Creating environment hook '/home/legacy/tutorials_ros2_ws/install/more_interfaces/share/more_interfaces/hook/cmake_prefix_path.sh'
[29.188s] Level 1:colcon.colcon_core.environment:checking '/home/legacy/tutorials_ros2_ws/install/more_interfaces/lib'
[29.189s] Level 1:colcon.colcon_core.shell:create_environment_hook('more_interfaces', 'ld_library_path_lib')
[29.191s] INFO:colcon.colcon_core.shell:Creating environment hook '/home/legacy/tutorials_ros2_ws/install/more_interfaces/share/more_interfaces/hook/ld_library_path_lib.ps1'
[29.192s] INFO:colcon.colcon_core.shell:Creating environment descriptor '/home/legacy/tutorials_ros2_ws/install/more_interfaces/share/more_interfaces/hook/ld_library_path_lib.dsv'
[29.193s] INFO:colcon.colcon_core.shell:Creating environment hook '/home/legacy/tutorials_ros2_ws/install/more_interfaces/share/more_interfaces/hook/ld_library_path_lib.sh'
[29.194s] Level 1:colcon.colcon_core.environment:checking '/home/legacy/tutorials_ros2_ws/install/more_interfaces/bin'
[29.194s] Level 1:colcon.colcon_core.environment:checking '/home/legacy/tutorials_ros2_ws/install/more_interfaces/lib/pkgconfig/more_interfaces.pc'
[29.195s] Level 1:colcon.colcon_core.environment:checking '/home/legacy/tutorials_ros2_ws/install/more_interfaces/lib/python3.8/site-packages'
[29.195s] Level 1:colcon.colcon_core.shell:create_environment_hook('more_interfaces', 'pythonpath')
[29.197s] INFO:colcon.colcon_core.shell:Creating environment hook '/home/legacy/tutorials_ros2_ws/install/more_interfaces/share/more_interfaces/hook/pythonpath.ps1'
[29.198s] INFO:colcon.colcon_core.shell:Creating environment descriptor '/home/legacy/tutorials_ros2_ws/install/more_interfaces/share/more_interfaces/hook/pythonpath.dsv'
[29.199s] INFO:colcon.colcon_core.shell:Creating environment hook '/home/legacy/tutorials_ros2_ws/install/more_interfaces/share/more_interfaces/hook/pythonpath.sh'
[29.203s] INFO:colcon.colcon_core.shell:Creating package script '/home/legacy/tutorials_ros2_ws/install/more_interfaces/share/more_interfaces/package.ps1'
[29.206s] INFO:colcon.colcon_core.shell:Creating package descriptor '/home/legacy/tutorials_ros2_ws/install/more_interfaces/share/more_interfaces/package.dsv'
[29.209s] INFO:colcon.colcon_core.shell:Creating package script '/home/legacy/tutorials_ros2_ws/install/more_interfaces/share/more_interfaces/package.sh'
[29.212s] INFO:colcon.colcon_core.shell:Creating package script '/home/legacy/tutorials_ros2_ws/install/more_interfaces/share/more_interfaces/package.bash'
[29.215s] INFO:colcon.colcon_core.shell:Creating package script '/home/legacy/tutorials_ros2_ws/install/more_interfaces/share/more_interfaces/package.zsh'
[29.218s] Level 1:colcon.colcon_core.environment:create_file_with_runtime_dependencies(/home/legacy/tutorials_ros2_ws/install/more_interfaces/share/colcon-core/packages/more_interfaces)
[29.409s] Level 1:colcon.colcon_core.environment:create_environment_scripts_only(more_interfaces)
[29.412s] Level 1:colcon.colcon_core.environment:checking '/home/legacy/tutorials_ros2_ws/install/more_interfaces' for CMake module files
[29.415s] Level 1:colcon.colcon_core.environment:checking '/home/legacy/tutorials_ros2_ws/install/more_interfaces' for CMake config files
[29.417s] Level 1:colcon.colcon_core.shell:create_environment_hook('more_interfaces', 'cmake_prefix_path')
[29.418s] INFO:colcon.colcon_core.shell:Creating environment hook '/home/legacy/tutorials_ros2_ws/install/more_interfaces/share/more_interfaces/hook/cmake_prefix_path.ps1'
[29.420s] INFO:colcon.colcon_core.shell:Creating environment descriptor '/home/legacy/tutorials_ros2_ws/install/more_interfaces/share/more_interfaces/hook/cmake_prefix_path.dsv'
[29.421s] INFO:colcon.colcon_core.shell:Creating environment hook '/home/legacy/tutorials_ros2_ws/install/more_interfaces/share/more_interfaces/hook/cmake_prefix_path.sh'
[29.424s] Level 1:colcon.colcon_core.environment:checking '/home/legacy/tutorials_ros2_ws/install/more_interfaces/lib'
[29.424s] Level 1:colcon.colcon_core.shell:create_environment_hook('more_interfaces', 'ld_library_path_lib')
[29.426s] INFO:colcon.colcon_core.shell:Creating environment hook '/home/legacy/tutorials_ros2_ws/install/more_interfaces/share/more_interfaces/hook/ld_library_path_lib.ps1'
[29.427s] INFO:colcon.colcon_core.shell:Creating environment descriptor '/home/legacy/tutorials_ros2_ws/install/more_interfaces/share/more_interfaces/hook/ld_library_path_lib.dsv'
[29.429s] INFO:colcon.colcon_core.shell:Creating environment hook '/home/legacy/tutorials_ros2_ws/install/more_interfaces/share/more_interfaces/hook/ld_library_path_lib.sh'
[29.430s] Level 1:colcon.colcon_core.environment:checking '/home/legacy/tutorials_ros2_ws/install/more_interfaces/bin'
[29.430s] Level 1:colcon.colcon_core.environment:checking '/home/legacy/tutorials_ros2_ws/install/more_interfaces/lib/pkgconfig/more_interfaces.pc'
[29.431s] Level 1:colcon.colcon_core.environment:checking '/home/legacy/tutorials_ros2_ws/install/more_interfaces/lib/python3.8/site-packages'
[29.431s] Level 1:colcon.colcon_core.shell:create_environment_hook('more_interfaces', 'pythonpath')
[29.433s] INFO:colcon.colcon_core.shell:Creating environment hook '/home/legacy/tutorials_ros2_ws/install/more_interfaces/share/more_interfaces/hook/pythonpath.ps1'
[29.434s] INFO:colcon.colcon_core.shell:Creating environment descriptor '/home/legacy/tutorials_ros2_ws/install/more_interfaces/share/more_interfaces/hook/pythonpath.dsv'
[29.435s] INFO:colcon.colcon_core.shell:Creating environment hook '/home/legacy/tutorials_ros2_ws/install/more_interfaces/share/more_interfaces/hook/pythonpath.sh'
[29.439s] INFO:colcon.colcon_core.shell:Creating package script '/home/legacy/tutorials_ros2_ws/install/more_interfaces/share/more_interfaces/package.ps1'
[29.441s] INFO:colcon.colcon_core.shell:Creating package descriptor '/home/legacy/tutorials_ros2_ws/install/more_interfaces/share/more_interfaces/package.dsv'
[29.443s] INFO:colcon.colcon_core.shell:Creating package script '/home/legacy/tutorials_ros2_ws/install/more_interfaces/share/more_interfaces/package.sh'
[29.445s] INFO:colcon.colcon_core.shell:Creating package script '/home/legacy/tutorials_ros2_ws/install/more_interfaces/share/more_interfaces/package.bash'
[29.446s] INFO:colcon.colcon_core.shell:Creating package script '/home/legacy/tutorials_ros2_ws/install/more_interfaces/share/more_interfaces/package.zsh'
[29.447s] Level 1:colcon.colcon_core.environment:create_file_with_runtime_dependencies(/home/legacy/tutorials_ros2_ws/install/more_interfaces/share/colcon-core/packages/more_interfaces)
[29.448s] DEBUG:colcon.colcon_parallel_executor.executor.parallel:closing loop
[29.450s] DEBUG:colcon.colcon_parallel_executor.executor.parallel:loop closed
[29.450s] DEBUG:colcon.colcon_parallel_executor.executor.parallel:run_until_complete finished with '0'
[29.450s] DEBUG:colcon.colcon_core.event_reactor:joining thread
[29.476s] INFO:colcon.colcon_core.plugin_system:Skipping extension 'colcon_notification.desktop_notification.terminal_notifier': Not used on non-Darwin systems
[29.477s] INFO:colcon.colcon_core.plugin_system:Skipping extension 'colcon_notification.desktop_notification.win32': Not used on non-Windows systems
[29.477s] INFO:colcon.colcon_notification.desktop_notification:Sending desktop notification using 'notify2'
[29.537s] DEBUG:colcon.colcon_core.event_reactor:joined thread
[29.539s] INFO:colcon.colcon_core.shell:Creating prefix script '/home/legacy/tutorials_ros2_ws/install/local_setup.ps1'
[29.542s] INFO:colcon.colcon_core.shell:Creating prefix util module '/home/legacy/tutorials_ros2_ws/install/_local_setup_util_ps1.py'
[29.547s] INFO:colcon.colcon_core.shell:Creating prefix chain script '/home/legacy/tutorials_ros2_ws/install/setup.ps1'
[29.555s] INFO:colcon.colcon_core.shell:Creating prefix script '/home/legacy/tutorials_ros2_ws/install/local_setup.sh'
[29.557s] INFO:colcon.colcon_core.shell:Creating prefix util module '/home/legacy/tutorials_ros2_ws/install/_local_setup_util_sh.py'
[29.558s] INFO:colcon.colcon_core.shell:Creating prefix chain script '/home/legacy/tutorials_ros2_ws/install/setup.sh'
[29.566s] INFO:colcon.colcon_core.shell:Creating prefix script '/home/legacy/tutorials_ros2_ws/install/local_setup.bash'
[29.568s] INFO:colcon.colcon_core.shell:Creating prefix chain script '/home/legacy/tutorials_ros2_ws/install/setup.bash'
[29.575s] INFO:colcon.colcon_core.shell:Creating prefix script '/home/legacy/tutorials_ros2_ws/install/local_setup.zsh'
[29.577s] INFO:colcon.colcon_core.shell:Creating prefix chain script '/home/legacy/tutorials_ros2_ws/install/setup.zsh'
