[0.207s] Invoking command in '/home/legacy/tutorials_ros2_ws/src/learning_tf2_py': PYTHONPATH=/home/legacy/tutorials_ros2_ws/install/learning_tf2_py/lib/python3.8/site-packages:${PYTHONPATH} /usr/bin/python3 setup.py egg_info --egg-base ../../build/learning_tf2_py build --build-base /home/legacy/tutorials_ros2_ws/build/learning_tf2_py/build install --prefix /home/legacy/tutorials_ros2_ws/install/learning_tf2_py --record /home/legacy/tutorials_ros2_ws/build/learning_tf2_py/install.log --single-version-externally-managed
[0.384s] running egg_info
[0.384s] writing ../../build/learning_tf2_py/learning_tf2_py.egg-info/PKG-INFO
[0.385s] writing dependency_links to ../../build/learning_tf2_py/learning_tf2_py.egg-info/dependency_links.txt
[0.385s] writing entry points to ../../build/learning_tf2_py/learning_tf2_py.egg-info/entry_points.txt
[0.385s] writing requirements to ../../build/learning_tf2_py/learning_tf2_py.egg-info/requires.txt
[0.385s] writing top-level names to ../../build/learning_tf2_py/learning_tf2_py.egg-info/top_level.txt
[0.414s] reading manifest file '../../build/learning_tf2_py/learning_tf2_py.egg-info/SOURCES.txt'
[0.414s] writing manifest file '../../build/learning_tf2_py/learning_tf2_py.egg-info/SOURCES.txt'
[0.414s] running build
[0.415s] running build_py
[0.415s] running install
[0.415s] running install_lib
[0.416s] running install_data
[0.417s] running install_egg_info
[0.418s] removing '/home/legacy/tutorials_ros2_ws/install/learning_tf2_py/lib/python3.8/site-packages/learning_tf2_py-0.0.0-py3.8.egg-info' (and everything under it)
[0.418s] Copying ../../build/learning_tf2_py/learning_tf2_py.egg-info to /home/legacy/tutorials_ros2_ws/install/learning_tf2_py/lib/python3.8/site-packages/learning_tf2_py-0.0.0-py3.8.egg-info
[0.419s] running install_scripts
[0.433s] Installing static_turtle_tf2_broadcaster script to /home/legacy/tutorials_ros2_ws/install/learning_tf2_py/lib/learning_tf2_py
[0.433s] Installing turtle_tf2_broadcaster script to /home/legacy/tutorials_ros2_ws/install/learning_tf2_py/lib/learning_tf2_py
[0.433s] writing list of installed files to '/home/legacy/tutorials_ros2_ws/build/learning_tf2_py/install.log'
[0.449s] Invoked command in '/home/legacy/tutorials_ros2_ws/src/learning_tf2_py' returned '0': PYTHONPATH=/home/legacy/tutorials_ros2_ws/install/learning_tf2_py/lib/python3.8/site-packages:${PYTHONPATH} /usr/bin/python3 setup.py egg_info --egg-base ../../build/learning_tf2_py build --build-base /home/legacy/tutorials_ros2_ws/build/learning_tf2_py/build install --prefix /home/legacy/tutorials_ros2_ws/install/learning_tf2_py --record /home/legacy/tutorials_ros2_ws/build/learning_tf2_py/install.log --single-version-externally-managed
