[0.028s] Invoking command in '/home/legacy/tutorials_ros2_ws/build/cpp_pubsub': CMAKE_PREFIX_PATH=${CMAKE_PREFIX_PATH}:/home/legacy/tutorials_ros2_ws/install/py_srvcli:/opt/ros/foxy /usr/bin/cmake --build /home/legacy/tutorials_ros2_ws/build/cpp_pubsub -- -j8 -l8
[0.116s] [ 50%] Built target talker
[0.119s] [100%] Built target listener
[0.298s] Invoked command in '/home/legacy/tutorials_ros2_ws/build/cpp_pubsub' returned '0': CMAKE_PREFIX_PATH=${CMAKE_PREFIX_PATH}:/home/legacy/tutorials_ros2_ws/install/py_srvcli:/opt/ros/foxy /usr/bin/cmake --build /home/legacy/tutorials_ros2_ws/build/cpp_pubsub -- -j8 -l8
[0.345s] Invoking command in '/home/legacy/tutorials_ros2_ws/build/cpp_pubsub': CMAKE_PREFIX_PATH=${CMAKE_PREFIX_PATH}:/home/legacy/tutorials_ros2_ws/install/py_srvcli:/opt/ros/foxy /usr/bin/cmake --install /home/legacy/tutorials_ros2_ws/build/cpp_pubsub
[0.357s] -- Install configuration: ""
[0.357s] -- Up-to-date: /home/legacy/tutorials_ros2_ws/install/cpp_pubsub/lib/cpp_pubsub/talker
[0.357s] -- Up-to-date: /home/legacy/tutorials_ros2_ws/install/cpp_pubsub/lib/cpp_pubsub/listener
[0.358s] -- Up-to-date: /home/legacy/tutorials_ros2_ws/install/cpp_pubsub/share/ament_index/resource_index/package_run_dependencies/cpp_pubsub
[0.358s] -- Up-to-date: /home/legacy/tutorials_ros2_ws/install/cpp_pubsub/share/ament_index/resource_index/parent_prefix_path/cpp_pubsub
[0.358s] -- Up-to-date: /home/legacy/tutorials_ros2_ws/install/cpp_pubsub/share/cpp_pubsub/environment/ament_prefix_path.sh
[0.358s] -- Up-to-date: /home/legacy/tutorials_ros2_ws/install/cpp_pubsub/share/cpp_pubsub/environment/ament_prefix_path.dsv
[0.359s] -- Up-to-date: /home/legacy/tutorials_ros2_ws/install/cpp_pubsub/share/cpp_pubsub/environment/path.sh
[0.359s] -- Up-to-date: /home/legacy/tutorials_ros2_ws/install/cpp_pubsub/share/cpp_pubsub/environment/path.dsv
[0.359s] -- Up-to-date: /home/legacy/tutorials_ros2_ws/install/cpp_pubsub/share/cpp_pubsub/local_setup.bash
[0.359s] -- Up-to-date: /home/legacy/tutorials_ros2_ws/install/cpp_pubsub/share/cpp_pubsub/local_setup.sh
[0.359s] -- Up-to-date: /home/legacy/tutorials_ros2_ws/install/cpp_pubsub/share/cpp_pubsub/local_setup.zsh
[0.359s] -- Up-to-date: /home/legacy/tutorials_ros2_ws/install/cpp_pubsub/share/cpp_pubsub/local_setup.dsv
[0.359s] -- Installing: /home/legacy/tutorials_ros2_ws/install/cpp_pubsub/share/cpp_pubsub/package.dsv
[0.359s] -- Up-to-date: /home/legacy/tutorials_ros2_ws/install/cpp_pubsub/share/ament_index/resource_index/packages/cpp_pubsub
[0.359s] -- Up-to-date: /home/legacy/tutorials_ros2_ws/install/cpp_pubsub/share/cpp_pubsub/cmake/cpp_pubsubConfig.cmake
[0.360s] -- Up-to-date: /home/legacy/tutorials_ros2_ws/install/cpp_pubsub/share/cpp_pubsub/cmake/cpp_pubsubConfig-version.cmake
[0.360s] -- Up-to-date: /home/legacy/tutorials_ros2_ws/install/cpp_pubsub/share/cpp_pubsub/package.xml
[0.361s] Invoked command in '/home/legacy/tutorials_ros2_ws/build/cpp_pubsub' returned '0': CMAKE_PREFIX_PATH=${CMAKE_PREFIX_PATH}:/home/legacy/tutorials_ros2_ws/install/py_srvcli:/opt/ros/foxy /usr/bin/cmake --install /home/legacy/tutorials_ros2_ws/build/cpp_pubsub
