[0.286s] DEBUG:colcon:Command line arguments: ['/usr/bin/colcon', 'build']
[0.286s] DEBUG:colcon:Parsed command line arguments: Namespace(ament_cmake_args=None, base_paths=['.'], build_base='build', catkin_cmake_args=None, catkin_skip_building_tests=False, cmake_args=None, cmake_clean_cache=False, cmake_clean_first=False, cmake_force_configure=False, cmake_target=None, cmake_target_skip_unavailable=False, continue_on_error=False, event_handlers=None, executor='parallel', ignore_user_meta=False, install_base='install', log_base=None, log_level=None, main=<bound method BuildVerb.main of <colcon_core.verb.build.BuildVerb object at 0x7f17fcbda520>>, merge_install=False, metas=['./colcon.meta'], mixin=None, mixin_files=None, mixin_verb=('build',), packages_above=None, packages_above_and_dependencies=None, packages_above_depth=None, packages_end=None, packages_ignore=None, packages_ignore_regex=None, packages_select=None, packages_select_build_failed=False, packages_select_by_dep=None, packages_select_regex=None, packages_select_test_failures=False, packages_skip=None, packages_skip_build_finished=False, packages_skip_by_dep=None, packages_skip_regex=None, packages_skip_test_passed=False, packages_skip_up_to=None, packages_start=None, packages_up_to=None, packages_up_to_regex=None, parallel_workers=8, paths=None, symlink_install=False, test_result_base=None, verb_extension=<colcon_core.verb.build.BuildVerb object at 0x7f17fcbda520>, verb_name='build', verb_parser=<colcon_mixin.mixin.mixin_argument.MixinArgumentDecorator object at 0x7f17fcbdab80>)
[0.291s] Level 1:colcon.colcon_core.package_discovery:discover_packages(colcon_meta) check parameters
[0.291s] Level 1:colcon.colcon_core.package_discovery:discover_packages(recursive) check parameters
[0.291s] Level 1:colcon.colcon_core.package_discovery:discover_packages(ignore) check parameters
[0.291s] Level 1:colcon.colcon_core.package_discovery:discover_packages(path) check parameters
[0.291s] Level 1:colcon.colcon_core.package_discovery:discover_packages(colcon_meta) discover
[0.291s] Level 1:colcon.colcon_core.package_discovery:discover_packages(recursive) discover
[0.291s] INFO:colcon.colcon_core.package_discovery:Crawling recursively for packages in '/home/legacy/tutorials_ros2_ws'
[0.291s] Level 1:colcon.colcon_core.package_identification:_identify(.) by extensions ['ignore', 'ignore_ament_install']
[0.291s] Level 1:colcon.colcon_core.package_identification:_identify(.) by extension 'ignore'
[0.291s] Level 1:colcon.colcon_core.package_identification:_identify(.) by extension 'ignore_ament_install'
[0.291s] Level 1:colcon.colcon_core.package_identification:_identify(.) by extensions ['colcon_pkg']
[0.291s] Level 1:colcon.colcon_core.package_identification:_identify(.) by extension 'colcon_pkg'
[0.291s] Level 1:colcon.colcon_core.package_identification:_identify(.) by extensions ['colcon_meta']
[0.291s] Level 1:colcon.colcon_core.package_identification:_identify(.) by extension 'colcon_meta'
[0.291s] Level 1:colcon.colcon_core.package_identification:_identify(.) by extensions ['ros']
[0.291s] Level 1:colcon.colcon_core.package_identification:_identify(.) by extension 'ros'
[0.302s] Level 1:colcon.colcon_core.package_identification:_identify(.) by extensions ['cmake', 'python']
[0.302s] Level 1:colcon.colcon_core.package_identification:_identify(.) by extension 'cmake'
[0.302s] Level 1:colcon.colcon_core.package_identification:_identify(.) by extension 'python'
[0.302s] Level 1:colcon.colcon_core.package_identification:_identify(.) by extensions ['python_setup_py']
[0.302s] Level 1:colcon.colcon_core.package_identification:_identify(.) by extension 'python_setup_py'
[0.302s] Level 1:colcon.colcon_core.package_identification:_identify(build) by extensions ['ignore', 'ignore_ament_install']
[0.302s] Level 1:colcon.colcon_core.package_identification:_identify(build) by extension 'ignore'
[0.302s] Level 1:colcon.colcon_core.package_identification:_identify(build) ignored
[0.302s] Level 1:colcon.colcon_core.package_identification:_identify(install) by extensions ['ignore', 'ignore_ament_install']
[0.302s] Level 1:colcon.colcon_core.package_identification:_identify(install) by extension 'ignore'
[0.303s] Level 1:colcon.colcon_core.package_identification:_identify(install) ignored
[0.303s] Level 1:colcon.colcon_core.package_identification:_identify(log) by extensions ['ignore', 'ignore_ament_install']
[0.303s] Level 1:colcon.colcon_core.package_identification:_identify(log) by extension 'ignore'
[0.303s] Level 1:colcon.colcon_core.package_identification:_identify(log) ignored
[0.303s] Level 1:colcon.colcon_core.package_identification:_identify(src) by extensions ['ignore', 'ignore_ament_install']
[0.303s] Level 1:colcon.colcon_core.package_identification:_identify(src) by extension 'ignore'
[0.303s] Level 1:colcon.colcon_core.package_identification:_identify(src) by extension 'ignore_ament_install'
[0.303s] Level 1:colcon.colcon_core.package_identification:_identify(src) by extensions ['colcon_pkg']
[0.303s] Level 1:colcon.colcon_core.package_identification:_identify(src) by extension 'colcon_pkg'
[0.303s] Level 1:colcon.colcon_core.package_identification:_identify(src) by extensions ['colcon_meta']
[0.303s] Level 1:colcon.colcon_core.package_identification:_identify(src) by extension 'colcon_meta'
[0.303s] Level 1:colcon.colcon_core.package_identification:_identify(src) by extensions ['ros']
[0.303s] Level 1:colcon.colcon_core.package_identification:_identify(src) by extension 'ros'
[0.303s] Level 1:colcon.colcon_core.package_identification:_identify(src) by extensions ['cmake', 'python']
[0.303s] Level 1:colcon.colcon_core.package_identification:_identify(src) by extension 'cmake'
[0.303s] Level 1:colcon.colcon_core.package_identification:_identify(src) by extension 'python'
[0.303s] Level 1:colcon.colcon_core.package_identification:_identify(src) by extensions ['python_setup_py']
[0.303s] Level 1:colcon.colcon_core.package_identification:_identify(src) by extension 'python_setup_py'
[0.303s] Level 1:colcon.colcon_core.package_identification:_identify(src/cpp_pubsub) by extensions ['ignore', 'ignore_ament_install']
[0.304s] Level 1:colcon.colcon_core.package_identification:_identify(src/cpp_pubsub) by extension 'ignore'
[0.304s] Level 1:colcon.colcon_core.package_identification:_identify(src/cpp_pubsub) by extension 'ignore_ament_install'
[0.304s] Level 1:colcon.colcon_core.package_identification:_identify(src/cpp_pubsub) by extensions ['colcon_pkg']
[0.304s] Level 1:colcon.colcon_core.package_identification:_identify(src/cpp_pubsub) by extension 'colcon_pkg'
[0.304s] Level 1:colcon.colcon_core.package_identification:_identify(src/cpp_pubsub) by extensions ['colcon_meta']
[0.304s] Level 1:colcon.colcon_core.package_identification:_identify(src/cpp_pubsub) by extension 'colcon_meta'
[0.304s] Level 1:colcon.colcon_core.package_identification:_identify(src/cpp_pubsub) by extensions ['ros']
[0.304s] Level 1:colcon.colcon_core.package_identification:_identify(src/cpp_pubsub) by extension 'ros'
[0.306s] DEBUG:colcon.colcon_core.package_identification:Package 'src/cpp_pubsub' with type 'ros.ament_cmake' and name 'cpp_pubsub'
[0.306s] Level 1:colcon.colcon_core.package_identification:_identify(src/cpp_srvcli) by extensions ['ignore', 'ignore_ament_install']
[0.306s] Level 1:colcon.colcon_core.package_identification:_identify(src/cpp_srvcli) by extension 'ignore'
[0.306s] Level 1:colcon.colcon_core.package_identification:_identify(src/cpp_srvcli) by extension 'ignore_ament_install'
[0.306s] Level 1:colcon.colcon_core.package_identification:_identify(src/cpp_srvcli) by extensions ['colcon_pkg']
[0.306s] Level 1:colcon.colcon_core.package_identification:_identify(src/cpp_srvcli) by extension 'colcon_pkg'
[0.306s] Level 1:colcon.colcon_core.package_identification:_identify(src/cpp_srvcli) by extensions ['colcon_meta']
[0.306s] Level 1:colcon.colcon_core.package_identification:_identify(src/cpp_srvcli) by extension 'colcon_meta'
[0.306s] Level 1:colcon.colcon_core.package_identification:_identify(src/cpp_srvcli) by extensions ['ros']
[0.306s] Level 1:colcon.colcon_core.package_identification:_identify(src/cpp_srvcli) by extension 'ros'
[0.307s] DEBUG:colcon.colcon_core.package_identification:Package 'src/cpp_srvcli' with type 'ros.ament_cmake' and name 'cpp_srvcli'
[0.307s] Level 1:colcon.colcon_core.package_identification:_identify(src/py_srvcli) by extensions ['ignore', 'ignore_ament_install']
[0.307s] Level 1:colcon.colcon_core.package_identification:_identify(src/py_srvcli) by extension 'ignore'
[0.307s] Level 1:colcon.colcon_core.package_identification:_identify(src/py_srvcli) by extension 'ignore_ament_install'
[0.307s] Level 1:colcon.colcon_core.package_identification:_identify(src/py_srvcli) by extensions ['colcon_pkg']
[0.307s] Level 1:colcon.colcon_core.package_identification:_identify(src/py_srvcli) by extension 'colcon_pkg'
[0.307s] Level 1:colcon.colcon_core.package_identification:_identify(src/py_srvcli) by extensions ['colcon_meta']
[0.307s] Level 1:colcon.colcon_core.package_identification:_identify(src/py_srvcli) by extension 'colcon_meta'
[0.307s] Level 1:colcon.colcon_core.package_identification:_identify(src/py_srvcli) by extensions ['ros']
[0.307s] Level 1:colcon.colcon_core.package_identification:_identify(src/py_srvcli) by extension 'ros'
[0.308s] DEBUG:colcon.colcon_core.package_identification:Package 'src/py_srvcli' with type 'ros.ament_python' and name 'py_srvcli'
[0.308s] Level 1:colcon.colcon_core.package_discovery:discover_packages(recursive) using defaults
[0.308s] Level 1:colcon.colcon_core.package_discovery:discover_packages(ignore) discover
[0.308s] Level 1:colcon.colcon_core.package_discovery:discover_packages(ignore) using defaults
[0.308s] Level 1:colcon.colcon_core.package_discovery:discover_packages(path) discover
[0.308s] Level 1:colcon.colcon_core.package_discovery:discover_packages(path) using defaults
[0.325s] Level 5:colcon.colcon_core.verb:set package 'cpp_pubsub' build argument 'cmake_args' from command line to 'None'
[0.325s] Level 5:colcon.colcon_core.verb:set package 'cpp_pubsub' build argument 'cmake_target' from command line to 'None'
[0.325s] Level 5:colcon.colcon_core.verb:set package 'cpp_pubsub' build argument 'cmake_target_skip_unavailable' from command line to 'False'
[0.325s] Level 5:colcon.colcon_core.verb:set package 'cpp_pubsub' build argument 'cmake_clean_cache' from command line to 'False'
[0.325s] Level 5:colcon.colcon_core.verb:set package 'cpp_pubsub' build argument 'cmake_clean_first' from command line to 'False'
[0.325s] Level 5:colcon.colcon_core.verb:set package 'cpp_pubsub' build argument 'cmake_force_configure' from command line to 'False'
[0.325s] Level 5:colcon.colcon_core.verb:set package 'cpp_pubsub' build argument 'ament_cmake_args' from command line to 'None'
[0.326s] Level 5:colcon.colcon_core.verb:set package 'cpp_pubsub' build argument 'catkin_cmake_args' from command line to 'None'
[0.326s] Level 5:colcon.colcon_core.verb:set package 'cpp_pubsub' build argument 'catkin_skip_building_tests' from command line to 'False'
[0.326s] DEBUG:colcon.colcon_core.verb:Building package 'cpp_pubsub' with the following arguments: {'ament_cmake_args': None, 'build_base': '/home/legacy/tutorials_ros2_ws/build/cpp_pubsub', 'catkin_cmake_args': None, 'catkin_skip_building_tests': False, 'cmake_args': None, 'cmake_clean_cache': False, 'cmake_clean_first': False, 'cmake_force_configure': False, 'cmake_target': None, 'cmake_target_skip_unavailable': False, 'install_base': '/home/legacy/tutorials_ros2_ws/install/cpp_pubsub', 'merge_install': False, 'path': '/home/legacy/tutorials_ros2_ws/src/cpp_pubsub', 'symlink_install': False, 'test_result_base': None}
[0.328s] Level 5:colcon.colcon_core.verb:set package 'cpp_srvcli' build argument 'cmake_args' from command line to 'None'
[0.328s] Level 5:colcon.colcon_core.verb:set package 'cpp_srvcli' build argument 'cmake_target' from command line to 'None'
[0.328s] Level 5:colcon.colcon_core.verb:set package 'cpp_srvcli' build argument 'cmake_target_skip_unavailable' from command line to 'False'
[0.328s] Level 5:colcon.colcon_core.verb:set package 'cpp_srvcli' build argument 'cmake_clean_cache' from command line to 'False'
[0.328s] Level 5:colcon.colcon_core.verb:set package 'cpp_srvcli' build argument 'cmake_clean_first' from command line to 'False'
[0.328s] Level 5:colcon.colcon_core.verb:set package 'cpp_srvcli' build argument 'cmake_force_configure' from command line to 'False'
[0.328s] Level 5:colcon.colcon_core.verb:set package 'cpp_srvcli' build argument 'ament_cmake_args' from command line to 'None'
[0.328s] Level 5:colcon.colcon_core.verb:set package 'cpp_srvcli' build argument 'catkin_cmake_args' from command line to 'None'
[0.328s] Level 5:colcon.colcon_core.verb:set package 'cpp_srvcli' build argument 'catkin_skip_building_tests' from command line to 'False'
[0.328s] DEBUG:colcon.colcon_core.verb:Building package 'cpp_srvcli' with the following arguments: {'ament_cmake_args': None, 'build_base': '/home/legacy/tutorials_ros2_ws/build/cpp_srvcli', 'catkin_cmake_args': None, 'catkin_skip_building_tests': False, 'cmake_args': None, 'cmake_clean_cache': False, 'cmake_clean_first': False, 'cmake_force_configure': False, 'cmake_target': None, 'cmake_target_skip_unavailable': False, 'install_base': '/home/legacy/tutorials_ros2_ws/install/cpp_srvcli', 'merge_install': False, 'path': '/home/legacy/tutorials_ros2_ws/src/cpp_srvcli', 'symlink_install': False, 'test_result_base': None}
[0.330s] Level 5:colcon.colcon_core.verb:set package 'py_srvcli' build argument 'cmake_args' from command line to 'None'
[0.330s] Level 5:colcon.colcon_core.verb:set package 'py_srvcli' build argument 'cmake_target' from command line to 'None'
[0.330s] Level 5:colcon.colcon_core.verb:set package 'py_srvcli' build argument 'cmake_target_skip_unavailable' from command line to 'False'
[0.330s] Level 5:colcon.colcon_core.verb:set package 'py_srvcli' build argument 'cmake_clean_cache' from command line to 'False'
[0.330s] Level 5:colcon.colcon_core.verb:set package 'py_srvcli' build argument 'cmake_clean_first' from command line to 'False'
[0.330s] Level 5:colcon.colcon_core.verb:set package 'py_srvcli' build argument 'cmake_force_configure' from command line to 'False'
[0.330s] Level 5:colcon.colcon_core.verb:set package 'py_srvcli' build argument 'ament_cmake_args' from command line to 'None'
[0.330s] Level 5:colcon.colcon_core.verb:set package 'py_srvcli' build argument 'catkin_cmake_args' from command line to 'None'
[0.330s] Level 5:colcon.colcon_core.verb:set package 'py_srvcli' build argument 'catkin_skip_building_tests' from command line to 'False'
[0.330s] DEBUG:colcon.colcon_core.verb:Building package 'py_srvcli' with the following arguments: {'ament_cmake_args': None, 'build_base': '/home/legacy/tutorials_ros2_ws/build/py_srvcli', 'catkin_cmake_args': None, 'catkin_skip_building_tests': False, 'cmake_args': None, 'cmake_clean_cache': False, 'cmake_clean_first': False, 'cmake_force_configure': False, 'cmake_target': None, 'cmake_target_skip_unavailable': False, 'install_base': '/home/legacy/tutorials_ros2_ws/install/py_srvcli', 'merge_install': False, 'path': '/home/legacy/tutorials_ros2_ws/src/py_srvcli', 'symlink_install': False, 'test_result_base': None}
[0.331s] INFO:colcon.colcon_core.executor:Executing jobs using 'parallel' executor
[0.332s] DEBUG:colcon.colcon_parallel_executor.executor.parallel:run_until_complete
[0.332s] INFO:colcon.colcon_ros.task.ament_cmake.build:Building ROS package in '/home/legacy/tutorials_ros2_ws/src/cpp_pubsub' with build type 'ament_cmake'
[0.333s] INFO:colcon.colcon_cmake.task.cmake.build:Building CMake package in '/home/legacy/tutorials_ros2_ws/src/cpp_pubsub'
[0.337s] INFO:colcon.colcon_core.plugin_system:Skipping extension 'colcon_core.shell.bat': Not used on non-Windows systems
[0.337s] INFO:colcon.colcon_core.shell:Skip shell extension 'powershell' for command environment: Not usable outside of PowerShell
[0.337s] DEBUG:colcon.colcon_core.shell:Skip shell extension 'dsv' for command environment
[0.339s] DEBUG:colcon.colcon_core.shell:Ignoring prefix path '/opt/ros/foxy'
[0.341s] INFO:colcon.colcon_ros.task.ament_cmake.build:Building ROS package in '/home/legacy/tutorials_ros2_ws/src/cpp_srvcli' with build type 'ament_cmake'
[0.342s] INFO:colcon.colcon_cmake.task.cmake.build:Building CMake package in '/home/legacy/tutorials_ros2_ws/src/cpp_srvcli'
[0.343s] INFO:colcon.colcon_core.shell:Skip shell extension 'powershell' for command environment: Not usable outside of PowerShell
[0.343s] DEBUG:colcon.colcon_core.shell:Skip shell extension 'dsv' for command environment
[0.345s] DEBUG:colcon.colcon_core.shell:Ignoring prefix path '/opt/ros/foxy'
[0.347s] INFO:colcon.colcon_ros.task.ament_python.build:Building ROS package in '/home/legacy/tutorials_ros2_ws/src/py_srvcli' with build type 'ament_python'
[0.348s] Level 1:colcon.colcon_core.shell:create_environment_hook('py_srvcli', 'ament_prefix_path')
[0.349s] INFO:colcon.colcon_core.shell:Creating environment hook '/home/legacy/tutorials_ros2_ws/install/py_srvcli/share/py_srvcli/hook/ament_prefix_path.ps1'
[0.349s] INFO:colcon.colcon_core.shell:Creating environment descriptor '/home/legacy/tutorials_ros2_ws/install/py_srvcli/share/py_srvcli/hook/ament_prefix_path.dsv'
[0.350s] INFO:colcon.colcon_core.shell:Creating environment hook '/home/legacy/tutorials_ros2_ws/install/py_srvcli/share/py_srvcli/hook/ament_prefix_path.sh'
[0.351s] INFO:colcon.colcon_core.shell:Skip shell extension 'powershell' for command environment: Not usable outside of PowerShell
[0.351s] DEBUG:colcon.colcon_core.shell:Skip shell extension 'dsv' for command environment
[0.352s] DEBUG:colcon.colcon_core.shell:Ignoring prefix path '/opt/ros/foxy'
[0.361s] DEBUG:colcon.colcon_core.event_handler.log_command:Invoking command in '/home/legacy/tutorials_ros2_ws/build/cpp_pubsub': CMAKE_PREFIX_PATH=${CMAKE_PREFIX_PATH}:/home/legacy/tutorials_ros2_ws/install/py_srvcli:/opt/ros/foxy /usr/bin/cmake --build /home/legacy/tutorials_ros2_ws/build/cpp_pubsub -- -j8 -l8
[0.369s] DEBUG:colcon.colcon_core.event_handler.log_command:Invoking command in '/home/legacy/tutorials_ros2_ws/build/cpp_srvcli': CMAKE_PREFIX_PATH=${CMAKE_PREFIX_PATH}:/home/legacy/tutorials_ros2_ws/install/py_srvcli:/opt/ros/foxy /usr/bin/cmake --build /home/legacy/tutorials_ros2_ws/build/cpp_srvcli -- -j8 -l8
[0.623s] INFO:colcon.colcon_core.task.python.build:Building Python package in '/home/legacy/tutorials_ros2_ws/src/py_srvcli'
[0.624s] INFO:colcon.colcon_core.shell:Skip shell extension 'powershell' for command environment: Not usable outside of PowerShell
[0.624s] DEBUG:colcon.colcon_core.shell:Skip shell extension 'dsv' for command environment
[0.626s] DEBUG:colcon.colcon_core.shell:Ignoring prefix path '/opt/ros/foxy'
[0.631s] DEBUG:colcon.colcon_core.event_handler.log_command:Invoked command in '/home/legacy/tutorials_ros2_ws/build/cpp_pubsub' returned '0': CMAKE_PREFIX_PATH=${CMAKE_PREFIX_PATH}:/home/legacy/tutorials_ros2_ws/install/py_srvcli:/opt/ros/foxy /usr/bin/cmake --build /home/legacy/tutorials_ros2_ws/build/cpp_pubsub -- -j8 -l8
[0.638s] DEBUG:colcon.colcon_core.event_handler.log_command:Invoking command in '/home/legacy/tutorials_ros2_ws/src/py_srvcli': PYTHONPATH=/home/legacy/tutorials_ros2_ws/install/py_srvcli/lib/python3.8/site-packages:${PYTHONPATH} /usr/bin/python3 setup.py egg_info --egg-base ../../build/py_srvcli build --build-base /home/legacy/tutorials_ros2_ws/build/py_srvcli/build install --prefix /home/legacy/tutorials_ros2_ws/install/py_srvcli --record /home/legacy/tutorials_ros2_ws/build/py_srvcli/install.log --single-version-externally-managed
[0.641s] DEBUG:colcon.colcon_core.event_handler.log_command:Invoked command in '/home/legacy/tutorials_ros2_ws/build/cpp_srvcli' returned '0': CMAKE_PREFIX_PATH=${CMAKE_PREFIX_PATH}:/home/legacy/tutorials_ros2_ws/install/py_srvcli:/opt/ros/foxy /usr/bin/cmake --build /home/legacy/tutorials_ros2_ws/build/cpp_srvcli -- -j8 -l8
[0.678s] DEBUG:colcon.colcon_core.event_handler.log_command:Invoking command in '/home/legacy/tutorials_ros2_ws/build/cpp_pubsub': CMAKE_PREFIX_PATH=${CMAKE_PREFIX_PATH}:/home/legacy/tutorials_ros2_ws/install/py_srvcli:/opt/ros/foxy /usr/bin/cmake --install /home/legacy/tutorials_ros2_ws/build/cpp_pubsub
[0.683s] DEBUG:colcon.colcon_core.event_handler.log_command:Invoking command in '/home/legacy/tutorials_ros2_ws/build/cpp_srvcli': CMAKE_PREFIX_PATH=${CMAKE_PREFIX_PATH}:/home/legacy/tutorials_ros2_ws/install/py_srvcli:/opt/ros/foxy /usr/bin/cmake --install /home/legacy/tutorials_ros2_ws/build/cpp_srvcli
[0.694s] Level 1:colcon.colcon_core.environment:create_environment_scripts_only(cpp_pubsub)
[0.695s] DEBUG:colcon.colcon_core.event_handler.log_command:Invoked command in '/home/legacy/tutorials_ros2_ws/build/cpp_pubsub' returned '0': CMAKE_PREFIX_PATH=${CMAKE_PREFIX_PATH}:/home/legacy/tutorials_ros2_ws/install/py_srvcli:/opt/ros/foxy /usr/bin/cmake --install /home/legacy/tutorials_ros2_ws/build/cpp_pubsub
[0.703s] Level 1:colcon.colcon_core.environment:checking '/home/legacy/tutorials_ros2_ws/install/cpp_pubsub' for CMake module files
[0.704s] Level 1:colcon.colcon_core.environment:checking '/home/legacy/tutorials_ros2_ws/install/cpp_pubsub' for CMake config files
[0.704s] Level 1:colcon.colcon_core.shell:create_environment_hook('cpp_pubsub', 'cmake_prefix_path')
[0.705s] INFO:colcon.colcon_core.shell:Creating environment hook '/home/legacy/tutorials_ros2_ws/install/cpp_pubsub/share/cpp_pubsub/hook/cmake_prefix_path.ps1'
[0.706s] INFO:colcon.colcon_core.shell:Creating environment descriptor '/home/legacy/tutorials_ros2_ws/install/cpp_pubsub/share/cpp_pubsub/hook/cmake_prefix_path.dsv'
[0.707s] INFO:colcon.colcon_core.shell:Creating environment hook '/home/legacy/tutorials_ros2_ws/install/cpp_pubsub/share/cpp_pubsub/hook/cmake_prefix_path.sh'
[0.708s] Level 1:colcon.colcon_core.environment:checking '/home/legacy/tutorials_ros2_ws/install/cpp_pubsub/lib'
[0.708s] Level 1:colcon.colcon_core.environment:checking '/home/legacy/tutorials_ros2_ws/install/cpp_pubsub/bin'
[0.708s] Level 1:colcon.colcon_core.environment:checking '/home/legacy/tutorials_ros2_ws/install/cpp_pubsub/lib/pkgconfig/cpp_pubsub.pc'
[0.708s] Level 1:colcon.colcon_core.environment:checking '/home/legacy/tutorials_ros2_ws/install/cpp_pubsub/lib/python3.8/site-packages'
[0.709s] INFO:colcon.colcon_core.shell:Creating package script '/home/legacy/tutorials_ros2_ws/install/cpp_pubsub/share/cpp_pubsub/package.ps1'
[0.710s] INFO:colcon.colcon_core.shell:Creating package descriptor '/home/legacy/tutorials_ros2_ws/install/cpp_pubsub/share/cpp_pubsub/package.dsv'
[0.711s] INFO:colcon.colcon_core.shell:Creating package script '/home/legacy/tutorials_ros2_ws/install/cpp_pubsub/share/cpp_pubsub/package.sh'
[0.712s] INFO:colcon.colcon_core.shell:Creating package script '/home/legacy/tutorials_ros2_ws/install/cpp_pubsub/share/cpp_pubsub/package.bash'
[0.713s] INFO:colcon.colcon_core.shell:Creating package script '/home/legacy/tutorials_ros2_ws/install/cpp_pubsub/share/cpp_pubsub/package.zsh'
[0.714s] Level 1:colcon.colcon_core.environment:create_file_with_runtime_dependencies(/home/legacy/tutorials_ros2_ws/install/cpp_pubsub/share/colcon-core/packages/cpp_pubsub)
[0.719s] Level 1:colcon.colcon_core.environment:create_environment_scripts_only(cpp_srvcli)
[0.721s] Level 1:colcon.colcon_core.environment:checking '/home/legacy/tutorials_ros2_ws/install/cpp_srvcli' for CMake module files
[0.722s] DEBUG:colcon.colcon_core.event_handler.log_command:Invoked command in '/home/legacy/tutorials_ros2_ws/build/cpp_srvcli' returned '0': CMAKE_PREFIX_PATH=${CMAKE_PREFIX_PATH}:/home/legacy/tutorials_ros2_ws/install/py_srvcli:/opt/ros/foxy /usr/bin/cmake --install /home/legacy/tutorials_ros2_ws/build/cpp_srvcli
[0.723s] Level 1:colcon.colcon_core.environment:checking '/home/legacy/tutorials_ros2_ws/install/cpp_srvcli' for CMake config files
[0.723s] Level 1:colcon.colcon_core.shell:create_environment_hook('cpp_srvcli', 'cmake_prefix_path')
[0.724s] INFO:colcon.colcon_core.shell:Creating environment hook '/home/legacy/tutorials_ros2_ws/install/cpp_srvcli/share/cpp_srvcli/hook/cmake_prefix_path.ps1'
[0.725s] INFO:colcon.colcon_core.shell:Creating environment descriptor '/home/legacy/tutorials_ros2_ws/install/cpp_srvcli/share/cpp_srvcli/hook/cmake_prefix_path.dsv'
[0.726s] INFO:colcon.colcon_core.shell:Creating environment hook '/home/legacy/tutorials_ros2_ws/install/cpp_srvcli/share/cpp_srvcli/hook/cmake_prefix_path.sh'
[0.726s] Level 1:colcon.colcon_core.environment:checking '/home/legacy/tutorials_ros2_ws/install/cpp_srvcli/lib'
[0.727s] Level 1:colcon.colcon_core.environment:checking '/home/legacy/tutorials_ros2_ws/install/cpp_srvcli/bin'
[0.727s] Level 1:colcon.colcon_core.environment:checking '/home/legacy/tutorials_ros2_ws/install/cpp_srvcli/lib/pkgconfig/cpp_srvcli.pc'
[0.727s] Level 1:colcon.colcon_core.environment:checking '/home/legacy/tutorials_ros2_ws/install/cpp_srvcli/lib/python3.8/site-packages'
[0.728s] INFO:colcon.colcon_core.shell:Creating package script '/home/legacy/tutorials_ros2_ws/install/cpp_srvcli/share/cpp_srvcli/package.ps1'
[0.729s] INFO:colcon.colcon_core.shell:Creating package descriptor '/home/legacy/tutorials_ros2_ws/install/cpp_srvcli/share/cpp_srvcli/package.dsv'
[0.729s] INFO:colcon.colcon_core.shell:Creating package script '/home/legacy/tutorials_ros2_ws/install/cpp_srvcli/share/cpp_srvcli/package.sh'
[0.730s] INFO:colcon.colcon_core.shell:Creating package script '/home/legacy/tutorials_ros2_ws/install/cpp_srvcli/share/cpp_srvcli/package.bash'
[0.730s] INFO:colcon.colcon_core.shell:Creating package script '/home/legacy/tutorials_ros2_ws/install/cpp_srvcli/share/cpp_srvcli/package.zsh'
[0.731s] Level 1:colcon.colcon_core.environment:create_file_with_runtime_dependencies(/home/legacy/tutorials_ros2_ws/install/cpp_srvcli/share/colcon-core/packages/cpp_srvcli)
[0.746s] Level 1:colcon.colcon_core.environment:create_environment_scripts_only(cpp_pubsub)
[0.747s] Level 1:colcon.colcon_core.environment:checking '/home/legacy/tutorials_ros2_ws/install/cpp_pubsub' for CMake module files
[0.748s] Level 1:colcon.colcon_core.environment:checking '/home/legacy/tutorials_ros2_ws/install/cpp_pubsub' for CMake config files
[0.748s] Level 1:colcon.colcon_core.shell:create_environment_hook('cpp_pubsub', 'cmake_prefix_path')
[0.748s] INFO:colcon.colcon_core.shell:Creating environment hook '/home/legacy/tutorials_ros2_ws/install/cpp_pubsub/share/cpp_pubsub/hook/cmake_prefix_path.ps1'
[0.749s] INFO:colcon.colcon_core.shell:Creating environment descriptor '/home/legacy/tutorials_ros2_ws/install/cpp_pubsub/share/cpp_pubsub/hook/cmake_prefix_path.dsv'
[0.750s] INFO:colcon.colcon_core.shell:Creating environment hook '/home/legacy/tutorials_ros2_ws/install/cpp_pubsub/share/cpp_pubsub/hook/cmake_prefix_path.sh'
[0.750s] Level 1:colcon.colcon_core.environment:checking '/home/legacy/tutorials_ros2_ws/install/cpp_pubsub/lib'
[0.750s] Level 1:colcon.colcon_core.environment:checking '/home/legacy/tutorials_ros2_ws/install/cpp_pubsub/bin'
[0.750s] Level 1:colcon.colcon_core.environment:checking '/home/legacy/tutorials_ros2_ws/install/cpp_pubsub/lib/pkgconfig/cpp_pubsub.pc'
[0.751s] Level 1:colcon.colcon_core.environment:checking '/home/legacy/tutorials_ros2_ws/install/cpp_pubsub/lib/python3.8/site-packages'
[0.751s] INFO:colcon.colcon_core.shell:Creating package script '/home/legacy/tutorials_ros2_ws/install/cpp_pubsub/share/cpp_pubsub/package.ps1'
[0.752s] INFO:colcon.colcon_core.shell:Creating package descriptor '/home/legacy/tutorials_ros2_ws/install/cpp_pubsub/share/cpp_pubsub/package.dsv'
[0.752s] INFO:colcon.colcon_core.shell:Creating package script '/home/legacy/tutorials_ros2_ws/install/cpp_pubsub/share/cpp_pubsub/package.sh'
[0.753s] INFO:colcon.colcon_core.shell:Creating package script '/home/legacy/tutorials_ros2_ws/install/cpp_pubsub/share/cpp_pubsub/package.bash'
[0.753s] INFO:colcon.colcon_core.shell:Creating package script '/home/legacy/tutorials_ros2_ws/install/cpp_pubsub/share/cpp_pubsub/package.zsh'
[0.754s] Level 1:colcon.colcon_core.environment:create_file_with_runtime_dependencies(/home/legacy/tutorials_ros2_ws/install/cpp_pubsub/share/colcon-core/packages/cpp_pubsub)
[0.764s] Level 1:colcon.colcon_core.environment:create_environment_scripts_only(cpp_srvcli)
[0.765s] Level 1:colcon.colcon_core.environment:checking '/home/legacy/tutorials_ros2_ws/install/cpp_srvcli' for CMake module files
[0.765s] Level 1:colcon.colcon_core.environment:checking '/home/legacy/tutorials_ros2_ws/install/cpp_srvcli' for CMake config files
[0.766s] Level 1:colcon.colcon_core.shell:create_environment_hook('cpp_srvcli', 'cmake_prefix_path')
[0.766s] INFO:colcon.colcon_core.shell:Creating environment hook '/home/legacy/tutorials_ros2_ws/install/cpp_srvcli/share/cpp_srvcli/hook/cmake_prefix_path.ps1'
[0.767s] INFO:colcon.colcon_core.shell:Creating environment descriptor '/home/legacy/tutorials_ros2_ws/install/cpp_srvcli/share/cpp_srvcli/hook/cmake_prefix_path.dsv'
[0.767s] INFO:colcon.colcon_core.shell:Creating environment hook '/home/legacy/tutorials_ros2_ws/install/cpp_srvcli/share/cpp_srvcli/hook/cmake_prefix_path.sh'
[0.768s] Level 1:colcon.colcon_core.environment:checking '/home/legacy/tutorials_ros2_ws/install/cpp_srvcli/lib'
[0.768s] Level 1:colcon.colcon_core.environment:checking '/home/legacy/tutorials_ros2_ws/install/cpp_srvcli/bin'
[0.768s] Level 1:colcon.colcon_core.environment:checking '/home/legacy/tutorials_ros2_ws/install/cpp_srvcli/lib/pkgconfig/cpp_srvcli.pc'
[0.768s] Level 1:colcon.colcon_core.environment:checking '/home/legacy/tutorials_ros2_ws/install/cpp_srvcli/lib/python3.8/site-packages'
[0.769s] INFO:colcon.colcon_core.shell:Creating package script '/home/legacy/tutorials_ros2_ws/install/cpp_srvcli/share/cpp_srvcli/package.ps1'
[0.769s] INFO:colcon.colcon_core.shell:Creating package descriptor '/home/legacy/tutorials_ros2_ws/install/cpp_srvcli/share/cpp_srvcli/package.dsv'
[0.770s] INFO:colcon.colcon_core.shell:Creating package script '/home/legacy/tutorials_ros2_ws/install/cpp_srvcli/share/cpp_srvcli/package.sh'
[0.770s] INFO:colcon.colcon_core.shell:Creating package script '/home/legacy/tutorials_ros2_ws/install/cpp_srvcli/share/cpp_srvcli/package.bash'
[0.770s] INFO:colcon.colcon_core.shell:Creating package script '/home/legacy/tutorials_ros2_ws/install/cpp_srvcli/share/cpp_srvcli/package.zsh'
[0.771s] Level 1:colcon.colcon_core.environment:create_file_with_runtime_dependencies(/home/legacy/tutorials_ros2_ws/install/cpp_srvcli/share/colcon-core/packages/cpp_srvcli)
[0.955s] Level 1:colcon.colcon_core.environment:checking '/home/legacy/tutorials_ros2_ws/install/py_srvcli' for CMake module files
[0.956s] DEBUG:colcon.colcon_core.event_handler.log_command:Invoked command in '/home/legacy/tutorials_ros2_ws/src/py_srvcli' returned '0': PYTHONPATH=/home/legacy/tutorials_ros2_ws/install/py_srvcli/lib/python3.8/site-packages:${PYTHONPATH} /usr/bin/python3 setup.py egg_info --egg-base ../../build/py_srvcli build --build-base /home/legacy/tutorials_ros2_ws/build/py_srvcli/build install --prefix /home/legacy/tutorials_ros2_ws/install/py_srvcli --record /home/legacy/tutorials_ros2_ws/build/py_srvcli/install.log --single-version-externally-managed
[0.956s] Level 1:colcon.colcon_core.environment:checking '/home/legacy/tutorials_ros2_ws/install/py_srvcli' for CMake config files
[0.957s] Level 1:colcon.colcon_core.environment:checking '/home/legacy/tutorials_ros2_ws/install/py_srvcli/lib'
[0.957s] Level 1:colcon.colcon_core.environment:checking '/home/legacy/tutorials_ros2_ws/install/py_srvcli/bin'
[0.957s] Level 1:colcon.colcon_core.environment:checking '/home/legacy/tutorials_ros2_ws/install/py_srvcli/lib/pkgconfig/py_srvcli.pc'
[0.957s] Level 1:colcon.colcon_core.environment:checking '/home/legacy/tutorials_ros2_ws/install/py_srvcli/lib/python3.8/site-packages'
[0.957s] Level 1:colcon.colcon_core.shell:create_environment_hook('py_srvcli', 'pythonpath')
[0.957s] INFO:colcon.colcon_core.shell:Creating environment hook '/home/legacy/tutorials_ros2_ws/install/py_srvcli/share/py_srvcli/hook/pythonpath.ps1'
[0.958s] INFO:colcon.colcon_core.shell:Creating environment descriptor '/home/legacy/tutorials_ros2_ws/install/py_srvcli/share/py_srvcli/hook/pythonpath.dsv'
[0.958s] INFO:colcon.colcon_core.shell:Creating environment hook '/home/legacy/tutorials_ros2_ws/install/py_srvcli/share/py_srvcli/hook/pythonpath.sh'
[0.959s] Level 1:colcon.colcon_core.environment:create_environment_scripts_only(py_srvcli)
[0.959s] INFO:colcon.colcon_core.shell:Creating package script '/home/legacy/tutorials_ros2_ws/install/py_srvcli/share/py_srvcli/package.ps1'
[0.960s] INFO:colcon.colcon_core.shell:Creating package descriptor '/home/legacy/tutorials_ros2_ws/install/py_srvcli/share/py_srvcli/package.dsv'
[0.960s] INFO:colcon.colcon_core.shell:Creating package script '/home/legacy/tutorials_ros2_ws/install/py_srvcli/share/py_srvcli/package.sh'
[0.960s] INFO:colcon.colcon_core.shell:Creating package script '/home/legacy/tutorials_ros2_ws/install/py_srvcli/share/py_srvcli/package.bash'
[0.961s] INFO:colcon.colcon_core.shell:Creating package script '/home/legacy/tutorials_ros2_ws/install/py_srvcli/share/py_srvcli/package.zsh'
[0.961s] Level 1:colcon.colcon_core.environment:create_file_with_runtime_dependencies(/home/legacy/tutorials_ros2_ws/install/py_srvcli/share/colcon-core/packages/py_srvcli)
[0.961s] DEBUG:colcon.colcon_parallel_executor.executor.parallel:closing loop
[0.962s] DEBUG:colcon.colcon_parallel_executor.executor.parallel:loop closed
[0.962s] DEBUG:colcon.colcon_parallel_executor.executor.parallel:run_until_complete finished with '0'
[0.962s] DEBUG:colcon.colcon_core.event_reactor:joining thread
[0.968s] INFO:colcon.colcon_core.plugin_system:Skipping extension 'colcon_notification.desktop_notification.terminal_notifier': Not used on non-Darwin systems
[0.968s] INFO:colcon.colcon_core.plugin_system:Skipping extension 'colcon_notification.desktop_notification.win32': Not used on non-Windows systems
[0.968s] INFO:colcon.colcon_notification.desktop_notification:Sending desktop notification using 'notify2'
[0.980s] DEBUG:colcon.colcon_core.event_reactor:joined thread
[0.981s] INFO:colcon.colcon_core.shell:Creating prefix script '/home/legacy/tutorials_ros2_ws/install/local_setup.ps1'
[0.982s] INFO:colcon.colcon_core.shell:Creating prefix util module '/home/legacy/tutorials_ros2_ws/install/_local_setup_util_ps1.py'
[0.983s] INFO:colcon.colcon_core.shell:Creating prefix chain script '/home/legacy/tutorials_ros2_ws/install/setup.ps1'
[0.986s] INFO:colcon.colcon_core.shell:Creating prefix script '/home/legacy/tutorials_ros2_ws/install/local_setup.sh'
[0.986s] INFO:colcon.colcon_core.shell:Creating prefix util module '/home/legacy/tutorials_ros2_ws/install/_local_setup_util_sh.py'
[0.987s] INFO:colcon.colcon_core.shell:Creating prefix chain script '/home/legacy/tutorials_ros2_ws/install/setup.sh'
[0.990s] INFO:colcon.colcon_core.shell:Creating prefix script '/home/legacy/tutorials_ros2_ws/install/local_setup.bash'
[0.991s] INFO:colcon.colcon_core.shell:Creating prefix chain script '/home/legacy/tutorials_ros2_ws/install/setup.bash'
[0.994s] INFO:colcon.colcon_core.shell:Creating prefix script '/home/legacy/tutorials_ros2_ws/install/local_setup.zsh'
[0.994s] INFO:colcon.colcon_core.shell:Creating prefix chain script '/home/legacy/tutorials_ros2_ws/install/setup.zsh'
