[0.012s] Invoking command in '/home/legacy/tutorials_ros2_ws/build/cpp_parameters': CMAKE_PREFIX_PATH=/opt/ros/foxy /usr/bin/cmake /home/legacy/tutorials_ros2_ws/src/cpp_parameters -DCMAKE_INSTALL_PREFIX=/home/legacy/tutorials_ros2_ws/install/cpp_parameters
[0.024s] -- Found ament_cmake: 0.9.8 (/opt/ros/foxy/share/ament_cmake/cmake)
[0.042s] -- Using PYTHON_EXECUTABLE: /usr/bin/python3
[0.193s] -- Found rclcpp: 2.3.1 (/opt/ros/foxy/share/rclcpp/cmake)
[0.222s] -- Using all available rosidl_typesupport_c: rosidl_typesupport_fastrtps_c;rosidl_typesupport_introspection_c
[0.225s] -- Found rosidl_adapter: 1.2.1 (/opt/ros/foxy/share/rosidl_adapter/cmake)
[0.330s] -- Using all available rosidl_typesupport_cpp: rosidl_typesupport_fastrtps_cpp;rosidl_typesupport_introspection_cpp
[0.372s] -- Found rmw_implementation_cmake: 1.0.3 (/opt/ros/foxy/share/rmw_implementation_cmake/cmake)
[0.373s] -- Using RMW implementation 'rmw_fastrtps_cpp' as default
[0.498s] -- Found ament_lint_auto: 0.9.6 (/opt/ros/foxy/share/ament_lint_auto/cmake)
[0.549s] -- Added test 'copyright' to check source files copyright and LICENSE
[0.549s] -- Added test 'cppcheck' to perform static code analysis on C / C++ code
[0.549s] -- Configured cppcheck include dirs: 
[0.550s] -- Configured cppcheck exclude dirs and/or files: 
[0.550s] -- Added test 'cpplint' to check C / C++ code against the Google style
[0.550s] -- Configured cpplint exclude dirs and/or files: 
[0.551s] -- Added test 'lint_cmake' to check CMake code style
[0.551s] -- Added test 'uncrustify' to check C / C++ code style
[0.551s] -- Configured uncrustify additional arguments: 
[0.552s] -- Added test 'xmllint' to check XML markup files
[0.553s] -- Configuring done
[0.559s] -- Generating done
[0.560s] -- Build files have been written to: /home/legacy/tutorials_ros2_ws/build/cpp_parameters
[0.565s] Invoked command in '/home/legacy/tutorials_ros2_ws/build/cpp_parameters' returned '0': CMAKE_PREFIX_PATH=/opt/ros/foxy /usr/bin/cmake /home/legacy/tutorials_ros2_ws/src/cpp_parameters -DCMAKE_INSTALL_PREFIX=/home/legacy/tutorials_ros2_ws/install/cpp_parameters
[0.566s] Invoking command in '/home/legacy/tutorials_ros2_ws/build/cpp_parameters': CMAKE_PREFIX_PATH=/opt/ros/foxy /usr/bin/cmake --build /home/legacy/tutorials_ros2_ws/build/cpp_parameters -- -j8 -l8
[0.599s] [35m[1mScanning dependencies of target parameter_node[0m
[0.736s] [ 50%] [32mBuilding CXX object CMakeFiles/parameter_node.dir/src/cpp_parameters_node.cpp.o[0m
[2.374s] [100%] [32m[1mLinking CXX executable parameter_node[0m
[2.547s] [100%] Built target parameter_node
[2.555s] Invoked command in '/home/legacy/tutorials_ros2_ws/build/cpp_parameters' returned '0': CMAKE_PREFIX_PATH=/opt/ros/foxy /usr/bin/cmake --build /home/legacy/tutorials_ros2_ws/build/cpp_parameters -- -j8 -l8
[2.583s] Invoking command in '/home/legacy/tutorials_ros2_ws/build/cpp_parameters': CMAKE_PREFIX_PATH=/opt/ros/foxy /usr/bin/cmake --install /home/legacy/tutorials_ros2_ws/build/cpp_parameters
[2.590s] -- Install configuration: ""
[2.590s] -- Installing: /home/legacy/tutorials_ros2_ws/install/cpp_parameters/lib/cpp_parameters/parameter_node
[2.590s] -- Set runtime path of "/home/legacy/tutorials_ros2_ws/install/cpp_parameters/lib/cpp_parameters/parameter_node" to ""
[2.591s] -- Installing: /home/legacy/tutorials_ros2_ws/install/cpp_parameters/share/ament_index/resource_index/package_run_dependencies/cpp_parameters
[2.591s] -- Installing: /home/legacy/tutorials_ros2_ws/install/cpp_parameters/share/ament_index/resource_index/parent_prefix_path/cpp_parameters
[2.591s] -- Installing: /home/legacy/tutorials_ros2_ws/install/cpp_parameters/share/cpp_parameters/environment/ament_prefix_path.sh
[2.591s] -- Installing: /home/legacy/tutorials_ros2_ws/install/cpp_parameters/share/cpp_parameters/environment/ament_prefix_path.dsv
[2.591s] -- Installing: /home/legacy/tutorials_ros2_ws/install/cpp_parameters/share/cpp_parameters/environment/path.sh
[2.591s] -- Installing: /home/legacy/tutorials_ros2_ws/install/cpp_parameters/share/cpp_parameters/environment/path.dsv
[2.591s] -- Installing: /home/legacy/tutorials_ros2_ws/install/cpp_parameters/share/cpp_parameters/local_setup.bash
[2.591s] -- Installing: /home/legacy/tutorials_ros2_ws/install/cpp_parameters/share/cpp_parameters/local_setup.sh
[2.591s] -- Installing: /home/legacy/tutorials_ros2_ws/install/cpp_parameters/share/cpp_parameters/local_setup.zsh
[2.591s] -- Installing: /home/legacy/tutorials_ros2_ws/install/cpp_parameters/share/cpp_parameters/local_setup.dsv
[2.592s] -- Installing: /home/legacy/tutorials_ros2_ws/install/cpp_parameters/share/cpp_parameters/package.dsv
[2.592s] -- Installing: /home/legacy/tutorials_ros2_ws/install/cpp_parameters/share/ament_index/resource_index/packages/cpp_parameters
[2.592s] -- Installing: /home/legacy/tutorials_ros2_ws/install/cpp_parameters/share/cpp_parameters/cmake/cpp_parametersConfig.cmake
[2.592s] -- Installing: /home/legacy/tutorials_ros2_ws/install/cpp_parameters/share/cpp_parameters/cmake/cpp_parametersConfig-version.cmake
[2.592s] -- Installing: /home/legacy/tutorials_ros2_ws/install/cpp_parameters/share/cpp_parameters/package.xml
[2.593s] Invoked command in '/home/legacy/tutorials_ros2_ws/build/cpp_parameters' returned '0': CMAKE_PREFIX_PATH=/opt/ros/foxy /usr/bin/cmake --install /home/legacy/tutorials_ros2_ws/build/cpp_parameters
