[0.014s] Invoking command in '/home/legacy/tutorials_ros2_ws/build/urdf_tutorial': CMAKE_PREFIX_PATH=${CMAKE_PREFIX_PATH}:/home/legacy/tutorials_ros2_ws/install/py_srvcli:/home/legacy/tutorials_ros2_ws/install/learning_tf2_py:/opt/ros/foxy /usr/bin/cmake --build /home/legacy/tutorials_ros2_ws/build/urdf_tutorial -- -j8 -l8
[0.035s] -- Found ament_cmake: 0.9.8 (/opt/ros/foxy/share/ament_cmake/cmake)
[0.054s] -- Using PYTHON_EXECUTABLE: /usr/bin/python3
[0.212s] -- Found ament_lint_auto: 0.9.6 (/opt/ros/foxy/share/ament_lint_auto/cmake)
[0.262s] -- Configuring done
[0.263s] -- Generating done
[0.264s] -- Build files have been written to: /home/legacy/tutorials_ros2_ws/build/urdf_tutorial
[0.282s] Invoked command in '/home/legacy/tutorials_ros2_ws/build/urdf_tutorial' returned '0': CMAKE_PREFIX_PATH=${CMAKE_PREFIX_PATH}:/home/legacy/tutorials_ros2_ws/install/py_srvcli:/home/legacy/tutorials_ros2_ws/install/learning_tf2_py:/opt/ros/foxy /usr/bin/cmake --build /home/legacy/tutorials_ros2_ws/build/urdf_tutorial -- -j8 -l8
[0.311s] Invoking command in '/home/legacy/tutorials_ros2_ws/build/urdf_tutorial': CMAKE_PREFIX_PATH=${CMAKE_PREFIX_PATH}:/home/legacy/tutorials_ros2_ws/install/py_srvcli:/home/legacy/tutorials_ros2_ws/install/learning_tf2_py:/opt/ros/foxy /usr/bin/cmake --install /home/legacy/tutorials_ros2_ws/build/urdf_tutorial
[0.318s] -- Install configuration: ""
[0.318s] -- Up-to-date: /home/legacy/tutorials_ros2_ws/install/urdf_tutorial/share/urdf_tutorial/images
[0.318s] -- Up-to-date: /home/legacy/tutorials_ros2_ws/install/urdf_tutorial/share/urdf_tutorial/images/origins.png
[0.318s] -- Up-to-date: /home/legacy/tutorials_ros2_ws/install/urdf_tutorial/share/urdf_tutorial/images/materials.png
[0.319s] -- Up-to-date: /home/legacy/tutorials_ros2_ws/install/urdf_tutorial/share/urdf_tutorial/images/flexible.png
[0.319s] -- Up-to-date: /home/legacy/tutorials_ros2_ws/install/urdf_tutorial/share/urdf_tutorial/images/multipleshapes.png
[0.319s] -- Up-to-date: /home/legacy/tutorials_ros2_ws/install/urdf_tutorial/share/urdf_tutorial/images/visual.png
[0.319s] -- Up-to-date: /home/legacy/tutorials_ros2_ws/install/urdf_tutorial/share/urdf_tutorial/images/myfirst.png
[0.319s] -- Up-to-date: /home/legacy/tutorials_ros2_ws/install/urdf_tutorial/share/urdf_tutorial/launch
[0.319s] -- Installing: /home/legacy/tutorials_ros2_ws/install/urdf_tutorial/share/urdf_tutorial/launch/display.launch.py
[0.319s] -- Up-to-date: /home/legacy/tutorials_ros2_ws/install/urdf_tutorial/share/urdf_tutorial/meshes
[0.319s] -- Up-to-date: /home/legacy/tutorials_ros2_ws/install/urdf_tutorial/share/urdf_tutorial/meshes/l_finger_tip_color.tif
[0.319s] -- Up-to-date: /home/legacy/tutorials_ros2_ws/install/urdf_tutorial/share/urdf_tutorial/meshes/l_finger.dae
[0.319s] -- Up-to-date: /home/legacy/tutorials_ros2_ws/install/urdf_tutorial/share/urdf_tutorial/meshes/l_finger_color.tif
[0.319s] -- Up-to-date: /home/legacy/tutorials_ros2_ws/install/urdf_tutorial/share/urdf_tutorial/meshes/l_finger_tip.dae
[0.319s] -- Up-to-date: /home/legacy/tutorials_ros2_ws/install/urdf_tutorial/share/urdf_tutorial/rviz
[0.319s] -- Up-to-date: /home/legacy/tutorials_ros2_ws/install/urdf_tutorial/share/urdf_tutorial/rviz/urdf.rviz
[0.319s] -- Up-to-date: /home/legacy/tutorials_ros2_ws/install/urdf_tutorial/share/urdf_tutorial/urdf
[0.320s] -- Up-to-date: /home/legacy/tutorials_ros2_ws/install/urdf_tutorial/share/urdf_tutorial/urdf/03-origins.urdf
[0.320s] -- Up-to-date: /home/legacy/tutorials_ros2_ws/install/urdf_tutorial/share/urdf_tutorial/urdf/02-multipleshapes.urdf
[0.320s] -- Up-to-date: /home/legacy/tutorials_ros2_ws/install/urdf_tutorial/share/urdf_tutorial/urdf/07-physics.urdf
[0.320s] -- Up-to-date: /home/legacy/tutorials_ros2_ws/install/urdf_tutorial/share/urdf_tutorial/urdf/05-visual.urdf
[0.320s] -- Up-to-date: /home/legacy/tutorials_ros2_ws/install/urdf_tutorial/share/urdf_tutorial/urdf/08-macroed.urdf.xacro
[0.320s] -- Up-to-date: /home/legacy/tutorials_ros2_ws/install/urdf_tutorial/share/urdf_tutorial/urdf/06-flexible.urdf
[0.320s] -- Up-to-date: /home/legacy/tutorials_ros2_ws/install/urdf_tutorial/share/urdf_tutorial/urdf/01-myfirst.urdf
[0.320s] -- Up-to-date: /home/legacy/tutorials_ros2_ws/install/urdf_tutorial/share/urdf_tutorial/urdf/04-materials.urdf
[0.320s] -- Up-to-date: /home/legacy/tutorials_ros2_ws/install/urdf_tutorial/share/ament_index/resource_index/package_run_dependencies/urdf_tutorial
[0.320s] -- Up-to-date: /home/legacy/tutorials_ros2_ws/install/urdf_tutorial/share/ament_index/resource_index/parent_prefix_path/urdf_tutorial
[0.320s] -- Up-to-date: /home/legacy/tutorials_ros2_ws/install/urdf_tutorial/share/urdf_tutorial/environment/ament_prefix_path.sh
[0.320s] -- Installing: /home/legacy/tutorials_ros2_ws/install/urdf_tutorial/share/urdf_tutorial/environment/ament_prefix_path.dsv
[0.321s] -- Up-to-date: /home/legacy/tutorials_ros2_ws/install/urdf_tutorial/share/urdf_tutorial/environment/path.sh
[0.321s] -- Installing: /home/legacy/tutorials_ros2_ws/install/urdf_tutorial/share/urdf_tutorial/environment/path.dsv
[0.322s] -- Up-to-date: /home/legacy/tutorials_ros2_ws/install/urdf_tutorial/share/urdf_tutorial/local_setup.bash
[0.322s] -- Up-to-date: /home/legacy/tutorials_ros2_ws/install/urdf_tutorial/share/urdf_tutorial/local_setup.sh
[0.322s] -- Up-to-date: /home/legacy/tutorials_ros2_ws/install/urdf_tutorial/share/urdf_tutorial/local_setup.zsh
[0.322s] -- Installing: /home/legacy/tutorials_ros2_ws/install/urdf_tutorial/share/urdf_tutorial/local_setup.dsv
[0.322s] -- Installing: /home/legacy/tutorials_ros2_ws/install/urdf_tutorial/share/urdf_tutorial/package.dsv
[0.322s] -- Up-to-date: /home/legacy/tutorials_ros2_ws/install/urdf_tutorial/share/ament_index/resource_index/packages/urdf_tutorial
[0.322s] -- Up-to-date: /home/legacy/tutorials_ros2_ws/install/urdf_tutorial/share/urdf_tutorial/cmake/urdf_tutorialConfig.cmake
[0.322s] -- Up-to-date: /home/legacy/tutorials_ros2_ws/install/urdf_tutorial/share/urdf_tutorial/cmake/urdf_tutorialConfig-version.cmake
[0.323s] -- Up-to-date: /home/legacy/tutorials_ros2_ws/install/urdf_tutorial/share/urdf_tutorial/package.xml
[0.323s] Invoked command in '/home/legacy/tutorials_ros2_ws/build/urdf_tutorial' returned '0': CMAKE_PREFIX_PATH=${CMAKE_PREFIX_PATH}:/home/legacy/tutorials_ros2_ws/install/py_srvcli:/home/legacy/tutorials_ros2_ws/install/learning_tf2_py:/opt/ros/foxy /usr/bin/cmake --install /home/legacy/tutorials_ros2_ws/build/urdf_tutorial
