[0.035s] Invoking command in '/home/legacy/tutorials_ros2_ws/build/cpp_parameters': CMAKE_PREFIX_PATH=/opt/ros/foxy /usr/bin/cmake --build /home/legacy/tutorials_ros2_ws/build/cpp_parameters -- -j8 -l8
[0.308s] -- Found ament_cmake: 0.9.8 (/opt/ros/foxy/share/ament_cmake/cmake)
[0.308s] -- Using PYTHON_EXECUTABLE: /usr/bin/python3
[0.309s] -- Found rclcpp: 2.3.1 (/opt/ros/foxy/share/rclcpp/cmake)
[0.344s] -- Using all available rosidl_typesupport_c: rosidl_typesupport_fastrtps_c;rosidl_typesupport_introspection_c
[0.348s] -- Found rosidl_adapter: 1.2.1 (/opt/ros/foxy/share/rosidl_adapter/cmake)
[0.484s] -- Using all available rosidl_typesupport_cpp: rosidl_typesupport_fastrtps_cpp;rosidl_typesupport_introspection_cpp
[0.530s] -- Found rmw_implementation_cmake: 1.0.3 (/opt/ros/foxy/share/rmw_implementation_cmake/cmake)
[0.531s] -- Using RMW implementation 'rmw_fastrtps_cpp' as default
[0.667s] -- Found ament_lint_auto: 0.9.6 (/opt/ros/foxy/share/ament_lint_auto/cmake)
[0.719s] -- Added test 'copyright' to check source files copyright and LICENSE
[0.720s] -- Added test 'cppcheck' to perform static code analysis on C / C++ code
[0.720s] -- Configured cppcheck include dirs: 
[0.720s] -- Configured cppcheck exclude dirs and/or files: 
[0.721s] -- Added test 'cpplint' to check C / C++ code against the Google style
[0.721s] -- Configured cpplint exclude dirs and/or files: 
[0.721s] -- Added test 'flake8' to check Python code syntax and style conventions
[0.721s] -- Added test 'lint_cmake' to check CMake code style
[0.722s] -- Added test 'pep257' to check Python code against some of the style conventions in PEP 257
[0.722s] -- Added test 'uncrustify' to check C / C++ code style
[0.722s] -- Configured uncrustify additional arguments: 
[0.723s] -- Added test 'xmllint' to check XML markup files
[0.724s] -- Configuring done
[0.730s] -- Generating done
[0.731s] -- Build files have been written to: /home/legacy/tutorials_ros2_ws/build/cpp_parameters
[0.767s] [100%] Built target parameter_node
