[0.016s] Invoking command in '/home/legacy/tutorials_ros2_ws/build/cpp_srvcli': CMAKE_PREFIX_PATH=/opt/ros/foxy /usr/bin/cmake /home/legacy/tutorials_ros2_ws/src/cpp_srvcli -DCMAKE_INSTALL_PREFIX=/home/legacy/tutorials_ros2_ws/install/cpp_srvcli
[0.390s] -- The C compiler identification is GNU 9.3.0
[0.634s] -- The CXX compiler identification is GNU 9.3.0
[0.640s] -- Check for working C compiler: /usr/bin/cc
[0.700s] -- Check for working C compiler: /usr/bin/cc -- works
[0.702s] -- Detecting C compiler ABI info
[0.762s] -- Detecting C compiler ABI info - done
[0.772s] -- Detecting C compile features
[0.773s] -- Detecting C compile features - done
[0.776s] -- Check for working CXX compiler: /usr/bin/c++
[0.848s] -- Check for working CXX compiler: /usr/bin/c++ -- works
[0.849s] -- Detecting CXX compiler ABI info
[0.920s] -- Detecting CXX compiler ABI info - done
[0.930s] -- Detecting CXX compile features
[0.931s] -- Detecting CXX compile features - done
[0.934s] -- Found ament_cmake: 0.9.8 (/opt/ros/foxy/share/ament_cmake/cmake)
[0.958s] -- Found PythonInterp: /usr/bin/python3 (found suitable version "3.8.10", minimum required is "3") 
[0.958s] -- Using PYTHON_EXECUTABLE: /usr/bin/python3
[1.145s] -- Found rclcpp: 2.3.1 (/opt/ros/foxy/share/rclcpp/cmake)
[1.196s] -- Using all available rosidl_typesupport_c: rosidl_typesupport_fastrtps_c;rosidl_typesupport_introspection_c
[1.204s] -- Found rosidl_adapter: 1.2.1 (/opt/ros/foxy/share/rosidl_adapter/cmake)
[1.319s] -- Found OpenSSL: /home/linuxbrew/.linuxbrew/Cellar/openssl@1.1/1.1.1k/lib/libcrypto.so (found version "1.1.1k")  
[1.364s] -- Found FastRTPS: /opt/ros/foxy/include  
[1.441s] -- Using all available rosidl_typesupport_cpp: rosidl_typesupport_fastrtps_cpp;rosidl_typesupport_introspection_cpp
[1.502s] -- Found rmw_implementation_cmake: 1.0.3 (/opt/ros/foxy/share/rmw_implementation_cmake/cmake)
[1.504s] -- Using RMW implementation 'rmw_fastrtps_cpp' as default
[1.506s] -- Looking for pthread.h
[1.594s] -- Looking for pthread.h - found
[1.594s] -- Performing Test CMAKE_HAVE_LIBC_PTHREAD
[1.658s] -- Performing Test CMAKE_HAVE_LIBC_PTHREAD - Failed
[1.658s] -- Looking for pthread_create in pthreads
[1.707s] -- Looking for pthread_create in pthreads - not found
[1.708s] -- Looking for pthread_create in pthread
[1.768s] -- Looking for pthread_create in pthread - found
[1.769s] -- Found Threads: TRUE  
[1.918s] -- Found example_interfaces: 0.9.1 (/opt/ros/foxy/share/example_interfaces/cmake)
[2.027s] -- Found ament_lint_auto: 0.9.6 (/opt/ros/foxy/share/ament_lint_auto/cmake)
[2.094s] -- Added test 'copyright' to check source files copyright and LICENSE
[2.096s] -- Added test 'cppcheck' to perform static code analysis on C / C++ code
[2.096s] -- Configured cppcheck include dirs: 
[2.096s] -- Configured cppcheck exclude dirs and/or files: 
[2.097s] -- Added test 'cpplint' to check C / C++ code against the Google style
[2.097s] -- Configured cpplint exclude dirs and/or files: 
[2.098s] -- Added test 'lint_cmake' to check CMake code style
[2.098s] -- Added test 'uncrustify' to check C / C++ code style
[2.099s] -- Configured uncrustify additional arguments: 
[2.099s] -- Added test 'xmllint' to check XML markup files
[2.104s] -- Configuring done
[2.114s] -- Generating done
[2.115s] -- Build files have been written to: /home/legacy/tutorials_ros2_ws/build/cpp_srvcli
[2.121s] Invoked command in '/home/legacy/tutorials_ros2_ws/build/cpp_srvcli' returned '0': CMAKE_PREFIX_PATH=/opt/ros/foxy /usr/bin/cmake /home/legacy/tutorials_ros2_ws/src/cpp_srvcli -DCMAKE_INSTALL_PREFIX=/home/legacy/tutorials_ros2_ws/install/cpp_srvcli
[2.124s] Invoking command in '/home/legacy/tutorials_ros2_ws/build/cpp_srvcli': CMAKE_PREFIX_PATH=/opt/ros/foxy /usr/bin/cmake --build /home/legacy/tutorials_ros2_ws/build/cpp_srvcli -- -j8 -l8
[2.158s] [35m[1mScanning dependencies of target client[0m
[2.158s] [35m[1mScanning dependencies of target server[0m
[2.274s] [ 50%] [32mBuilding CXX object CMakeFiles/client.dir/src/add_two_ints_client.cpp.o[0m
[2.274s] [ 50%] [32mBuilding CXX object CMakeFiles/server.dir/src/add_two_ints_server.cpp.o[0m
[4.264s] [ 75%] [32m[1mLinking CXX executable server[0m
[4.445s] [ 75%] Built target server
[4.476s] [100%] [32m[1mLinking CXX executable client[0m
[4.604s] [100%] Built target client
[4.613s] Invoked command in '/home/legacy/tutorials_ros2_ws/build/cpp_srvcli' returned '0': CMAKE_PREFIX_PATH=/opt/ros/foxy /usr/bin/cmake --build /home/legacy/tutorials_ros2_ws/build/cpp_srvcli -- -j8 -l8
[4.634s] Invoking command in '/home/legacy/tutorials_ros2_ws/build/cpp_srvcli': CMAKE_PREFIX_PATH=/opt/ros/foxy /usr/bin/cmake --install /home/legacy/tutorials_ros2_ws/build/cpp_srvcli
[4.643s] -- Install configuration: ""
[4.644s] -- Installing: /home/legacy/tutorials_ros2_ws/install/cpp_srvcli/lib/cpp_srvcli/server
[4.644s] -- Set runtime path of "/home/legacy/tutorials_ros2_ws/install/cpp_srvcli/lib/cpp_srvcli/server" to ""
[4.644s] -- Installing: /home/legacy/tutorials_ros2_ws/install/cpp_srvcli/lib/cpp_srvcli/client
[4.645s] -- Set runtime path of "/home/legacy/tutorials_ros2_ws/install/cpp_srvcli/lib/cpp_srvcli/client" to ""
[4.645s] -- Installing: /home/legacy/tutorials_ros2_ws/install/cpp_srvcli/share/ament_index/resource_index/package_run_dependencies/cpp_srvcli
[4.645s] -- Installing: /home/legacy/tutorials_ros2_ws/install/cpp_srvcli/share/ament_index/resource_index/parent_prefix_path/cpp_srvcli
[4.645s] -- Installing: /home/legacy/tutorials_ros2_ws/install/cpp_srvcli/share/cpp_srvcli/environment/ament_prefix_path.sh
[4.645s] -- Installing: /home/legacy/tutorials_ros2_ws/install/cpp_srvcli/share/cpp_srvcli/environment/ament_prefix_path.dsv
[4.645s] -- Installing: /home/legacy/tutorials_ros2_ws/install/cpp_srvcli/share/cpp_srvcli/environment/path.sh
[4.645s] -- Installing: /home/legacy/tutorials_ros2_ws/install/cpp_srvcli/share/cpp_srvcli/environment/path.dsv
[4.646s] -- Installing: /home/legacy/tutorials_ros2_ws/install/cpp_srvcli/share/cpp_srvcli/local_setup.bash
[4.646s] -- Installing: /home/legacy/tutorials_ros2_ws/install/cpp_srvcli/share/cpp_srvcli/local_setup.sh
[4.646s] -- Installing: /home/legacy/tutorials_ros2_ws/install/cpp_srvcli/share/cpp_srvcli/local_setup.zsh
[4.646s] -- Installing: /home/legacy/tutorials_ros2_ws/install/cpp_srvcli/share/cpp_srvcli/local_setup.dsv
[4.646s] -- Installing: /home/legacy/tutorials_ros2_ws/install/cpp_srvcli/share/cpp_srvcli/package.dsv
[4.646s] -- Installing: /home/legacy/tutorials_ros2_ws/install/cpp_srvcli/share/ament_index/resource_index/packages/cpp_srvcli
[4.646s] -- Installing: /home/legacy/tutorials_ros2_ws/install/cpp_srvcli/share/cpp_srvcli/cmake/cpp_srvcliConfig.cmake
[4.646s] -- Installing: /home/legacy/tutorials_ros2_ws/install/cpp_srvcli/share/cpp_srvcli/cmake/cpp_srvcliConfig-version.cmake
[4.646s] -- Installing: /home/legacy/tutorials_ros2_ws/install/cpp_srvcli/share/cpp_srvcli/package.xml
[4.649s] Invoked command in '/home/legacy/tutorials_ros2_ws/build/cpp_srvcli' returned '0': CMAKE_PREFIX_PATH=/opt/ros/foxy /usr/bin/cmake --install /home/legacy/tutorials_ros2_ws/build/cpp_srvcli
