running egg_info
writing ../../build/urdf_tutorial_py/urdf_tutorial_py.egg-info/PKG-INFO
writing dependency_links to ../../build/urdf_tutorial_py/urdf_tutorial_py.egg-info/dependency_links.txt
writing entry points to ../../build/urdf_tutorial_py/urdf_tutorial_py.egg-info/entry_points.txt
writing requirements to ../../build/urdf_tutorial_py/urdf_tutorial_py.egg-info/requires.txt
writing top-level names to ../../build/urdf_tutorial_py/urdf_tutorial_py.egg-info/top_level.txt
reading manifest file '../../build/urdf_tutorial_py/urdf_tutorial_py.egg-info/SOURCES.txt'
writing manifest file '../../build/urdf_tutorial_py/urdf_tutorial_py.egg-info/SOURCES.txt'
running build
running build_py
running install
running install_lib
running install_data
copying launch/demo.launch.py -> /home/legacy/tutorials_ros2_ws/install/urdf_tutorial_py/share/urdf_tutorial_py
running install_egg_info
removing '/home/legacy/tutorials_ros2_ws/install/urdf_tutorial_py/lib/python3.8/site-packages/urdf_tutorial_py-0.0.0-py3.8.egg-info' (and everything under it)
Copying ../../build/urdf_tutorial_py/urdf_tutorial_py.egg-info to /home/legacy/tutorials_ros2_ws/install/urdf_tutorial_py/lib/python3.8/site-packages/urdf_tutorial_py-0.0.0-py3.8.egg-info
running install_scripts
Installing state_publisher script to /home/legacy/tutorials_ros2_ws/install/urdf_tutorial_py/lib/urdf_tutorial_py
writing list of installed files to '/home/legacy/tutorials_ros2_ws/build/urdf_tutorial_py/install.log'
