[0.017s] Invoking command in '/home/legacy/tutorials_ros2_ws/build/cpp_parameters': CMAKE_PREFIX_PATH=/opt/ros/foxy /usr/bin/cmake /home/legacy/tutorials_ros2_ws/src/cpp_parameters -DCMAKE_INSTALL_PREFIX=/home/legacy/tutorials_ros2_ws/install/cpp_parameters
[0.409s] -- The C compiler identification is GNU 9.3.0
[0.631s] -- The CXX compiler identification is GNU 9.3.0
[0.638s] -- Check for working C compiler: /usr/bin/cc
[0.699s] -- Check for working C compiler: /usr/bin/cc -- works
[0.701s] -- Detecting C compiler ABI info
[0.760s] -- Detecting C compiler ABI info - done
[0.770s] -- Detecting C compile features
[0.771s] -- Detecting C compile features - done
[0.773s] -- Check for working CXX compiler: /usr/bin/c++
[0.843s] -- Check for working CXX compiler: /usr/bin/c++ -- works
[0.843s] -- Detecting CXX compiler ABI info
[0.911s] -- Detecting CXX compiler ABI info - done
[0.923s] -- Detecting CXX compile features
[0.923s] -- Detecting CXX compile features - done
[0.930s] -- Found ament_cmake: 0.9.8 (/opt/ros/foxy/share/ament_cmake/cmake)
[0.953s] -- Found PythonInterp: /usr/bin/python3 (found suitable version "3.8.10", minimum required is "3") 
[0.953s] -- Using PYTHON_EXECUTABLE: /usr/bin/python3
[1.141s] -- Found rclcpp: 2.3.1 (/opt/ros/foxy/share/rclcpp/cmake)
[1.195s] -- Using all available rosidl_typesupport_c: rosidl_typesupport_fastrtps_c;rosidl_typesupport_introspection_c
[1.203s] -- Found rosidl_adapter: 1.2.1 (/opt/ros/foxy/share/rosidl_adapter/cmake)
[1.269s] -- Found OpenSSL: /home/linuxbrew/.linuxbrew/Cellar/openssl@1.1/1.1.1k/lib/libcrypto.so (found version "1.1.1k")  
[1.296s] -- Found FastRTPS: /opt/ros/foxy/include  
[1.374s] -- Using all available rosidl_typesupport_cpp: rosidl_typesupport_fastrtps_cpp;rosidl_typesupport_introspection_cpp
[1.436s] -- Found rmw_implementation_cmake: 1.0.3 (/opt/ros/foxy/share/rmw_implementation_cmake/cmake)
[1.438s] -- Using RMW implementation 'rmw_fastrtps_cpp' as default
[1.440s] -- Looking for pthread.h
[1.510s] -- Looking for pthread.h - found
[1.511s] -- Performing Test CMAKE_HAVE_LIBC_PTHREAD
[1.573s] -- Performing Test CMAKE_HAVE_LIBC_PTHREAD - Failed
[1.573s] -- Looking for pthread_create in pthreads
[1.620s] -- Looking for pthread_create in pthreads - not found
[1.620s] -- Looking for pthread_create in pthread
[1.679s] -- Looking for pthread_create in pthread - found
[1.680s] -- Found Threads: TRUE  
[1.839s] -- Found ament_lint_auto: 0.9.6 (/opt/ros/foxy/share/ament_lint_auto/cmake)
[1.905s] -- Added test 'copyright' to check source files copyright and LICENSE
[1.907s] -- Added test 'lint_cmake' to check CMake code style
[1.908s] -- Added test 'xmllint' to check XML markup files
[1.911s] -- Configuring done
[1.912s] CMake Error at CMakeLists.txt:33 (add_executable):
[1.912s]   Cannot find source file:
[1.912s] 
[1.912s]     src/cpp_parameters_node.cpp
[1.912s] 
[1.912s]   Tried extensions .c .C .c++ .cc .cpp .cxx .cu .m .M .mm .h .hh .h++ .hm
[1.912s]   .hpp .hxx .in .txx
[1.912s] 
[1.912s] 
[1.913s] CMake Error at CMakeLists.txt:33 (add_executable):
[1.913s]   No SOURCES given to target: parameter_node
[1.913s] 
[1.913s] 
[1.913s] CMake Generate step failed.  Build files cannot be regenerated correctly.
[1.917s] Invoked command in '/home/legacy/tutorials_ros2_ws/build/cpp_parameters' returned '1': CMAKE_PREFIX_PATH=/opt/ros/foxy /usr/bin/cmake /home/legacy/tutorials_ros2_ws/src/cpp_parameters -DCMAKE_INSTALL_PREFIX=/home/legacy/tutorials_ros2_ws/install/cpp_parameters
