[0.026s] Invoking command in '/home/legacy/tutorials_ros2_ws/build/cpp_srvcli': CMAKE_PREFIX_PATH=${CMAKE_PREFIX_PATH}:/home/legacy/tutorials_ros2_ws/install/py_srvcli:/opt/ros/foxy /usr/bin/cmake --build /home/legacy/tutorials_ros2_ws/build/cpp_srvcli -- -j8 -l8
[0.254s] [ 50%] Built target client
[0.254s] [100%] Built target server
[0.262s] Invoked command in '/home/legacy/tutorials_ros2_ws/build/cpp_srvcli' returned '0': CMAKE_PREFIX_PATH=${CMAKE_PREFIX_PATH}:/home/legacy/tutorials_ros2_ws/install/py_srvcli:/opt/ros/foxy /usr/bin/cmake --build /home/legacy/tutorials_ros2_ws/build/cpp_srvcli -- -j8 -l8
[0.307s] Invoking command in '/home/legacy/tutorials_ros2_ws/build/cpp_srvcli': CMAKE_PREFIX_PATH=${CMAKE_PREFIX_PATH}:/home/legacy/tutorials_ros2_ws/install/py_srvcli:/opt/ros/foxy /usr/bin/cmake --install /home/legacy/tutorials_ros2_ws/build/cpp_srvcli
[0.319s] -- Install configuration: ""
[0.320s] -- Up-to-date: /home/legacy/tutorials_ros2_ws/install/cpp_srvcli/lib/cpp_srvcli/server
[0.320s] -- Up-to-date: /home/legacy/tutorials_ros2_ws/install/cpp_srvcli/lib/cpp_srvcli/client
[0.321s] -- Up-to-date: /home/legacy/tutorials_ros2_ws/install/cpp_srvcli/share/ament_index/resource_index/package_run_dependencies/cpp_srvcli
[0.321s] -- Up-to-date: /home/legacy/tutorials_ros2_ws/install/cpp_srvcli/share/ament_index/resource_index/parent_prefix_path/cpp_srvcli
[0.322s] -- Up-to-date: /home/legacy/tutorials_ros2_ws/install/cpp_srvcli/share/cpp_srvcli/environment/ament_prefix_path.sh
[0.322s] -- Up-to-date: /home/legacy/tutorials_ros2_ws/install/cpp_srvcli/share/cpp_srvcli/environment/ament_prefix_path.dsv
[0.322s] -- Up-to-date: /home/legacy/tutorials_ros2_ws/install/cpp_srvcli/share/cpp_srvcli/environment/path.sh
[0.323s] -- Up-to-date: /home/legacy/tutorials_ros2_ws/install/cpp_srvcli/share/cpp_srvcli/environment/path.dsv
[0.323s] -- Up-to-date: /home/legacy/tutorials_ros2_ws/install/cpp_srvcli/share/cpp_srvcli/local_setup.bash
[0.323s] -- Up-to-date: /home/legacy/tutorials_ros2_ws/install/cpp_srvcli/share/cpp_srvcli/local_setup.sh
[0.324s] -- Up-to-date: /home/legacy/tutorials_ros2_ws/install/cpp_srvcli/share/cpp_srvcli/local_setup.zsh
[0.324s] -- Up-to-date: /home/legacy/tutorials_ros2_ws/install/cpp_srvcli/share/cpp_srvcli/local_setup.dsv
[0.324s] -- Installing: /home/legacy/tutorials_ros2_ws/install/cpp_srvcli/share/cpp_srvcli/package.dsv
[0.324s] -- Up-to-date: /home/legacy/tutorials_ros2_ws/install/cpp_srvcli/share/ament_index/resource_index/packages/cpp_srvcli
[0.324s] -- Up-to-date: /home/legacy/tutorials_ros2_ws/install/cpp_srvcli/share/cpp_srvcli/cmake/cpp_srvcliConfig.cmake
[0.325s] -- Up-to-date: /home/legacy/tutorials_ros2_ws/install/cpp_srvcli/share/cpp_srvcli/cmake/cpp_srvcliConfig-version.cmake
[0.325s] -- Up-to-date: /home/legacy/tutorials_ros2_ws/install/cpp_srvcli/share/cpp_srvcli/package.xml
[0.346s] Invoked command in '/home/legacy/tutorials_ros2_ws/build/cpp_srvcli' returned '0': CMAKE_PREFIX_PATH=${CMAKE_PREFIX_PATH}:/home/legacy/tutorials_ros2_ws/install/py_srvcli:/opt/ros/foxy /usr/bin/cmake --install /home/legacy/tutorials_ros2_ws/build/cpp_srvcli
