[0.011s] Invoking command in '/home/legacy/tutorials_ros2_ws/build/learning_tf2_cpp': CMAKE_PREFIX_PATH=/opt/ros/foxy /usr/bin/cmake /home/legacy/tutorials_ros2_ws/src/learning_tf2_cpp -DCMAKE_INSTALL_PREFIX=/home/legacy/tutorials_ros2_ws/install/learning_tf2_cpp
[0.023s] -- Found ament_cmake: 0.9.8 (/opt/ros/foxy/share/ament_cmake/cmake)
[0.040s] -- Using PYTHON_EXECUTABLE: /usr/bin/python3
[0.197s] -- Found geometry_msgs: 2.0.4 (/opt/ros/foxy/share/geometry_msgs/cmake)
[0.216s] -- Using all available rosidl_typesupport_c: rosidl_typesupport_fastrtps_c;rosidl_typesupport_introspection_c
[0.219s] -- Found rosidl_adapter: 1.2.1 (/opt/ros/foxy/share/rosidl_adapter/cmake)
[0.333s] -- Using all available rosidl_typesupport_cpp: rosidl_typesupport_fastrtps_cpp;rosidl_typesupport_introspection_cpp
[0.413s] -- Found rclcpp: 2.3.1 (/opt/ros/foxy/share/rclcpp/cmake)
[0.448s] -- Found rmw_implementation_cmake: 1.0.3 (/opt/ros/foxy/share/rmw_implementation_cmake/cmake)
[0.449s] -- Using RMW implementation 'rmw_fastrtps_cpp' as default
[0.580s] -- Found tf2: 0.13.10 (/opt/ros/foxy/share/tf2/cmake)
[0.589s] -- Found tf2_ros: 0.13.10 (/opt/ros/foxy/share/tf2_ros/cmake)
[0.912s] -- Found turtlesim: 1.2.5 (/opt/ros/foxy/share/turtlesim/cmake)
[0.965s] -- Found ament_lint_auto: 0.9.6 (/opt/ros/foxy/share/ament_lint_auto/cmake)
[1.021s] -- Added test 'copyright' to check source files copyright and LICENSE
[1.022s] -- Added test 'cppcheck' to perform static code analysis on C / C++ code
[1.022s] -- Configured cppcheck include dirs: 
[1.022s] -- Configured cppcheck exclude dirs and/or files: 
[1.023s] -- Added test 'cpplint' to check C / C++ code against the Google style
[1.023s] -- Configured cpplint exclude dirs and/or files: 
[1.023s] -- Added test 'flake8' to check Python code syntax and style conventions
[1.024s] -- Added test 'lint_cmake' to check CMake code style
[1.024s] -- Added test 'pep257' to check Python code against some of the style conventions in PEP 257
[1.025s] -- Added test 'uncrustify' to check C / C++ code style
[1.025s] -- Configured uncrustify additional arguments: 
[1.026s] -- Added test 'xmllint' to check XML markup files
[1.030s] -- Configuring done
[1.039s] -- Generating done
[1.040s] -- Build files have been written to: /home/legacy/tutorials_ros2_ws/build/learning_tf2_cpp
[1.047s] Invoked command in '/home/legacy/tutorials_ros2_ws/build/learning_tf2_cpp' returned '0': CMAKE_PREFIX_PATH=/opt/ros/foxy /usr/bin/cmake /home/legacy/tutorials_ros2_ws/src/learning_tf2_cpp -DCMAKE_INSTALL_PREFIX=/home/legacy/tutorials_ros2_ws/install/learning_tf2_cpp
[1.049s] Invoking command in '/home/legacy/tutorials_ros2_ws/build/learning_tf2_cpp': CMAKE_PREFIX_PATH=/opt/ros/foxy /usr/bin/cmake --build /home/legacy/tutorials_ros2_ws/build/learning_tf2_cpp -- -j8 -l8
[1.082s] [35m[1mScanning dependencies of target turtle_tf2_broadcaster[0m
[1.235s] [ 50%] [32mBuilding CXX object CMakeFiles/turtle_tf2_broadcaster.dir/src/turtle_tf2_broadcaster.cpp.o[0m
[5.612s] [100%] [32m[1mLinking CXX executable turtle_tf2_broadcaster[0m
[5.954s] [100%] Built target turtle_tf2_broadcaster
[5.963s] Invoked command in '/home/legacy/tutorials_ros2_ws/build/learning_tf2_cpp' returned '0': CMAKE_PREFIX_PATH=/opt/ros/foxy /usr/bin/cmake --build /home/legacy/tutorials_ros2_ws/build/learning_tf2_cpp -- -j8 -l8
[5.993s] Invoking command in '/home/legacy/tutorials_ros2_ws/build/learning_tf2_cpp': CMAKE_PREFIX_PATH=/opt/ros/foxy /usr/bin/cmake --install /home/legacy/tutorials_ros2_ws/build/learning_tf2_cpp
[5.999s] -- Install configuration: ""
[6.000s] -- Installing: /home/legacy/tutorials_ros2_ws/install/learning_tf2_cpp/lib/learning_tf2_cpp/turtle_tf2_broadcaster
[6.001s] -- Set runtime path of "/home/legacy/tutorials_ros2_ws/install/learning_tf2_cpp/lib/learning_tf2_cpp/turtle_tf2_broadcaster" to ""
[6.002s] -- Installing: /home/legacy/tutorials_ros2_ws/install/learning_tf2_cpp/share/learning_tf2_cpp//launch
[6.002s] -- Installing: /home/legacy/tutorials_ros2_ws/install/learning_tf2_cpp/share/learning_tf2_cpp//launch/turtle_tf2_demo.launch.py
[6.002s] -- Installing: /home/legacy/tutorials_ros2_ws/install/learning_tf2_cpp/share/ament_index/resource_index/package_run_dependencies/learning_tf2_cpp
[6.002s] -- Installing: /home/legacy/tutorials_ros2_ws/install/learning_tf2_cpp/share/ament_index/resource_index/parent_prefix_path/learning_tf2_cpp
[6.002s] -- Installing: /home/legacy/tutorials_ros2_ws/install/learning_tf2_cpp/share/learning_tf2_cpp/environment/ament_prefix_path.sh
[6.002s] -- Installing: /home/legacy/tutorials_ros2_ws/install/learning_tf2_cpp/share/learning_tf2_cpp/environment/ament_prefix_path.dsv
[6.002s] -- Installing: /home/legacy/tutorials_ros2_ws/install/learning_tf2_cpp/share/learning_tf2_cpp/environment/path.sh
[6.002s] -- Installing: /home/legacy/tutorials_ros2_ws/install/learning_tf2_cpp/share/learning_tf2_cpp/environment/path.dsv
[6.003s] -- Installing: /home/legacy/tutorials_ros2_ws/install/learning_tf2_cpp/share/learning_tf2_cpp/local_setup.bash
[6.003s] -- Installing: /home/legacy/tutorials_ros2_ws/install/learning_tf2_cpp/share/learning_tf2_cpp/local_setup.sh
[6.003s] -- Installing: /home/legacy/tutorials_ros2_ws/install/learning_tf2_cpp/share/learning_tf2_cpp/local_setup.zsh
[6.003s] -- Installing: /home/legacy/tutorials_ros2_ws/install/learning_tf2_cpp/share/learning_tf2_cpp/local_setup.dsv
[6.003s] -- Installing: /home/legacy/tutorials_ros2_ws/install/learning_tf2_cpp/share/learning_tf2_cpp/package.dsv
[6.003s] -- Installing: /home/legacy/tutorials_ros2_ws/install/learning_tf2_cpp/share/ament_index/resource_index/packages/learning_tf2_cpp
[6.003s] -- Installing: /home/legacy/tutorials_ros2_ws/install/learning_tf2_cpp/share/learning_tf2_cpp/cmake/learning_tf2_cppConfig.cmake
[6.003s] -- Installing: /home/legacy/tutorials_ros2_ws/install/learning_tf2_cpp/share/learning_tf2_cpp/cmake/learning_tf2_cppConfig-version.cmake
[6.003s] -- Installing: /home/legacy/tutorials_ros2_ws/install/learning_tf2_cpp/share/learning_tf2_cpp/package.xml
[6.006s] Invoked command in '/home/legacy/tutorials_ros2_ws/build/learning_tf2_cpp' returned '0': CMAKE_PREFIX_PATH=/opt/ros/foxy /usr/bin/cmake --install /home/legacy/tutorials_ros2_ws/build/learning_tf2_cpp
