[0.013s] Invoking command in '/home/legacy/tutorials_ros2_ws/build/urdf_tutorial': CMAKE_PREFIX_PATH=/home/legacy/tutorials_ros2_ws/install/py_srvcli:/home/legacy/tutorials_ros2_ws/install/learning_tf2_py:/opt/ros/foxy:${CMAKE_PREFIX_PATH} /usr/bin/cmake --build /home/legacy/tutorials_ros2_ws/build/urdf_tutorial -- -j8 -l8
[0.045s] Invoked command in '/home/legacy/tutorials_ros2_ws/build/urdf_tutorial' returned '0': CMAKE_PREFIX_PATH=/home/legacy/tutorials_ros2_ws/install/py_srvcli:/home/legacy/tutorials_ros2_ws/install/learning_tf2_py:/opt/ros/foxy:${CMAKE_PREFIX_PATH} /usr/bin/cmake --build /home/legacy/tutorials_ros2_ws/build/urdf_tutorial -- -j8 -l8
[0.073s] Invoking command in '/home/legacy/tutorials_ros2_ws/build/urdf_tutorial': CMAKE_PREFIX_PATH=/home/legacy/tutorials_ros2_ws/install/py_srvcli:/home/legacy/tutorials_ros2_ws/install/learning_tf2_py:/opt/ros/foxy:${CMAKE_PREFIX_PATH} /usr/bin/cmake --install /home/legacy/tutorials_ros2_ws/build/urdf_tutorial
[0.080s] -- Install configuration: ""
[0.080s] -- Up-to-date: /home/legacy/tutorials_ros2_ws/install/urdf_tutorial/share/ament_index/resource_index/package_run_dependencies/urdf_tutorial
[0.081s] -- Up-to-date: /home/legacy/tutorials_ros2_ws/install/urdf_tutorial/share/ament_index/resource_index/parent_prefix_path/urdf_tutorial
[0.081s] -- Up-to-date: /home/legacy/tutorials_ros2_ws/install/urdf_tutorial/share/urdf_tutorial/environment/ament_prefix_path.sh
[0.081s] -- Up-to-date: /home/legacy/tutorials_ros2_ws/install/urdf_tutorial/share/urdf_tutorial/environment/ament_prefix_path.dsv
[0.081s] -- Up-to-date: /home/legacy/tutorials_ros2_ws/install/urdf_tutorial/share/urdf_tutorial/environment/path.sh
[0.081s] -- Up-to-date: /home/legacy/tutorials_ros2_ws/install/urdf_tutorial/share/urdf_tutorial/environment/path.dsv
[0.081s] -- Up-to-date: /home/legacy/tutorials_ros2_ws/install/urdf_tutorial/share/urdf_tutorial/local_setup.bash
[0.081s] -- Up-to-date: /home/legacy/tutorials_ros2_ws/install/urdf_tutorial/share/urdf_tutorial/local_setup.sh
[0.081s] -- Up-to-date: /home/legacy/tutorials_ros2_ws/install/urdf_tutorial/share/urdf_tutorial/local_setup.zsh
[0.081s] -- Up-to-date: /home/legacy/tutorials_ros2_ws/install/urdf_tutorial/share/urdf_tutorial/local_setup.dsv
[0.081s] -- Up-to-date: /home/legacy/tutorials_ros2_ws/install/urdf_tutorial/share/urdf_tutorial/package.dsv
[0.081s] -- Up-to-date: /home/legacy/tutorials_ros2_ws/install/urdf_tutorial/share/ament_index/resource_index/packages/urdf_tutorial
[0.081s] -- Up-to-date: /home/legacy/tutorials_ros2_ws/install/urdf_tutorial/share/urdf_tutorial/cmake/urdf_tutorialConfig.cmake
[0.081s] -- Up-to-date: /home/legacy/tutorials_ros2_ws/install/urdf_tutorial/share/urdf_tutorial/cmake/urdf_tutorialConfig-version.cmake
[0.081s] -- Installing: /home/legacy/tutorials_ros2_ws/install/urdf_tutorial/share/urdf_tutorial/package.xml
[0.083s] Invoked command in '/home/legacy/tutorials_ros2_ws/build/urdf_tutorial' returned '0': CMAKE_PREFIX_PATH=/home/legacy/tutorials_ros2_ws/install/py_srvcli:/home/legacy/tutorials_ros2_ws/install/learning_tf2_py:/opt/ros/foxy:${CMAKE_PREFIX_PATH} /usr/bin/cmake --install /home/legacy/tutorials_ros2_ws/build/urdf_tutorial
