[0.011s] Invoking command in '/home/legacy/tutorials_ros2_ws/build/learning_tf2_cpp': CMAKE_PREFIX_PATH=${CMAKE_PREFIX_PATH}:/home/legacy/tutorials_ros2_ws/install/py_srvcli:/home/legacy/tutorials_ros2_ws/install/learning_tf2_py:/opt/ros/foxy /usr/bin/cmake --build /home/legacy/tutorials_ros2_ws/build/learning_tf2_cpp -- -j8 -l8
[0.051s] [35m[1mScanning dependencies of target turtle_tf2_listener[0m
[0.069s] [ 66%] Built target fixed_frame_tf2_broadcaster
[0.069s] [ 66%] Built target turtle_tf2_broadcaster
[0.077s] [ 83%] [32mBuilding CXX object CMakeFiles/turtle_tf2_listener.dir/src/turtle_tf2_listener.cpp.o[0m
[3.269s] [100%] [32m[1mLinking CXX executable turtle_tf2_listener[0m
[3.472s] [100%] Built target turtle_tf2_listener
[3.483s] Invoked command in '/home/legacy/tutorials_ros2_ws/build/learning_tf2_cpp' returned '0': CMAKE_PREFIX_PATH=${CMAKE_PREFIX_PATH}:/home/legacy/tutorials_ros2_ws/install/py_srvcli:/home/legacy/tutorials_ros2_ws/install/learning_tf2_py:/opt/ros/foxy /usr/bin/cmake --build /home/legacy/tutorials_ros2_ws/build/learning_tf2_cpp -- -j8 -l8
[3.517s] Invoking command in '/home/legacy/tutorials_ros2_ws/build/learning_tf2_cpp': CMAKE_PREFIX_PATH=${CMAKE_PREFIX_PATH}:/home/legacy/tutorials_ros2_ws/install/py_srvcli:/home/legacy/tutorials_ros2_ws/install/learning_tf2_py:/opt/ros/foxy /usr/bin/cmake --install /home/legacy/tutorials_ros2_ws/build/learning_tf2_cpp
[3.524s] -- Install configuration: ""
[3.524s] -- Up-to-date: /home/legacy/tutorials_ros2_ws/install/learning_tf2_cpp/lib/learning_tf2_cpp/turtle_tf2_broadcaster
[3.524s] -- Installing: /home/legacy/tutorials_ros2_ws/install/learning_tf2_cpp/lib/learning_tf2_cpp/turtle_tf2_listener
[3.525s] -- Set runtime path of "/home/legacy/tutorials_ros2_ws/install/learning_tf2_cpp/lib/learning_tf2_cpp/turtle_tf2_listener" to ""
[3.525s] -- Up-to-date: /home/legacy/tutorials_ros2_ws/install/learning_tf2_cpp/lib/learning_tf2_cpp/fixed_frame_tf2_broadcaster
[3.525s] -- Up-to-date: /home/legacy/tutorials_ros2_ws/install/learning_tf2_cpp/share/learning_tf2_cpp//launch
[3.526s] -- Installing: /home/legacy/tutorials_ros2_ws/install/learning_tf2_cpp/share/learning_tf2_cpp//launch/turtle_tf2_dynamic_frame_demo.launch.py
[3.526s] -- Up-to-date: /home/legacy/tutorials_ros2_ws/install/learning_tf2_cpp/share/learning_tf2_cpp//launch/turtle_tf2_fixed_frame_demo.launch.py
[3.526s] -- Up-to-date: /home/legacy/tutorials_ros2_ws/install/learning_tf2_cpp/share/learning_tf2_cpp//launch/turtle_tf2_demo.launch.py
[3.526s] -- Up-to-date: /home/legacy/tutorials_ros2_ws/install/learning_tf2_cpp/share/ament_index/resource_index/package_run_dependencies/learning_tf2_cpp
[3.526s] -- Up-to-date: /home/legacy/tutorials_ros2_ws/install/learning_tf2_cpp/share/ament_index/resource_index/parent_prefix_path/learning_tf2_cpp
[3.526s] -- Up-to-date: /home/legacy/tutorials_ros2_ws/install/learning_tf2_cpp/share/learning_tf2_cpp/environment/ament_prefix_path.sh
[3.526s] -- Up-to-date: /home/legacy/tutorials_ros2_ws/install/learning_tf2_cpp/share/learning_tf2_cpp/environment/ament_prefix_path.dsv
[3.526s] -- Up-to-date: /home/legacy/tutorials_ros2_ws/install/learning_tf2_cpp/share/learning_tf2_cpp/environment/path.sh
[3.526s] -- Up-to-date: /home/legacy/tutorials_ros2_ws/install/learning_tf2_cpp/share/learning_tf2_cpp/environment/path.dsv
[3.526s] -- Up-to-date: /home/legacy/tutorials_ros2_ws/install/learning_tf2_cpp/share/learning_tf2_cpp/local_setup.bash
[3.527s] -- Up-to-date: /home/legacy/tutorials_ros2_ws/install/learning_tf2_cpp/share/learning_tf2_cpp/local_setup.sh
[3.527s] -- Up-to-date: /home/legacy/tutorials_ros2_ws/install/learning_tf2_cpp/share/learning_tf2_cpp/local_setup.zsh
[3.527s] -- Up-to-date: /home/legacy/tutorials_ros2_ws/install/learning_tf2_cpp/share/learning_tf2_cpp/local_setup.dsv
[3.527s] -- Installing: /home/legacy/tutorials_ros2_ws/install/learning_tf2_cpp/share/learning_tf2_cpp/package.dsv
[3.527s] -- Up-to-date: /home/legacy/tutorials_ros2_ws/install/learning_tf2_cpp/share/ament_index/resource_index/packages/learning_tf2_cpp
[3.527s] -- Up-to-date: /home/legacy/tutorials_ros2_ws/install/learning_tf2_cpp/share/learning_tf2_cpp/cmake/learning_tf2_cppConfig.cmake
[3.527s] -- Up-to-date: /home/legacy/tutorials_ros2_ws/install/learning_tf2_cpp/share/learning_tf2_cpp/cmake/learning_tf2_cppConfig-version.cmake
[3.527s] -- Up-to-date: /home/legacy/tutorials_ros2_ws/install/learning_tf2_cpp/share/learning_tf2_cpp/package.xml
[3.528s] Invoked command in '/home/legacy/tutorials_ros2_ws/build/learning_tf2_cpp' returned '0': CMAKE_PREFIX_PATH=${CMAKE_PREFIX_PATH}:/home/legacy/tutorials_ros2_ws/install/py_srvcli:/home/legacy/tutorials_ros2_ws/install/learning_tf2_py:/opt/ros/foxy /usr/bin/cmake --install /home/legacy/tutorials_ros2_ws/build/learning_tf2_cpp
