[0.242s] Invoking command in '/home/legacy/tutorials_ros2_ws/build/urdf_tutorial_py': PYTHONPATH=/home/legacy/tutorials_ros2_ws/install/urdf_tutorial_py/lib/python3.8/site-packages:${PYTHONPATH} /usr/bin/python3 setup.py develop --prefix /home/legacy/tutorials_ros2_ws/install/urdf_tutorial_py --uninstall --editable --build-directory /home/legacy/tutorials_ros2_ws/build/urdf_tutorial_py/build
[0.469s] running develop
[0.622s] Invoked command in '/home/legacy/tutorials_ros2_ws/build/urdf_tutorial_py' returned '0': PYTHONPATH=/home/legacy/tutorials_ros2_ws/install/urdf_tutorial_py/lib/python3.8/site-packages:${PYTHONPATH} /usr/bin/python3 setup.py develop --prefix /home/legacy/tutorials_ros2_ws/install/urdf_tutorial_py --uninstall --editable --build-directory /home/legacy/tutorials_ros2_ws/build/urdf_tutorial_py/build
[0.622s] Invoking command in '/home/legacy/tutorials_ros2_ws/src/urdf_tutorial_py': PYTHONPATH=/home/legacy/tutorials_ros2_ws/install/urdf_tutorial_py/lib/python3.8/site-packages:${PYTHONPATH} /usr/bin/python3 setup.py egg_info --egg-base ../../build/urdf_tutorial_py build --build-base /home/legacy/tutorials_ros2_ws/build/urdf_tutorial_py/build install --prefix /home/legacy/tutorials_ros2_ws/install/urdf_tutorial_py --record /home/legacy/tutorials_ros2_ws/build/urdf_tutorial_py/install.log --single-version-externally-managed
[0.829s] running egg_info
[0.830s] writing ../../build/urdf_tutorial_py/urdf_tutorial_py.egg-info/PKG-INFO
[0.830s] writing dependency_links to ../../build/urdf_tutorial_py/urdf_tutorial_py.egg-info/dependency_links.txt
[0.830s] writing entry points to ../../build/urdf_tutorial_py/urdf_tutorial_py.egg-info/entry_points.txt
[0.830s] writing requirements to ../../build/urdf_tutorial_py/urdf_tutorial_py.egg-info/requires.txt
[0.830s] writing top-level names to ../../build/urdf_tutorial_py/urdf_tutorial_py.egg-info/top_level.txt
[0.862s] reading manifest file '../../build/urdf_tutorial_py/urdf_tutorial_py.egg-info/SOURCES.txt'
[0.863s] writing manifest file '../../build/urdf_tutorial_py/urdf_tutorial_py.egg-info/SOURCES.txt'
[0.863s] running build
[0.863s] running build_py
[0.863s] running install
[0.864s] running install_lib
[0.865s] running install_data
[0.865s] copying launch/demo.launch.py -> /home/legacy/tutorials_ros2_ws/install/urdf_tutorial_py/share/urdf_tutorial_py
[0.866s] running install_egg_info
[0.867s] removing '/home/legacy/tutorials_ros2_ws/install/urdf_tutorial_py/lib/python3.8/site-packages/urdf_tutorial_py-0.0.0-py3.8.egg-info' (and everything under it)
[0.867s] Copying ../../build/urdf_tutorial_py/urdf_tutorial_py.egg-info to /home/legacy/tutorials_ros2_ws/install/urdf_tutorial_py/lib/python3.8/site-packages/urdf_tutorial_py-0.0.0-py3.8.egg-info
[0.868s] running install_scripts
[0.883s] Installing state_publisher script to /home/legacy/tutorials_ros2_ws/install/urdf_tutorial_py/lib/urdf_tutorial_py
[0.884s] writing list of installed files to '/home/legacy/tutorials_ros2_ws/build/urdf_tutorial_py/install.log'
[0.903s] Invoked command in '/home/legacy/tutorials_ros2_ws/src/urdf_tutorial_py' returned '0': PYTHONPATH=/home/legacy/tutorials_ros2_ws/install/urdf_tutorial_py/lib/python3.8/site-packages:${PYTHONPATH} /usr/bin/python3 setup.py egg_info --egg-base ../../build/urdf_tutorial_py build --build-base /home/legacy/tutorials_ros2_ws/build/urdf_tutorial_py/build install --prefix /home/legacy/tutorials_ros2_ws/install/urdf_tutorial_py --record /home/legacy/tutorials_ros2_ws/build/urdf_tutorial_py/install.log --single-version-externally-managed
