[0.215s] Invoking command in '/home/legacy/tutorials_ros2_ws/src/py_srvcli': PYTHONPATH=/home/legacy/tutorials_ros2_ws/install/py_srvcli/lib/python3.8/site-packages:${PYTHONPATH} /usr/bin/python3 setup.py egg_info --egg-base ../../build/py_srvcli build --build-base /home/legacy/tutorials_ros2_ws/build/py_srvcli/build install --prefix /home/legacy/tutorials_ros2_ws/install/py_srvcli --record /home/legacy/tutorials_ros2_ws/build/py_srvcli/install.log --single-version-externally-managed
[0.412s] running egg_info
[0.413s] creating ../../build/py_srvcli/py_srvcli.egg-info
[0.413s] writing ../../build/py_srvcli/py_srvcli.egg-info/PKG-INFO
[0.413s] writing dependency_links to ../../build/py_srvcli/py_srvcli.egg-info/dependency_links.txt
[0.413s] writing entry points to ../../build/py_srvcli/py_srvcli.egg-info/entry_points.txt
[0.413s] writing requirements to ../../build/py_srvcli/py_srvcli.egg-info/requires.txt
[0.413s] writing top-level names to ../../build/py_srvcli/py_srvcli.egg-info/top_level.txt
[0.415s] writing manifest file '../../build/py_srvcli/py_srvcli.egg-info/SOURCES.txt'
[0.460s] reading manifest file '../../build/py_srvcli/py_srvcli.egg-info/SOURCES.txt'
[0.460s] writing manifest file '../../build/py_srvcli/py_srvcli.egg-info/SOURCES.txt'
[0.460s] running build
[0.460s] running build_py
[0.460s] creating /home/legacy/tutorials_ros2_ws/build/py_srvcli/build
[0.460s] creating /home/legacy/tutorials_ros2_ws/build/py_srvcli/build/lib
[0.461s] creating /home/legacy/tutorials_ros2_ws/build/py_srvcli/build/lib/py_srvcli
[0.461s] copying py_srvcli/__init__.py -> /home/legacy/tutorials_ros2_ws/build/py_srvcli/build/lib/py_srvcli
[0.461s] copying py_srvcli/client_member_function.py -> /home/legacy/tutorials_ros2_ws/build/py_srvcli/build/lib/py_srvcli
[0.461s] copying py_srvcli/service_member_function.py -> /home/legacy/tutorials_ros2_ws/build/py_srvcli/build/lib/py_srvcli
[0.461s] running install
[0.462s] running install_lib
[0.463s] creating /home/legacy/tutorials_ros2_ws/install/py_srvcli/lib/python3.8/site-packages/py_srvcli
[0.463s] copying /home/legacy/tutorials_ros2_ws/build/py_srvcli/build/lib/py_srvcli/__init__.py -> /home/legacy/tutorials_ros2_ws/install/py_srvcli/lib/python3.8/site-packages/py_srvcli
[0.463s] copying /home/legacy/tutorials_ros2_ws/build/py_srvcli/build/lib/py_srvcli/client_member_function.py -> /home/legacy/tutorials_ros2_ws/install/py_srvcli/lib/python3.8/site-packages/py_srvcli
[0.463s] copying /home/legacy/tutorials_ros2_ws/build/py_srvcli/build/lib/py_srvcli/service_member_function.py -> /home/legacy/tutorials_ros2_ws/install/py_srvcli/lib/python3.8/site-packages/py_srvcli
[0.464s] byte-compiling /home/legacy/tutorials_ros2_ws/install/py_srvcli/lib/python3.8/site-packages/py_srvcli/__init__.py to __init__.cpython-38.pyc
[0.465s] byte-compiling /home/legacy/tutorials_ros2_ws/install/py_srvcli/lib/python3.8/site-packages/py_srvcli/client_member_function.py to client_member_function.cpython-38.pyc
[0.465s] byte-compiling /home/legacy/tutorials_ros2_ws/install/py_srvcli/lib/python3.8/site-packages/py_srvcli/service_member_function.py to service_member_function.cpython-38.pyc
[0.465s] running install_data
[0.466s] creating /home/legacy/tutorials_ros2_ws/install/py_srvcli/share/ament_index
[0.466s] creating /home/legacy/tutorials_ros2_ws/install/py_srvcli/share/ament_index/resource_index
[0.466s] creating /home/legacy/tutorials_ros2_ws/install/py_srvcli/share/ament_index/resource_index/packages
[0.466s] copying resource/py_srvcli -> /home/legacy/tutorials_ros2_ws/install/py_srvcli/share/ament_index/resource_index/packages
[0.466s] copying package.xml -> /home/legacy/tutorials_ros2_ws/install/py_srvcli/share/py_srvcli
[0.466s] running install_egg_info
[0.468s] Copying ../../build/py_srvcli/py_srvcli.egg-info to /home/legacy/tutorials_ros2_ws/install/py_srvcli/lib/python3.8/site-packages/py_srvcli-0.0.0-py3.8.egg-info
[0.468s] running install_scripts
[0.485s] Installing client script to /home/legacy/tutorials_ros2_ws/install/py_srvcli/lib/py_srvcli
[0.486s] Installing service script to /home/legacy/tutorials_ros2_ws/install/py_srvcli/lib/py_srvcli
[0.486s] writing list of installed files to '/home/legacy/tutorials_ros2_ws/build/py_srvcli/install.log'
[0.502s] Invoked command in '/home/legacy/tutorials_ros2_ws/src/py_srvcli' returned '0': PYTHONPATH=/home/legacy/tutorials_ros2_ws/install/py_srvcli/lib/python3.8/site-packages:${PYTHONPATH} /usr/bin/python3 setup.py egg_info --egg-base ../../build/py_srvcli build --build-base /home/legacy/tutorials_ros2_ws/build/py_srvcli/build install --prefix /home/legacy/tutorials_ros2_ws/install/py_srvcli --record /home/legacy/tutorials_ros2_ws/build/py_srvcli/install.log --single-version-externally-managed
