[0.023s] Invoking command in '/home/legacy/tutorials_ros2_ws/build/cpp_pubsub': CMAKE_PREFIX_PATH=/opt/ros/foxy /usr/bin/cmake --build /home/legacy/tutorials_ros2_ws/build/cpp_pubsub -- -j8 -l8
[0.227s] [100%] Built target talker
[0.227s] [100%] Built target listener
[0.239s] Invoked command in '/home/legacy/tutorials_ros2_ws/build/cpp_pubsub' returned '0': CMAKE_PREFIX_PATH=/opt/ros/foxy /usr/bin/cmake --build /home/legacy/tutorials_ros2_ws/build/cpp_pubsub -- -j8 -l8
[0.271s] Invoking command in '/home/legacy/tutorials_ros2_ws/build/cpp_pubsub': CMAKE_PREFIX_PATH=/opt/ros/foxy /usr/bin/cmake --install /home/legacy/tutorials_ros2_ws/build/cpp_pubsub
[0.281s] -- Install configuration: ""
[0.283s] -- Up-to-date: /home/legacy/tutorials_ros2_ws/install/cpp_pubsub/lib/cpp_pubsub/talker
[0.284s] -- Up-to-date: /home/legacy/tutorials_ros2_ws/install/cpp_pubsub/lib/cpp_pubsub/listener
[0.286s] -- Up-to-date: /home/legacy/tutorials_ros2_ws/install/cpp_pubsub/share/ament_index/resource_index/package_run_dependencies/cpp_pubsub
[0.286s] -- Up-to-date: /home/legacy/tutorials_ros2_ws/install/cpp_pubsub/share/ament_index/resource_index/parent_prefix_path/cpp_pubsub
[0.287s] -- Up-to-date: /home/legacy/tutorials_ros2_ws/install/cpp_pubsub/share/cpp_pubsub/environment/ament_prefix_path.sh
[0.287s] -- Up-to-date: /home/legacy/tutorials_ros2_ws/install/cpp_pubsub/share/cpp_pubsub/environment/ament_prefix_path.dsv
[0.288s] -- Up-to-date: /home/legacy/tutorials_ros2_ws/install/cpp_pubsub/share/cpp_pubsub/environment/path.sh
[0.288s] -- Up-to-date: /home/legacy/tutorials_ros2_ws/install/cpp_pubsub/share/cpp_pubsub/environment/path.dsv
[0.288s] -- Up-to-date: /home/legacy/tutorials_ros2_ws/install/cpp_pubsub/share/cpp_pubsub/local_setup.bash
[0.288s] -- Up-to-date: /home/legacy/tutorials_ros2_ws/install/cpp_pubsub/share/cpp_pubsub/local_setup.sh
[0.288s] -- Up-to-date: /home/legacy/tutorials_ros2_ws/install/cpp_pubsub/share/cpp_pubsub/local_setup.zsh
[0.288s] -- Up-to-date: /home/legacy/tutorials_ros2_ws/install/cpp_pubsub/share/cpp_pubsub/local_setup.dsv
[0.288s] -- Installing: /home/legacy/tutorials_ros2_ws/install/cpp_pubsub/share/cpp_pubsub/package.dsv
[0.289s] -- Up-to-date: /home/legacy/tutorials_ros2_ws/install/cpp_pubsub/share/ament_index/resource_index/packages/cpp_pubsub
[0.291s] -- Up-to-date: /home/legacy/tutorials_ros2_ws/install/cpp_pubsub/share/cpp_pubsub/cmake/cpp_pubsubConfig.cmake
[0.291s] -- Up-to-date: /home/legacy/tutorials_ros2_ws/install/cpp_pubsub/share/cpp_pubsub/cmake/cpp_pubsubConfig-version.cmake
[0.292s] -- Up-to-date: /home/legacy/tutorials_ros2_ws/install/cpp_pubsub/share/cpp_pubsub/package.xml
[0.294s] Invoked command in '/home/legacy/tutorials_ros2_ws/build/cpp_pubsub' returned '0': CMAKE_PREFIX_PATH=/opt/ros/foxy /usr/bin/cmake --install /home/legacy/tutorials_ros2_ws/build/cpp_pubsub
