Performing C SOURCE FILE Test CMAKE_HAVE_LIBC_PTHREAD failed with the following output:
Change Dir: /home/legacy/tutorials_ros2_ws/build/cpp_pubsub/CMakeFiles/CMakeTmp

Run Build Command(s):/usr/bin/make cmTC_721a0/fast && /usr/bin/make -f CMakeFiles/cmTC_721a0.dir/build.make CMakeFiles/cmTC_721a0.dir/build
make[1]: Entering directory '/home/legacy/tutorials_ros2_ws/build/cpp_pubsub/CMakeFiles/CMakeTmp'
Building C object CMakeFiles/cmTC_721a0.dir/src.c.o
/usr/bin/cc   -DCMAKE_HAVE_LIBC_PTHREAD   -o CMakeFiles/cmTC_721a0.dir/src.c.o   -c /home/legacy/tutorials_ros2_ws/build/cpp_pubsub/CMakeFiles/CMakeTmp/src.c
Linking C executable cmTC_721a0
/usr/bin/cmake -E cmake_link_script CMakeFiles/cmTC_721a0.dir/link.txt --verbose=1
/usr/bin/cc  -DCMAKE_HAVE_LIBC_PTHREAD    CMakeFiles/cmTC_721a0.dir/src.c.o  -o cmTC_721a0 
/home/linuxbrew/.linuxbrew/bin/ld: CMakeFiles/cmTC_721a0.dir/src.c.o: in function `main':
src.c:(.text+0x46): undefined reference to `pthread_create'
/home/linuxbrew/.linuxbrew/bin/ld: src.c:(.text+0x52): undefined reference to `pthread_detach'
/home/linuxbrew/.linuxbrew/bin/ld: src.c:(.text+0x63): undefined reference to `pthread_join'
collect2: error: ld returned 1 exit status
make[1]: *** [CMakeFiles/cmTC_721a0.dir/build.make:87: cmTC_721a0] Error 1
make[1]: Leaving directory '/home/legacy/tutorials_ros2_ws/build/cpp_pubsub/CMakeFiles/CMakeTmp'
make: *** [Makefile:121: cmTC_721a0/fast] Error 2


Source file was:
#include <pthread.h>

void* test_func(void* data)
{
  return data;
}

int main(void)
{
  pthread_t thread;
  pthread_create(&thread, NULL, test_func, NULL);
  pthread_detach(thread);
  pthread_join(thread, NULL);
  pthread_atfork(NULL, NULL, NULL);
  pthread_exit(NULL);

  return 0;
}

Determining if the function pthread_create exists in the pthreads failed with the following output:
Change Dir: /home/legacy/tutorials_ros2_ws/build/cpp_pubsub/CMakeFiles/CMakeTmp

Run Build Command(s):/usr/bin/make cmTC_e83a2/fast && /usr/bin/make -f CMakeFiles/cmTC_e83a2.dir/build.make CMakeFiles/cmTC_e83a2.dir/build
make[1]: Entering directory '/home/legacy/tutorials_ros2_ws/build/cpp_pubsub/CMakeFiles/CMakeTmp'
Building C object CMakeFiles/cmTC_e83a2.dir/CheckFunctionExists.c.o
/usr/bin/cc   -DCHECK_FUNCTION_EXISTS=pthread_create   -o CMakeFiles/cmTC_e83a2.dir/CheckFunctionExists.c.o   -c /usr/share/cmake-3.16/Modules/CheckFunctionExists.c
Linking C executable cmTC_e83a2
/usr/bin/cmake -E cmake_link_script CMakeFiles/cmTC_e83a2.dir/link.txt --verbose=1
/usr/bin/cc  -DCHECK_FUNCTION_EXISTS=pthread_create    CMakeFiles/cmTC_e83a2.dir/CheckFunctionExists.c.o  -o cmTC_e83a2  -lpthreads 
/home/linuxbrew/.linuxbrew/bin/ld: cannot find -lpthreads
collect2: error: ld returned 1 exit status
make[1]: *** [CMakeFiles/cmTC_e83a2.dir/build.make:87: cmTC_e83a2] Error 1
make[1]: Leaving directory '/home/legacy/tutorials_ros2_ws/build/cpp_pubsub/CMakeFiles/CMakeTmp'
make: *** [Makefile:121: cmTC_e83a2/fast] Error 2



