[0.012s] Invoking command in '/home/legacy/tutorials_ros2_ws/build/urdf_tutorial': CMAKE_PREFIX_PATH=/opt/ros/foxy /usr/bin/cmake /home/legacy/tutorials_ros2_ws/src/urdf_tutorial -DCMAKE_INSTALL_PREFIX=/home/legacy/tutorials_ros2_ws/install/urdf_tutorial
[0.029s] -- Found ament_cmake: 0.9.8 (/opt/ros/foxy/share/ament_cmake/cmake)
[0.052s] -- Found PythonInterp: /usr/bin/python3 (found suitable version "3.8.10", minimum required is "3") 
[0.052s] -- Using PYTHON_EXECUTABLE: /usr/bin/python3
[0.243s] -- Found ament_lint_auto: 0.9.6 (/opt/ros/foxy/share/ament_lint_auto/cmake)
[0.309s] -- Added test 'copyright' to check source files copyright and LICENSE
[0.311s] -- Added test 'lint_cmake' to check CMake code style
[0.312s] -- Added test 'xmllint' to check XML markup files
[0.314s] -- Configuring done
[0.316s] -- Generating done
[0.317s] -- Build files have been written to: /home/legacy/tutorials_ros2_ws/build/urdf_tutorial
[0.319s] Invoked command in '/home/legacy/tutorials_ros2_ws/build/urdf_tutorial' returned '0': CMAKE_PREFIX_PATH=/opt/ros/foxy /usr/bin/cmake /home/legacy/tutorials_ros2_ws/src/urdf_tutorial -DCMAKE_INSTALL_PREFIX=/home/legacy/tutorials_ros2_ws/install/urdf_tutorial
[0.321s] Invoking command in '/home/legacy/tutorials_ros2_ws/build/urdf_tutorial': CMAKE_PREFIX_PATH=/opt/ros/foxy /usr/bin/cmake --build /home/legacy/tutorials_ros2_ws/build/urdf_tutorial -- -j8 -l8
[0.352s] Invoked command in '/home/legacy/tutorials_ros2_ws/build/urdf_tutorial' returned '0': CMAKE_PREFIX_PATH=/opt/ros/foxy /usr/bin/cmake --build /home/legacy/tutorials_ros2_ws/build/urdf_tutorial -- -j8 -l8
[0.379s] Invoking command in '/home/legacy/tutorials_ros2_ws/build/urdf_tutorial': CMAKE_PREFIX_PATH=/opt/ros/foxy /usr/bin/cmake --install /home/legacy/tutorials_ros2_ws/build/urdf_tutorial
[0.386s] -- Install configuration: ""
[0.386s] -- Installing: /home/legacy/tutorials_ros2_ws/install/urdf_tutorial/share/ament_index/resource_index/package_run_dependencies/urdf_tutorial
[0.387s] -- Installing: /home/legacy/tutorials_ros2_ws/install/urdf_tutorial/share/ament_index/resource_index/parent_prefix_path/urdf_tutorial
[0.387s] -- Installing: /home/legacy/tutorials_ros2_ws/install/urdf_tutorial/share/urdf_tutorial/environment/ament_prefix_path.sh
[0.387s] -- Installing: /home/legacy/tutorials_ros2_ws/install/urdf_tutorial/share/urdf_tutorial/environment/ament_prefix_path.dsv
[0.387s] -- Installing: /home/legacy/tutorials_ros2_ws/install/urdf_tutorial/share/urdf_tutorial/environment/path.sh
[0.387s] -- Installing: /home/legacy/tutorials_ros2_ws/install/urdf_tutorial/share/urdf_tutorial/environment/path.dsv
[0.387s] -- Installing: /home/legacy/tutorials_ros2_ws/install/urdf_tutorial/share/urdf_tutorial/local_setup.bash
[0.387s] -- Installing: /home/legacy/tutorials_ros2_ws/install/urdf_tutorial/share/urdf_tutorial/local_setup.sh
[0.387s] -- Installing: /home/legacy/tutorials_ros2_ws/install/urdf_tutorial/share/urdf_tutorial/local_setup.zsh
[0.387s] -- Installing: /home/legacy/tutorials_ros2_ws/install/urdf_tutorial/share/urdf_tutorial/local_setup.dsv
[0.388s] -- Installing: /home/legacy/tutorials_ros2_ws/install/urdf_tutorial/share/urdf_tutorial/package.dsv
[0.388s] -- Installing: /home/legacy/tutorials_ros2_ws/install/urdf_tutorial/share/ament_index/resource_index/packages/urdf_tutorial
[0.388s] -- Installing: /home/legacy/tutorials_ros2_ws/install/urdf_tutorial/share/urdf_tutorial/cmake/urdf_tutorialConfig.cmake
[0.388s] -- Installing: /home/legacy/tutorials_ros2_ws/install/urdf_tutorial/share/urdf_tutorial/cmake/urdf_tutorialConfig-version.cmake
[0.388s] -- Installing: /home/legacy/tutorials_ros2_ws/install/urdf_tutorial/share/urdf_tutorial/package.xml
[0.390s] Invoked command in '/home/legacy/tutorials_ros2_ws/build/urdf_tutorial' returned '0': CMAKE_PREFIX_PATH=/opt/ros/foxy /usr/bin/cmake --install /home/legacy/tutorials_ros2_ws/build/urdf_tutorial
