[0.249s] Invoking command in '/home/legacy/tutorials_ros2_ws/src/urdf_tutorial_py': PYTHONPATH=/home/legacy/tutorials_ros2_ws/install/urdf_tutorial_py/lib/python3.8/site-packages:${PYTHONPATH} /usr/bin/python3 setup.py egg_info --egg-base ../../build/urdf_tutorial_py build --build-base /home/legacy/tutorials_ros2_ws/build/urdf_tutorial_py/build install --prefix /home/legacy/tutorials_ros2_ws/install/urdf_tutorial_py --record /home/legacy/tutorials_ros2_ws/build/urdf_tutorial_py/install.log --single-version-externally-managed
[0.471s] running egg_info
[0.471s] creating ../../build/urdf_tutorial_py/urdf_tutorial_py.egg-info
[0.472s] writing ../../build/urdf_tutorial_py/urdf_tutorial_py.egg-info/PKG-INFO
[0.472s] writing dependency_links to ../../build/urdf_tutorial_py/urdf_tutorial_py.egg-info/dependency_links.txt
[0.472s] writing entry points to ../../build/urdf_tutorial_py/urdf_tutorial_py.egg-info/entry_points.txt
[0.472s] writing requirements to ../../build/urdf_tutorial_py/urdf_tutorial_py.egg-info/requires.txt
[0.472s] writing top-level names to ../../build/urdf_tutorial_py/urdf_tutorial_py.egg-info/top_level.txt
[0.473s] writing manifest file '../../build/urdf_tutorial_py/urdf_tutorial_py.egg-info/SOURCES.txt'
[0.507s] reading manifest file '../../build/urdf_tutorial_py/urdf_tutorial_py.egg-info/SOURCES.txt'
[0.508s] writing manifest file '../../build/urdf_tutorial_py/urdf_tutorial_py.egg-info/SOURCES.txt'
[0.508s] running build
[0.508s] running build_py
[0.508s] creating /home/legacy/tutorials_ros2_ws/build/urdf_tutorial_py/build
[0.508s] creating /home/legacy/tutorials_ros2_ws/build/urdf_tutorial_py/build/lib
[0.508s] creating /home/legacy/tutorials_ros2_ws/build/urdf_tutorial_py/build/lib/urdf_tutorial_py
[0.509s] copying urdf_tutorial_py/__init__.py -> /home/legacy/tutorials_ros2_ws/build/urdf_tutorial_py/build/lib/urdf_tutorial_py
[0.509s] copying urdf_tutorial_py/state_publisher.py -> /home/legacy/tutorials_ros2_ws/build/urdf_tutorial_py/build/lib/urdf_tutorial_py
[0.509s] running install
[0.509s] running install_lib
[0.510s] creating /home/legacy/tutorials_ros2_ws/install/urdf_tutorial_py/lib/python3.8/site-packages/urdf_tutorial_py
[0.510s] copying /home/legacy/tutorials_ros2_ws/build/urdf_tutorial_py/build/lib/urdf_tutorial_py/__init__.py -> /home/legacy/tutorials_ros2_ws/install/urdf_tutorial_py/lib/python3.8/site-packages/urdf_tutorial_py
[0.511s] copying /home/legacy/tutorials_ros2_ws/build/urdf_tutorial_py/build/lib/urdf_tutorial_py/state_publisher.py -> /home/legacy/tutorials_ros2_ws/install/urdf_tutorial_py/lib/python3.8/site-packages/urdf_tutorial_py
[0.511s] byte-compiling /home/legacy/tutorials_ros2_ws/install/urdf_tutorial_py/lib/python3.8/site-packages/urdf_tutorial_py/__init__.py to __init__.cpython-38.pyc
[0.512s] byte-compiling /home/legacy/tutorials_ros2_ws/install/urdf_tutorial_py/lib/python3.8/site-packages/urdf_tutorial_py/state_publisher.py to state_publisher.cpython-38.pyc
[0.513s] running install_data
[0.513s] creating /home/legacy/tutorials_ros2_ws/install/urdf_tutorial_py/share/ament_index
[0.513s] creating /home/legacy/tutorials_ros2_ws/install/urdf_tutorial_py/share/ament_index/resource_index
[0.513s] creating /home/legacy/tutorials_ros2_ws/install/urdf_tutorial_py/share/ament_index/resource_index/packages
[0.514s] copying resource/urdf_tutorial_py -> /home/legacy/tutorials_ros2_ws/install/urdf_tutorial_py/share/ament_index/resource_index/packages
[0.514s] copying package.xml -> /home/legacy/tutorials_ros2_ws/install/urdf_tutorial_py/share/urdf_tutorial_py
[0.514s] copying launch/demo.launch.py -> /home/legacy/tutorials_ros2_ws/install/urdf_tutorial_py/share/urdf_tutorial_py
[0.514s] copying urdf/r2d2.urdf.xml -> /home/legacy/tutorials_ros2_ws/install/urdf_tutorial_py/share/urdf_tutorial_py
[0.514s] copying urdf/r2d2.rviz -> /home/legacy/tutorials_ros2_ws/install/urdf_tutorial_py/share/urdf_tutorial_py
[0.514s] running install_egg_info
[0.515s] Copying ../../build/urdf_tutorial_py/urdf_tutorial_py.egg-info to /home/legacy/tutorials_ros2_ws/install/urdf_tutorial_py/lib/python3.8/site-packages/urdf_tutorial_py-0.0.0-py3.8.egg-info
[0.516s] running install_scripts
[0.534s] Installing state_publisher script to /home/legacy/tutorials_ros2_ws/install/urdf_tutorial_py/lib/urdf_tutorial_py
[0.534s] writing list of installed files to '/home/legacy/tutorials_ros2_ws/build/urdf_tutorial_py/install.log'
[0.557s] Invoked command in '/home/legacy/tutorials_ros2_ws/src/urdf_tutorial_py' returned '0': PYTHONPATH=/home/legacy/tutorials_ros2_ws/install/urdf_tutorial_py/lib/python3.8/site-packages:${PYTHONPATH} /usr/bin/python3 setup.py egg_info --egg-base ../../build/urdf_tutorial_py build --build-base /home/legacy/tutorials_ros2_ws/build/urdf_tutorial_py/build install --prefix /home/legacy/tutorials_ros2_ws/install/urdf_tutorial_py --record /home/legacy/tutorials_ros2_ws/build/urdf_tutorial_py/install.log --single-version-externally-managed
