[0.244s] Invoking command in '/home/legacy/tutorials_ros2_ws/build/tutorial_interfaces': CMAKE_PREFIX_PATH=${CMAKE_PREFIX_PATH}:/home/legacy/tutorials_ros2_ws/install/py_srvcli:/opt/ros/foxy /usr/bin/cmake /home/legacy/tutorials_ros2_ws/src/tutorial_interfaces -DCMAKE_INSTALL_PREFIX=/home/legacy/tutorials_ros2_ws/install/tutorial_interfaces
[0.315s] -- The C compiler identification is GNU 9.3.0
[0.380s] -- The CXX compiler identification is GNU 9.3.0
[0.383s] -- Check for working C compiler: /usr/bin/cc
[0.451s] -- Check for working C compiler: /usr/bin/cc -- works
[0.452s] -- Detecting C compiler ABI info
[0.521s] -- Detecting C compiler ABI info - done
[0.533s] -- Detecting C compile features
[0.533s] -- Detecting C compile features - done
[0.535s] -- Check for working CXX compiler: /usr/bin/c++
[0.617s] -- Check for working CXX compiler: /usr/bin/c++ -- works
[0.618s] -- Detecting CXX compiler ABI info
[0.691s] -- Detecting CXX compiler ABI info - done
[0.703s] -- Detecting CXX compile features
[0.703s] -- Detecting CXX compile features - done
[0.705s] -- Found ament_cmake: 0.9.8 (/opt/ros/foxy/share/ament_cmake/cmake)
[0.727s] -- Found PythonInterp: /usr/bin/python3 (found suitable version "3.8.10", minimum required is "3") 
[0.728s] -- Using PYTHON_EXECUTABLE: /usr/bin/python3
[0.908s] -- Found rosidl_default_generators: 1.0.1 (/opt/ros/foxy/share/rosidl_default_generators/cmake)
[0.912s] -- Using all available rosidl_typesupport_c: rosidl_typesupport_fastrtps_c;rosidl_typesupport_introspection_c
[0.918s] -- Found rosidl_adapter: 1.2.1 (/opt/ros/foxy/share/rosidl_adapter/cmake)
[0.984s] -- Found OpenSSL: /home/linuxbrew/.linuxbrew/Cellar/openssl@1.1/1.1.1k/lib/libcrypto.so (found version "1.1.1k")  
[1.011s] -- Found FastRTPS: /opt/ros/foxy/include  
[1.083s] -- Using all available rosidl_typesupport_cpp: rosidl_typesupport_fastrtps_cpp;rosidl_typesupport_introspection_cpp
[1.127s] -- Found PythonInterp: /usr/bin/python3 (found version "3.8.10") 
[1.238s] -- Found ament_cmake_ros: 0.9.2 (/opt/ros/foxy/share/ament_cmake_ros/cmake)
[1.332s] -- Using all available rosidl_typesupport_c: rosidl_typesupport_fastrtps_c;rosidl_typesupport_introspection_c
[1.340s] -- Using all available rosidl_typesupport_cpp: rosidl_typesupport_fastrtps_cpp;rosidl_typesupport_introspection_cpp
[1.359s] -- Found PythonInterp: /usr/bin/python3 (found suitable version "3.8.10", minimum required is "3.5") 
[1.361s] -- Found python_cmake_module: 0.8.1 (/opt/ros/foxy/share/python_cmake_module/cmake)
[1.386s] -- Found PythonLibs: /usr/lib/x86_64-linux-gnu/libpython3.8.so (found suitable version "3.8.10", minimum required is "3.5") 
[1.386s] -- Using PYTHON_EXECUTABLE: /usr/bin/python3
[1.386s] -- Using PYTHON_INCLUDE_DIRS: /usr/include/python3.8
[1.386s] -- Using PYTHON_LIBRARIES: /usr/lib/x86_64-linux-gnu/libpython3.8.so
[1.404s] -- Found PythonExtra: .so  
[1.440s] -- Found ament_lint_auto: 0.9.6 (/opt/ros/foxy/share/ament_lint_auto/cmake)
[1.462s] -- Added test 'copyright' to check source files copyright and LICENSE
[1.463s] -- Added test 'lint_cmake' to check CMake code style
[1.464s] -- Added test 'xmllint' to check XML markup files
[1.468s] -- Configuring done
[1.518s] -- Generating done
[1.521s] -- Build files have been written to: /home/legacy/tutorials_ros2_ws/build/tutorial_interfaces
[1.526s] Invoked command in '/home/legacy/tutorials_ros2_ws/build/tutorial_interfaces' returned '0': CMAKE_PREFIX_PATH=${CMAKE_PREFIX_PATH}:/home/legacy/tutorials_ros2_ws/install/py_srvcli:/opt/ros/foxy /usr/bin/cmake /home/legacy/tutorials_ros2_ws/src/tutorial_interfaces -DCMAKE_INSTALL_PREFIX=/home/legacy/tutorials_ros2_ws/install/tutorial_interfaces
[1.529s] Invoking command in '/home/legacy/tutorials_ros2_ws/build/tutorial_interfaces': CMAKE_PREFIX_PATH=${CMAKE_PREFIX_PATH}:/home/legacy/tutorials_ros2_ws/install/py_srvcli:/opt/ros/foxy /usr/bin/cmake --build /home/legacy/tutorials_ros2_ws/build/tutorial_interfaces -- -j8 -l8
[1.563s] [  2%] [34m[1mGenerating C code for ROS interfaces[0m
[1.563s] [35m[1mScanning dependencies of target tutorial_interfaces__cpp[0m
[1.573s] [  5%] [34m[1mGenerating C++ code for ROS interfaces[0m
[1.849s] [35m[1mScanning dependencies of target tutorial_interfaces__rosidl_generator_c[0m
[1.858s] [  5%] Built target tutorial_interfaces__cpp
[1.861s] [ 10%] [32mBuilding C object CMakeFiles/tutorial_interfaces__rosidl_generator_c.dir/rosidl_generator_c/tutorial_interfaces/msg/detail/num__functions.c.o[0m
[1.861s] [ 10%] [32mBuilding C object CMakeFiles/tutorial_interfaces__rosidl_generator_c.dir/rosidl_generator_c/tutorial_interfaces/srv/detail/add_three_ints__functions.c.o[0m
[1.870s] [ 15%] [34m[1mGenerating C++ type support for eProsima Fast-RTPS[0m
[1.870s] [ 15%] [34m[1mGenerating C++ introspection for ROS interfaces[0m
[1.873s] [ 17%] [34m[1mGenerating C++ type support dispatch for ROS interfaces[0m
[1.913s] [ 20%] [32m[1mLinking C shared library libtutorial_interfaces__rosidl_generator_c.so[0m
[1.960s] [ 20%] Built target tutorial_interfaces__rosidl_generator_c
[1.972s] [ 23%] [34m[1mGenerating C introspection for ROS interfaces[0m
[1.978s] [ 25%] [34m[1mGenerating C type support dispatch for ROS interfaces[0m
[2.190s] [35m[1mScanning dependencies of target tutorial_interfaces__rosidl_typesupport_cpp[0m
[2.206s] [35m[1mScanning dependencies of target tutorial_interfaces__rosidl_typesupport_introspection_cpp[0m
[2.213s] [ 30%] [32mBuilding CXX object CMakeFiles/tutorial_interfaces__rosidl_typesupport_cpp.dir/rosidl_typesupport_cpp/tutorial_interfaces/msg/num__type_support.cpp.o[0m
[2.213s] [ 30%] [32mBuilding CXX object CMakeFiles/tutorial_interfaces__rosidl_typesupport_cpp.dir/rosidl_typesupport_cpp/tutorial_interfaces/srv/add_three_ints__type_support.cpp.o[0m
[2.219s] [35m[1mScanning dependencies of target tutorial_interfaces__rosidl_typesupport_fastrtps_cpp[0m
[2.227s] [ 33%] [32mBuilding CXX object CMakeFiles/tutorial_interfaces__rosidl_typesupport_introspection_cpp.dir/rosidl_typesupport_introspection_cpp/tutorial_interfaces/msg/detail/num__type_support.cpp.o[0m
[2.228s] [ 35%] [32mBuilding CXX object CMakeFiles/tutorial_interfaces__rosidl_typesupport_introspection_cpp.dir/rosidl_typesupport_introspection_cpp/tutorial_interfaces/srv/detail/add_three_ints__type_support.cpp.o[0m
[2.252s] [ 38%] [32mBuilding CXX object CMakeFiles/tutorial_interfaces__rosidl_typesupport_fastrtps_cpp.dir/rosidl_typesupport_fastrtps_cpp/tutorial_interfaces/msg/detail/dds_fastrtps/num__type_support.cpp.o[0m
[2.261s] [ 41%] [32mBuilding CXX object CMakeFiles/tutorial_interfaces__rosidl_typesupport_fastrtps_cpp.dir/rosidl_typesupport_fastrtps_cpp/tutorial_interfaces/srv/detail/dds_fastrtps/add_three_ints__type_support.cpp.o[0m
[2.462s] [35m[1mScanning dependencies of target tutorial_interfaces__rosidl_typesupport_c[0m
[2.486s] [ 43%] [32mBuilding CXX object CMakeFiles/tutorial_interfaces__rosidl_typesupport_c.dir/rosidl_typesupport_c/tutorial_interfaces/msg/num__type_support.cpp.o[0m
[2.538s] [ 46%] [32mBuilding CXX object CMakeFiles/tutorial_interfaces__rosidl_typesupport_c.dir/rosidl_typesupport_c/tutorial_interfaces/srv/add_three_ints__type_support.cpp.o[0m
[2.558s] [35m[1mScanning dependencies of target tutorial_interfaces__rosidl_typesupport_introspection_c[0m
[2.581s] [ 48%] [32mBuilding C object CMakeFiles/tutorial_interfaces__rosidl_typesupport_introspection_c.dir/rosidl_typesupport_introspection_c/tutorial_interfaces/msg/detail/num__type_support.c.o[0m
[2.593s] [ 51%] [32m[1mLinking CXX shared library libtutorial_interfaces__rosidl_typesupport_c.so[0m
[2.638s] [ 53%] [32mBuilding C object CMakeFiles/tutorial_interfaces__rosidl_typesupport_introspection_c.dir/rosidl_typesupport_introspection_c/tutorial_interfaces/srv/detail/add_three_ints__type_support.c.o[0m
[2.686s] [ 53%] Built target tutorial_interfaces__rosidl_typesupport_c
[2.696s] [ 56%] [32m[1mLinking C shared library libtutorial_interfaces__rosidl_typesupport_introspection_c.so[0m
[2.742s] [ 56%] Built target tutorial_interfaces__rosidl_typesupport_introspection_c
[2.785s] [ 58%] [32m[1mLinking CXX shared library libtutorial_interfaces__rosidl_typesupport_cpp.so[0m
[2.812s] [ 61%] [32m[1mLinking CXX shared library libtutorial_interfaces__rosidl_typesupport_introspection_cpp.so[0m
[2.840s] [ 61%] Built target tutorial_interfaces__rosidl_typesupport_cpp
[2.863s] [ 61%] Built target tutorial_interfaces__rosidl_typesupport_introspection_cpp
[2.978s] [ 64%] [32m[1mLinking CXX shared library libtutorial_interfaces__rosidl_typesupport_fastrtps_cpp.so[0m
[3.067s] [ 64%] Built target tutorial_interfaces__rosidl_typesupport_fastrtps_cpp
[3.075s] [ 66%] [34m[1mGenerating C type support for eProsima Fast-RTPS[0m
[3.319s] [35m[1mScanning dependencies of target tutorial_interfaces__rosidl_typesupport_fastrtps_c[0m
[3.335s] [ 71%] [32mBuilding CXX object CMakeFiles/tutorial_interfaces__rosidl_typesupport_fastrtps_c.dir/rosidl_typesupport_fastrtps_c/tutorial_interfaces/msg/detail/num__type_support_c.cpp.o[0m
[3.335s] [ 71%] [32mBuilding CXX object CMakeFiles/tutorial_interfaces__rosidl_typesupport_fastrtps_c.dir/rosidl_typesupport_fastrtps_c/tutorial_interfaces/srv/detail/add_three_ints__type_support_c.cpp.o[0m
[3.655s] [ 74%] [32m[1mLinking CXX shared library libtutorial_interfaces__rosidl_typesupport_fastrtps_c.so[0m
[3.735s] [ 74%] Built target tutorial_interfaces__rosidl_typesupport_fastrtps_c
[3.743s] [35m[1mScanning dependencies of target tutorial_interfaces[0m
[3.752s] [ 74%] Built target tutorial_interfaces
[3.760s] [35m[1mScanning dependencies of target tutorial_interfaces__py[0m
[3.769s] [ 76%] [34m[1mGenerating Python code for ROS interfaces[0m
[4.350s] [ 76%] Built target tutorial_interfaces__py
[4.358s] [35m[1mScanning dependencies of target tutorial_interfaces__python[0m
[4.422s] [ 79%] [32mBuilding C object CMakeFiles/tutorial_interfaces__python.dir/rosidl_generator_py/tutorial_interfaces/msg/_num_s.c.o[0m
[4.422s] [ 82%] [32mBuilding C object CMakeFiles/tutorial_interfaces__python.dir/rosidl_generator_py/tutorial_interfaces/srv/_add_three_ints_s.c.o[0m
[4.526s] [ 84%] [32m[1mLinking C shared library rosidl_generator_py/tutorial_interfaces/libtutorial_interfaces__python.so[0m
[4.563s] [ 84%] Built target tutorial_interfaces__python
[4.573s] [35m[1mScanning dependencies of target tutorial_interfaces__rosidl_typesupport_introspection_c__pyext[0m
[4.574s] [35m[1mScanning dependencies of target tutorial_interfaces__rosidl_typesupport_c__pyext[0m
[4.574s] [35m[1mScanning dependencies of target tutorial_interfaces__rosidl_typesupport_fastrtps_c__pyext[0m
[4.593s] [ 87%] [32mBuilding C object CMakeFiles/tutorial_interfaces__rosidl_typesupport_introspection_c__pyext.dir/rosidl_generator_py/tutorial_interfaces/_tutorial_interfaces_s.ep.rosidl_typesupport_introspection_c.c.o[0m
[4.595s] [ 89%] [32mBuilding C object CMakeFiles/tutorial_interfaces__rosidl_typesupport_c__pyext.dir/rosidl_generator_py/tutorial_interfaces/_tutorial_interfaces_s.ep.rosidl_typesupport_c.c.o[0m
[4.595s] [ 92%] [32mBuilding C object CMakeFiles/tutorial_interfaces__rosidl_typesupport_fastrtps_c__pyext.dir/rosidl_generator_py/tutorial_interfaces/_tutorial_interfaces_s.ep.rosidl_typesupport_fastrtps_c.c.o[0m
[4.679s] [ 94%] [32m[1mLinking C shared library rosidl_generator_py/tutorial_interfaces/tutorial_interfaces_s__rosidl_typesupport_introspection_c.cpython-38-x86_64-linux-gnu.so[0m
[4.681s] [ 97%] [32m[1mLinking C shared library rosidl_generator_py/tutorial_interfaces/tutorial_interfaces_s__rosidl_typesupport_c.cpython-38-x86_64-linux-gnu.so[0m
[4.688s] [100%] [32m[1mLinking CXX shared library rosidl_generator_py/tutorial_interfaces/tutorial_interfaces_s__rosidl_typesupport_fastrtps_c.cpython-38-x86_64-linux-gnu.so[0m
[4.723s] [100%] Built target tutorial_interfaces__rosidl_typesupport_c__pyext
[4.723s] [100%] Built target tutorial_interfaces__rosidl_typesupport_introspection_c__pyext
[4.757s] [100%] Built target tutorial_interfaces__rosidl_typesupport_fastrtps_c__pyext
[4.767s] Invoked command in '/home/legacy/tutorials_ros2_ws/build/tutorial_interfaces' returned '0': CMAKE_PREFIX_PATH=${CMAKE_PREFIX_PATH}:/home/legacy/tutorials_ros2_ws/install/py_srvcli:/opt/ros/foxy /usr/bin/cmake --build /home/legacy/tutorials_ros2_ws/build/tutorial_interfaces -- -j8 -l8
[4.819s] Invoking command in '/home/legacy/tutorials_ros2_ws/build/tutorial_interfaces': CMAKE_PREFIX_PATH=${CMAKE_PREFIX_PATH}:/home/legacy/tutorials_ros2_ws/install/py_srvcli:/opt/ros/foxy /usr/bin/cmake --install /home/legacy/tutorials_ros2_ws/build/tutorial_interfaces
[4.827s] -- Install configuration: ""
[4.827s] -- Installing: /home/legacy/tutorials_ros2_ws/install/tutorial_interfaces/share/ament_index/resource_index/rosidl_interfaces/tutorial_interfaces
[4.827s] -- Installing: /home/legacy/tutorials_ros2_ws/install/tutorial_interfaces/include/tutorial_interfaces
[4.827s] -- Installing: /home/legacy/tutorials_ros2_ws/install/tutorial_interfaces/include/tutorial_interfaces/msg
[4.828s] -- Installing: /home/legacy/tutorials_ros2_ws/install/tutorial_interfaces/include/tutorial_interfaces/msg/num.h
[4.828s] -- Installing: /home/legacy/tutorials_ros2_ws/install/tutorial_interfaces/include/tutorial_interfaces/msg/rosidl_generator_c__visibility_control.h
[4.828s] -- Installing: /home/legacy/tutorials_ros2_ws/install/tutorial_interfaces/include/tutorial_interfaces/msg/detail
[4.828s] -- Installing: /home/legacy/tutorials_ros2_ws/install/tutorial_interfaces/include/tutorial_interfaces/msg/detail/num__struct.h
[4.828s] -- Installing: /home/legacy/tutorials_ros2_ws/install/tutorial_interfaces/include/tutorial_interfaces/msg/detail/num__functions.h
[4.828s] -- Installing: /home/legacy/tutorials_ros2_ws/install/tutorial_interfaces/include/tutorial_interfaces/msg/detail/num__type_support.h
[4.828s] -- Installing: /home/legacy/tutorials_ros2_ws/install/tutorial_interfaces/include/tutorial_interfaces/msg/detail/num__functions.c
[4.828s] -- Installing: /home/legacy/tutorials_ros2_ws/install/tutorial_interfaces/include/tutorial_interfaces/srv
[4.828s] -- Installing: /home/legacy/tutorials_ros2_ws/install/tutorial_interfaces/include/tutorial_interfaces/srv/detail
[4.828s] -- Installing: /home/legacy/tutorials_ros2_ws/install/tutorial_interfaces/include/tutorial_interfaces/srv/detail/add_three_ints__type_support.h
[4.828s] -- Installing: /home/legacy/tutorials_ros2_ws/install/tutorial_interfaces/include/tutorial_interfaces/srv/detail/add_three_ints__struct.h
[4.828s] -- Installing: /home/legacy/tutorials_ros2_ws/install/tutorial_interfaces/include/tutorial_interfaces/srv/detail/add_three_ints__functions.h
[4.828s] -- Installing: /home/legacy/tutorials_ros2_ws/install/tutorial_interfaces/include/tutorial_interfaces/srv/detail/add_three_ints__functions.c
[4.829s] -- Installing: /home/legacy/tutorials_ros2_ws/install/tutorial_interfaces/include/tutorial_interfaces/srv/add_three_ints.h
[4.829s] -- Installing: /home/legacy/tutorials_ros2_ws/install/tutorial_interfaces/share/tutorial_interfaces/environment/library_path.sh
[4.829s] -- Installing: /home/legacy/tutorials_ros2_ws/install/tutorial_interfaces/share/tutorial_interfaces/environment/library_path.dsv
[4.829s] -- Installing: /home/legacy/tutorials_ros2_ws/install/tutorial_interfaces/lib/libtutorial_interfaces__rosidl_generator_c.so
[4.829s] -- Set runtime path of "/home/legacy/tutorials_ros2_ws/install/tutorial_interfaces/lib/libtutorial_interfaces__rosidl_generator_c.so" to ""
[4.829s] -- Up-to-date: /home/legacy/tutorials_ros2_ws/install/tutorial_interfaces/include/tutorial_interfaces
[4.829s] -- Up-to-date: /home/legacy/tutorials_ros2_ws/install/tutorial_interfaces/include/tutorial_interfaces/msg
[4.829s] -- Up-to-date: /home/legacy/tutorials_ros2_ws/install/tutorial_interfaces/include/tutorial_interfaces/msg/detail
[4.829s] -- Installing: /home/legacy/tutorials_ros2_ws/install/tutorial_interfaces/include/tutorial_interfaces/msg/detail/num__rosidl_typesupport_fastrtps_c.h
[4.829s] -- Installing: /home/legacy/tutorials_ros2_ws/install/tutorial_interfaces/include/tutorial_interfaces/msg/rosidl_typesupport_fastrtps_c__visibility_control.h
[4.830s] -- Up-to-date: /home/legacy/tutorials_ros2_ws/install/tutorial_interfaces/include/tutorial_interfaces/srv
[4.830s] -- Up-to-date: /home/legacy/tutorials_ros2_ws/install/tutorial_interfaces/include/tutorial_interfaces/srv/detail
[4.830s] -- Installing: /home/legacy/tutorials_ros2_ws/install/tutorial_interfaces/include/tutorial_interfaces/srv/detail/add_three_ints__rosidl_typesupport_fastrtps_c.h
[4.830s] -- Installing: /home/legacy/tutorials_ros2_ws/install/tutorial_interfaces/lib/libtutorial_interfaces__rosidl_typesupport_fastrtps_c.so
[4.830s] -- Set runtime path of "/home/legacy/tutorials_ros2_ws/install/tutorial_interfaces/lib/libtutorial_interfaces__rosidl_typesupport_fastrtps_c.so" to ""
[4.830s] -- Up-to-date: /home/legacy/tutorials_ros2_ws/install/tutorial_interfaces/include/tutorial_interfaces
[4.830s] -- Up-to-date: /home/legacy/tutorials_ros2_ws/install/tutorial_interfaces/include/tutorial_interfaces/msg
[4.830s] -- Up-to-date: /home/legacy/tutorials_ros2_ws/install/tutorial_interfaces/include/tutorial_interfaces/msg/detail
[4.830s] -- Installing: /home/legacy/tutorials_ros2_ws/install/tutorial_interfaces/include/tutorial_interfaces/msg/detail/dds_fastrtps
[4.830s] -- Installing: /home/legacy/tutorials_ros2_ws/install/tutorial_interfaces/include/tutorial_interfaces/msg/detail/num__rosidl_typesupport_fastrtps_cpp.hpp
[4.831s] -- Installing: /home/legacy/tutorials_ros2_ws/install/tutorial_interfaces/include/tutorial_interfaces/msg/rosidl_typesupport_fastrtps_cpp__visibility_control.h
[4.831s] -- Up-to-date: /home/legacy/tutorials_ros2_ws/install/tutorial_interfaces/include/tutorial_interfaces/srv
[4.831s] -- Up-to-date: /home/legacy/tutorials_ros2_ws/install/tutorial_interfaces/include/tutorial_interfaces/srv/detail
[4.831s] -- Installing: /home/legacy/tutorials_ros2_ws/install/tutorial_interfaces/include/tutorial_interfaces/srv/detail/add_three_ints__rosidl_typesupport_fastrtps_cpp.hpp
[4.831s] -- Installing: /home/legacy/tutorials_ros2_ws/install/tutorial_interfaces/include/tutorial_interfaces/srv/detail/dds_fastrtps
[4.831s] -- Installing: /home/legacy/tutorials_ros2_ws/install/tutorial_interfaces/lib/libtutorial_interfaces__rosidl_typesupport_fastrtps_cpp.so
[4.831s] -- Set runtime path of "/home/legacy/tutorials_ros2_ws/install/tutorial_interfaces/lib/libtutorial_interfaces__rosidl_typesupport_fastrtps_cpp.so" to ""
[4.831s] -- Up-to-date: /home/legacy/tutorials_ros2_ws/install/tutorial_interfaces/include/tutorial_interfaces
[4.831s] -- Up-to-date: /home/legacy/tutorials_ros2_ws/install/tutorial_interfaces/include/tutorial_interfaces/msg
[4.831s] -- Up-to-date: /home/legacy/tutorials_ros2_ws/install/tutorial_interfaces/include/tutorial_interfaces/msg/detail
[4.831s] -- Installing: /home/legacy/tutorials_ros2_ws/install/tutorial_interfaces/include/tutorial_interfaces/msg/detail/num__type_support.c
[4.831s] -- Installing: /home/legacy/tutorials_ros2_ws/install/tutorial_interfaces/include/tutorial_interfaces/msg/detail/num__rosidl_typesupport_introspection_c.h
[4.831s] -- Installing: /home/legacy/tutorials_ros2_ws/install/tutorial_interfaces/include/tutorial_interfaces/msg/rosidl_typesupport_introspection_c__visibility_control.h
[4.832s] -- Up-to-date: /home/legacy/tutorials_ros2_ws/install/tutorial_interfaces/include/tutorial_interfaces/srv
[4.832s] -- Up-to-date: /home/legacy/tutorials_ros2_ws/install/tutorial_interfaces/include/tutorial_interfaces/srv/detail
[4.832s] -- Installing: /home/legacy/tutorials_ros2_ws/install/tutorial_interfaces/include/tutorial_interfaces/srv/detail/add_three_ints__rosidl_typesupport_introspection_c.h
[4.832s] -- Installing: /home/legacy/tutorials_ros2_ws/install/tutorial_interfaces/include/tutorial_interfaces/srv/detail/add_three_ints__type_support.c
[4.832s] -- Installing: /home/legacy/tutorials_ros2_ws/install/tutorial_interfaces/lib/libtutorial_interfaces__rosidl_typesupport_introspection_c.so
[4.832s] -- Set runtime path of "/home/legacy/tutorials_ros2_ws/install/tutorial_interfaces/lib/libtutorial_interfaces__rosidl_typesupport_introspection_c.so" to ""
[4.832s] -- Installing: /home/legacy/tutorials_ros2_ws/install/tutorial_interfaces/lib/libtutorial_interfaces__rosidl_typesupport_c.so
[4.833s] -- Set runtime path of "/home/legacy/tutorials_ros2_ws/install/tutorial_interfaces/lib/libtutorial_interfaces__rosidl_typesupport_c.so" to ""
[4.833s] -- Up-to-date: /home/legacy/tutorials_ros2_ws/install/tutorial_interfaces/include/tutorial_interfaces
[4.833s] -- Up-to-date: /home/legacy/tutorials_ros2_ws/install/tutorial_interfaces/include/tutorial_interfaces/msg
[4.833s] -- Up-to-date: /home/legacy/tutorials_ros2_ws/install/tutorial_interfaces/include/tutorial_interfaces/msg/detail
[4.833s] -- Installing: /home/legacy/tutorials_ros2_ws/install/tutorial_interfaces/include/tutorial_interfaces/msg/detail/num__traits.hpp
[4.833s] -- Installing: /home/legacy/tutorials_ros2_ws/install/tutorial_interfaces/include/tutorial_interfaces/msg/detail/num__builder.hpp
[4.833s] -- Installing: /home/legacy/tutorials_ros2_ws/install/tutorial_interfaces/include/tutorial_interfaces/msg/detail/num__struct.hpp
[4.833s] -- Installing: /home/legacy/tutorials_ros2_ws/install/tutorial_interfaces/include/tutorial_interfaces/msg/num.hpp
[4.833s] -- Up-to-date: /home/legacy/tutorials_ros2_ws/install/tutorial_interfaces/include/tutorial_interfaces/srv
[4.833s] -- Installing: /home/legacy/tutorials_ros2_ws/install/tutorial_interfaces/include/tutorial_interfaces/srv/add_three_ints.hpp
[4.833s] -- Up-to-date: /home/legacy/tutorials_ros2_ws/install/tutorial_interfaces/include/tutorial_interfaces/srv/detail
[4.833s] -- Installing: /home/legacy/tutorials_ros2_ws/install/tutorial_interfaces/include/tutorial_interfaces/srv/detail/add_three_ints__builder.hpp
[4.834s] -- Installing: /home/legacy/tutorials_ros2_ws/install/tutorial_interfaces/include/tutorial_interfaces/srv/detail/add_three_ints__traits.hpp
[4.834s] -- Installing: /home/legacy/tutorials_ros2_ws/install/tutorial_interfaces/include/tutorial_interfaces/srv/detail/add_three_ints__struct.hpp
[4.834s] -- Up-to-date: /home/legacy/tutorials_ros2_ws/install/tutorial_interfaces/include/tutorial_interfaces
[4.834s] -- Up-to-date: /home/legacy/tutorials_ros2_ws/install/tutorial_interfaces/include/tutorial_interfaces/msg
[4.834s] -- Up-to-date: /home/legacy/tutorials_ros2_ws/install/tutorial_interfaces/include/tutorial_interfaces/msg/detail
[4.834s] -- Installing: /home/legacy/tutorials_ros2_ws/install/tutorial_interfaces/include/tutorial_interfaces/msg/detail/num__rosidl_typesupport_introspection_cpp.hpp
[4.834s] -- Installing: /home/legacy/tutorials_ros2_ws/install/tutorial_interfaces/include/tutorial_interfaces/msg/detail/num__type_support.cpp
[4.834s] -- Up-to-date: /home/legacy/tutorials_ros2_ws/install/tutorial_interfaces/include/tutorial_interfaces/srv
[4.834s] -- Up-to-date: /home/legacy/tutorials_ros2_ws/install/tutorial_interfaces/include/tutorial_interfaces/srv/detail
[4.834s] -- Installing: /home/legacy/tutorials_ros2_ws/install/tutorial_interfaces/include/tutorial_interfaces/srv/detail/add_three_ints__type_support.cpp
[4.834s] -- Installing: /home/legacy/tutorials_ros2_ws/install/tutorial_interfaces/include/tutorial_interfaces/srv/detail/add_three_ints__rosidl_typesupport_introspection_cpp.hpp
[4.834s] -- Installing: /home/legacy/tutorials_ros2_ws/install/tutorial_interfaces/lib/libtutorial_interfaces__rosidl_typesupport_introspection_cpp.so
[4.834s] -- Set runtime path of "/home/legacy/tutorials_ros2_ws/install/tutorial_interfaces/lib/libtutorial_interfaces__rosidl_typesupport_introspection_cpp.so" to ""
[4.834s] -- Installing: /home/legacy/tutorials_ros2_ws/install/tutorial_interfaces/lib/libtutorial_interfaces__rosidl_typesupport_cpp.so
[4.835s] -- Set runtime path of "/home/legacy/tutorials_ros2_ws/install/tutorial_interfaces/lib/libtutorial_interfaces__rosidl_typesupport_cpp.so" to ""
[4.835s] -- Installing: /home/legacy/tutorials_ros2_ws/install/tutorial_interfaces/share/tutorial_interfaces/environment/pythonpath.sh
[4.835s] -- Installing: /home/legacy/tutorials_ros2_ws/install/tutorial_interfaces/share/tutorial_interfaces/environment/pythonpath.dsv
[4.835s] -- Installing: /home/legacy/tutorials_ros2_ws/install/tutorial_interfaces/lib/python3.8/site-packages/tutorial_interfaces/__init__.py
[4.864s] Compiling '/home/legacy/tutorials_ros2_ws/install/tutorial_interfaces/lib/python3.8/site-packages/tutorial_interfaces/__init__.py'...
[4.867s] -- Installing: /home/legacy/tutorials_ros2_ws/install/tutorial_interfaces/lib/python3.8/site-packages/tutorial_interfaces/msg
[4.867s] -- Installing: /home/legacy/tutorials_ros2_ws/install/tutorial_interfaces/lib/python3.8/site-packages/tutorial_interfaces/msg/__init__.py
[4.868s] -- Installing: /home/legacy/tutorials_ros2_ws/install/tutorial_interfaces/lib/python3.8/site-packages/tutorial_interfaces/msg/_num.py
[4.868s] -- Installing: /home/legacy/tutorials_ros2_ws/install/tutorial_interfaces/lib/python3.8/site-packages/tutorial_interfaces/msg/_num_s.c
[4.868s] -- Installing: /home/legacy/tutorials_ros2_ws/install/tutorial_interfaces/lib/python3.8/site-packages/tutorial_interfaces/srv
[4.868s] -- Installing: /home/legacy/tutorials_ros2_ws/install/tutorial_interfaces/lib/python3.8/site-packages/tutorial_interfaces/srv/__init__.py
[4.868s] -- Installing: /home/legacy/tutorials_ros2_ws/install/tutorial_interfaces/lib/python3.8/site-packages/tutorial_interfaces/srv/_add_three_ints_s.c
[4.868s] -- Installing: /home/legacy/tutorials_ros2_ws/install/tutorial_interfaces/lib/python3.8/site-packages/tutorial_interfaces/srv/_add_three_ints.py
[4.868s] -- Installing: /home/legacy/tutorials_ros2_ws/install/tutorial_interfaces/lib/python3.8/site-packages/tutorial_interfaces/tutorial_interfaces_s__rosidl_typesupport_fastrtps_c.cpython-38-x86_64-linux-gnu.so
[4.869s] -- Set runtime path of "/home/legacy/tutorials_ros2_ws/install/tutorial_interfaces/lib/python3.8/site-packages/tutorial_interfaces/tutorial_interfaces_s__rosidl_typesupport_fastrtps_c.cpython-38-x86_64-linux-gnu.so" to ""
[4.869s] -- Installing: /home/legacy/tutorials_ros2_ws/install/tutorial_interfaces/lib/python3.8/site-packages/tutorial_interfaces/tutorial_interfaces_s__rosidl_typesupport_introspection_c.cpython-38-x86_64-linux-gnu.so
[4.869s] -- Set runtime path of "/home/legacy/tutorials_ros2_ws/install/tutorial_interfaces/lib/python3.8/site-packages/tutorial_interfaces/tutorial_interfaces_s__rosidl_typesupport_introspection_c.cpython-38-x86_64-linux-gnu.so" to ""
[4.870s] -- Installing: /home/legacy/tutorials_ros2_ws/install/tutorial_interfaces/lib/python3.8/site-packages/tutorial_interfaces/tutorial_interfaces_s__rosidl_typesupport_c.cpython-38-x86_64-linux-gnu.so
[4.870s] -- Set runtime path of "/home/legacy/tutorials_ros2_ws/install/tutorial_interfaces/lib/python3.8/site-packages/tutorial_interfaces/tutorial_interfaces_s__rosidl_typesupport_c.cpython-38-x86_64-linux-gnu.so" to ""
[4.870s] -- Installing: /home/legacy/tutorials_ros2_ws/install/tutorial_interfaces/lib/libtutorial_interfaces__python.so
[4.870s] -- Set runtime path of "/home/legacy/tutorials_ros2_ws/install/tutorial_interfaces/lib/libtutorial_interfaces__python.so" to ""
[4.871s] -- Installing: /home/legacy/tutorials_ros2_ws/install/tutorial_interfaces/share/tutorial_interfaces/msg/Num.idl
[4.871s] -- Installing: /home/legacy/tutorials_ros2_ws/install/tutorial_interfaces/share/tutorial_interfaces/srv/AddThreeInts.idl
[4.871s] -- Installing: /home/legacy/tutorials_ros2_ws/install/tutorial_interfaces/share/tutorial_interfaces/msg/Num.msg
[4.871s] -- Installing: /home/legacy/tutorials_ros2_ws/install/tutorial_interfaces/share/tutorial_interfaces/srv/AddThreeInts.srv
[4.871s] -- Installing: /home/legacy/tutorials_ros2_ws/install/tutorial_interfaces/share/tutorial_interfaces/srv/AddThreeInts_Request.msg
[4.871s] -- Installing: /home/legacy/tutorials_ros2_ws/install/tutorial_interfaces/share/tutorial_interfaces/srv/AddThreeInts_Response.msg
[4.871s] -- Installing: /home/legacy/tutorials_ros2_ws/install/tutorial_interfaces/share/ament_index/resource_index/package_run_dependencies/tutorial_interfaces
[4.871s] -- Installing: /home/legacy/tutorials_ros2_ws/install/tutorial_interfaces/share/ament_index/resource_index/parent_prefix_path/tutorial_interfaces
[4.871s] -- Installing: /home/legacy/tutorials_ros2_ws/install/tutorial_interfaces/share/tutorial_interfaces/environment/ament_prefix_path.sh
[4.871s] -- Installing: /home/legacy/tutorials_ros2_ws/install/tutorial_interfaces/share/tutorial_interfaces/environment/ament_prefix_path.dsv
[4.872s] -- Installing: /home/legacy/tutorials_ros2_ws/install/tutorial_interfaces/share/tutorial_interfaces/environment/path.sh
[4.872s] -- Installing: /home/legacy/tutorials_ros2_ws/install/tutorial_interfaces/share/tutorial_interfaces/environment/path.dsv
[4.872s] -- Installing: /home/legacy/tutorials_ros2_ws/install/tutorial_interfaces/share/tutorial_interfaces/local_setup.bash
[4.872s] -- Installing: /home/legacy/tutorials_ros2_ws/install/tutorial_interfaces/share/tutorial_interfaces/local_setup.sh
[4.872s] -- Installing: /home/legacy/tutorials_ros2_ws/install/tutorial_interfaces/share/tutorial_interfaces/local_setup.zsh
[4.872s] -- Installing: /home/legacy/tutorials_ros2_ws/install/tutorial_interfaces/share/tutorial_interfaces/local_setup.dsv
[4.872s] -- Installing: /home/legacy/tutorials_ros2_ws/install/tutorial_interfaces/share/tutorial_interfaces/package.dsv
[4.872s] -- Installing: /home/legacy/tutorials_ros2_ws/install/tutorial_interfaces/share/ament_index/resource_index/packages/tutorial_interfaces
[4.873s] -- Installing: /home/legacy/tutorials_ros2_ws/install/tutorial_interfaces/share/tutorial_interfaces/cmake/tutorial_interfaces__rosidl_generator_cExport.cmake
[4.873s] -- Installing: /home/legacy/tutorials_ros2_ws/install/tutorial_interfaces/share/tutorial_interfaces/cmake/tutorial_interfaces__rosidl_generator_cExport-noconfig.cmake
[4.873s] -- Installing: /home/legacy/tutorials_ros2_ws/install/tutorial_interfaces/share/tutorial_interfaces/cmake/tutorial_interfaces__rosidl_typesupport_introspection_cExport.cmake
[4.873s] -- Installing: /home/legacy/tutorials_ros2_ws/install/tutorial_interfaces/share/tutorial_interfaces/cmake/tutorial_interfaces__rosidl_typesupport_introspection_cExport-noconfig.cmake
[4.873s] -- Installing: /home/legacy/tutorials_ros2_ws/install/tutorial_interfaces/share/tutorial_interfaces/cmake/tutorial_interfaces__rosidl_typesupport_cExport.cmake
[4.873s] -- Installing: /home/legacy/tutorials_ros2_ws/install/tutorial_interfaces/share/tutorial_interfaces/cmake/tutorial_interfaces__rosidl_typesupport_cExport-noconfig.cmake
[4.874s] -- Installing: /home/legacy/tutorials_ros2_ws/install/tutorial_interfaces/share/tutorial_interfaces/cmake/tutorial_interfaces__rosidl_generator_cppExport.cmake
[4.874s] -- Installing: /home/legacy/tutorials_ros2_ws/install/tutorial_interfaces/share/tutorial_interfaces/cmake/tutorial_interfaces__rosidl_typesupport_introspection_cppExport.cmake
[4.874s] -- Installing: /home/legacy/tutorials_ros2_ws/install/tutorial_interfaces/share/tutorial_interfaces/cmake/tutorial_interfaces__rosidl_typesupport_introspection_cppExport-noconfig.cmake
[4.874s] -- Installing: /home/legacy/tutorials_ros2_ws/install/tutorial_interfaces/share/tutorial_interfaces/cmake/tutorial_interfaces__rosidl_typesupport_cppExport.cmake
[4.874s] -- Installing: /home/legacy/tutorials_ros2_ws/install/tutorial_interfaces/share/tutorial_interfaces/cmake/tutorial_interfaces__rosidl_typesupport_cppExport-noconfig.cmake
[4.874s] -- Installing: /home/legacy/tutorials_ros2_ws/install/tutorial_interfaces/share/tutorial_interfaces/cmake/rosidl_cmake-extras.cmake
[4.874s] -- Installing: /home/legacy/tutorials_ros2_ws/install/tutorial_interfaces/share/tutorial_interfaces/cmake/ament_cmake_export_dependencies-extras.cmake
[4.874s] -- Installing: /home/legacy/tutorials_ros2_ws/install/tutorial_interfaces/share/tutorial_interfaces/cmake/ament_cmake_export_libraries-extras.cmake
[4.875s] -- Installing: /home/legacy/tutorials_ros2_ws/install/tutorial_interfaces/share/tutorial_interfaces/cmake/ament_cmake_export_targets-extras.cmake
[4.875s] -- Installing: /home/legacy/tutorials_ros2_ws/install/tutorial_interfaces/share/tutorial_interfaces/cmake/ament_cmake_export_include_directories-extras.cmake
[4.875s] -- Installing: /home/legacy/tutorials_ros2_ws/install/tutorial_interfaces/share/tutorial_interfaces/cmake/rosidl_cmake_export_typesupport_libraries-extras.cmake
[4.875s] -- Installing: /home/legacy/tutorials_ros2_ws/install/tutorial_interfaces/share/tutorial_interfaces/cmake/rosidl_cmake_export_typesupport_targets-extras.cmake
[4.875s] -- Installing: /home/legacy/tutorials_ros2_ws/install/tutorial_interfaces/share/tutorial_interfaces/cmake/tutorial_interfacesConfig.cmake
[4.875s] -- Installing: /home/legacy/tutorials_ros2_ws/install/tutorial_interfaces/share/tutorial_interfaces/cmake/tutorial_interfacesConfig-version.cmake
[4.875s] -- Installing: /home/legacy/tutorials_ros2_ws/install/tutorial_interfaces/share/tutorial_interfaces/package.xml
[4.879s] Invoked command in '/home/legacy/tutorials_ros2_ws/build/tutorial_interfaces' returned '0': CMAKE_PREFIX_PATH=${CMAKE_PREFIX_PATH}:/home/legacy/tutorials_ros2_ws/install/py_srvcli:/opt/ros/foxy /usr/bin/cmake --install /home/legacy/tutorials_ros2_ws/build/tutorial_interfaces
