[0.011s] Invoking command in '/home/legacy/tutorials_ros2_ws/build/urdf_tutorial': CMAKE_PREFIX_PATH=${CMAKE_PREFIX_PATH}:/home/legacy/tutorials_ros2_ws/install/py_srvcli:/home/legacy/tutorials_ros2_ws/install/learning_tf2_py:/opt/ros/foxy /usr/bin/cmake /home/legacy/tutorials_ros2_ws/src/urdf_tutorial -DCMAKE_INSTALL_PREFIX=/home/legacy/tutorials_ros2_ws/install/urdf_tutorial
[0.061s] -- The C compiler identification is GNU 9.3.0
[0.111s] -- The CXX compiler identification is GNU 9.3.0
[0.115s] -- Check for working C compiler: /usr/bin/cc
[0.176s] -- Check for working C compiler: /usr/bin/cc -- works
[0.176s] -- Detecting C compiler ABI info
[0.237s] -- Detecting C compiler ABI info - done
[0.247s] -- Detecting C compile features
[0.247s] -- Detecting C compile features - done
[0.249s] -- Check for working CXX compiler: /usr/bin/c++
[0.321s] -- Check for working CXX compiler: /usr/bin/c++ -- works
[0.322s] -- Detecting CXX compiler ABI info
[0.392s] -- Detecting CXX compiler ABI info - done
[0.402s] -- Detecting CXX compile features
[0.403s] -- Detecting CXX compile features - done
[0.406s] -- Found ament_cmake: 0.9.8 (/opt/ros/foxy/share/ament_cmake/cmake)
[0.427s] -- Found PythonInterp: /usr/bin/python3 (found suitable version "3.8.10", minimum required is "3") 
[0.427s] -- Using PYTHON_EXECUTABLE: /usr/bin/python3
[0.620s] -- Found ament_lint_auto: 0.9.6 (/opt/ros/foxy/share/ament_lint_auto/cmake)
[0.671s] -- Configuring done
[0.675s] -- Generating done
[0.675s] -- Build files have been written to: /home/legacy/tutorials_ros2_ws/build/urdf_tutorial
[0.680s] Invoked command in '/home/legacy/tutorials_ros2_ws/build/urdf_tutorial' returned '0': CMAKE_PREFIX_PATH=${CMAKE_PREFIX_PATH}:/home/legacy/tutorials_ros2_ws/install/py_srvcli:/home/legacy/tutorials_ros2_ws/install/learning_tf2_py:/opt/ros/foxy /usr/bin/cmake /home/legacy/tutorials_ros2_ws/src/urdf_tutorial -DCMAKE_INSTALL_PREFIX=/home/legacy/tutorials_ros2_ws/install/urdf_tutorial
[0.681s] Invoking command in '/home/legacy/tutorials_ros2_ws/build/urdf_tutorial': CMAKE_PREFIX_PATH=${CMAKE_PREFIX_PATH}:/home/legacy/tutorials_ros2_ws/install/py_srvcli:/home/legacy/tutorials_ros2_ws/install/learning_tf2_py:/opt/ros/foxy /usr/bin/cmake --build /home/legacy/tutorials_ros2_ws/build/urdf_tutorial -- -j8 -l8
[0.712s] Invoked command in '/home/legacy/tutorials_ros2_ws/build/urdf_tutorial' returned '0': CMAKE_PREFIX_PATH=${CMAKE_PREFIX_PATH}:/home/legacy/tutorials_ros2_ws/install/py_srvcli:/home/legacy/tutorials_ros2_ws/install/learning_tf2_py:/opt/ros/foxy /usr/bin/cmake --build /home/legacy/tutorials_ros2_ws/build/urdf_tutorial -- -j8 -l8
[0.740s] Invoking command in '/home/legacy/tutorials_ros2_ws/build/urdf_tutorial': CMAKE_PREFIX_PATH=${CMAKE_PREFIX_PATH}:/home/legacy/tutorials_ros2_ws/install/py_srvcli:/home/legacy/tutorials_ros2_ws/install/learning_tf2_py:/opt/ros/foxy /usr/bin/cmake --install /home/legacy/tutorials_ros2_ws/build/urdf_tutorial
[0.747s] -- Install configuration: ""
[0.747s] -- Installing: /home/legacy/tutorials_ros2_ws/install/urdf_tutorial/share/urdf_tutorial/images
[0.747s] -- Installing: /home/legacy/tutorials_ros2_ws/install/urdf_tutorial/share/urdf_tutorial/images/origins.png
[0.747s] -- Installing: /home/legacy/tutorials_ros2_ws/install/urdf_tutorial/share/urdf_tutorial/images/materials.png
[0.747s] -- Installing: /home/legacy/tutorials_ros2_ws/install/urdf_tutorial/share/urdf_tutorial/images/flexible.png
[0.747s] -- Installing: /home/legacy/tutorials_ros2_ws/install/urdf_tutorial/share/urdf_tutorial/images/multipleshapes.png
[0.747s] -- Installing: /home/legacy/tutorials_ros2_ws/install/urdf_tutorial/share/urdf_tutorial/images/visual.png
[0.748s] -- Installing: /home/legacy/tutorials_ros2_ws/install/urdf_tutorial/share/urdf_tutorial/images/myfirst.png
[0.748s] -- Installing: /home/legacy/tutorials_ros2_ws/install/urdf_tutorial/share/urdf_tutorial/launch
[0.748s] -- Installing: /home/legacy/tutorials_ros2_ws/install/urdf_tutorial/share/urdf_tutorial/launch/display.launch.py
[0.748s] -- Installing: /home/legacy/tutorials_ros2_ws/install/urdf_tutorial/share/urdf_tutorial/meshes
[0.748s] -- Installing: /home/legacy/tutorials_ros2_ws/install/urdf_tutorial/share/urdf_tutorial/meshes/l_finger_tip_color.tif
[0.748s] -- Installing: /home/legacy/tutorials_ros2_ws/install/urdf_tutorial/share/urdf_tutorial/meshes/l_finger.dae
[0.748s] -- Installing: /home/legacy/tutorials_ros2_ws/install/urdf_tutorial/share/urdf_tutorial/meshes/l_finger_color.tif
[0.748s] -- Installing: /home/legacy/tutorials_ros2_ws/install/urdf_tutorial/share/urdf_tutorial/meshes/l_finger_tip.dae
[0.748s] -- Installing: /home/legacy/tutorials_ros2_ws/install/urdf_tutorial/share/urdf_tutorial/rviz
[0.748s] -- Installing: /home/legacy/tutorials_ros2_ws/install/urdf_tutorial/share/urdf_tutorial/rviz/urdf.rviz
[0.749s] -- Installing: /home/legacy/tutorials_ros2_ws/install/urdf_tutorial/share/urdf_tutorial/urdf
[0.749s] -- Installing: /home/legacy/tutorials_ros2_ws/install/urdf_tutorial/share/urdf_tutorial/urdf/03-origins.urdf
[0.749s] -- Installing: /home/legacy/tutorials_ros2_ws/install/urdf_tutorial/share/urdf_tutorial/urdf/02-multipleshapes.urdf
[0.749s] -- Installing: /home/legacy/tutorials_ros2_ws/install/urdf_tutorial/share/urdf_tutorial/urdf/07-physics.urdf
[0.749s] -- Installing: /home/legacy/tutorials_ros2_ws/install/urdf_tutorial/share/urdf_tutorial/urdf/05-visual.urdf
[0.749s] -- Installing: /home/legacy/tutorials_ros2_ws/install/urdf_tutorial/share/urdf_tutorial/urdf/08-macroed.urdf.xacro
[0.749s] -- Installing: /home/legacy/tutorials_ros2_ws/install/urdf_tutorial/share/urdf_tutorial/urdf/06-flexible.urdf
[0.749s] -- Installing: /home/legacy/tutorials_ros2_ws/install/urdf_tutorial/share/urdf_tutorial/urdf/01-myfirst.urdf
[0.749s] -- Installing: /home/legacy/tutorials_ros2_ws/install/urdf_tutorial/share/urdf_tutorial/urdf/04-materials.urdf
[0.749s] -- Installing: /home/legacy/tutorials_ros2_ws/install/urdf_tutorial/share/ament_index/resource_index/package_run_dependencies/urdf_tutorial
[0.749s] -- Installing: /home/legacy/tutorials_ros2_ws/install/urdf_tutorial/share/ament_index/resource_index/parent_prefix_path/urdf_tutorial
[0.749s] -- Installing: /home/legacy/tutorials_ros2_ws/install/urdf_tutorial/share/urdf_tutorial/environment/ament_prefix_path.sh
[0.750s] -- Installing: /home/legacy/tutorials_ros2_ws/install/urdf_tutorial/share/urdf_tutorial/environment/ament_prefix_path.dsv
[0.750s] -- Installing: /home/legacy/tutorials_ros2_ws/install/urdf_tutorial/share/urdf_tutorial/environment/path.sh
[0.750s] -- Installing: /home/legacy/tutorials_ros2_ws/install/urdf_tutorial/share/urdf_tutorial/environment/path.dsv
[0.750s] -- Installing: /home/legacy/tutorials_ros2_ws/install/urdf_tutorial/share/urdf_tutorial/local_setup.bash
[0.750s] -- Installing: /home/legacy/tutorials_ros2_ws/install/urdf_tutorial/share/urdf_tutorial/local_setup.sh
[0.750s] -- Installing: /home/legacy/tutorials_ros2_ws/install/urdf_tutorial/share/urdf_tutorial/local_setup.zsh
[0.750s] -- Installing: /home/legacy/tutorials_ros2_ws/install/urdf_tutorial/share/urdf_tutorial/local_setup.dsv
[0.750s] -- Installing: /home/legacy/tutorials_ros2_ws/install/urdf_tutorial/share/urdf_tutorial/package.dsv
[0.750s] -- Installing: /home/legacy/tutorials_ros2_ws/install/urdf_tutorial/share/ament_index/resource_index/packages/urdf_tutorial
[0.750s] -- Installing: /home/legacy/tutorials_ros2_ws/install/urdf_tutorial/share/urdf_tutorial/cmake/urdf_tutorialConfig.cmake
[0.751s] -- Installing: /home/legacy/tutorials_ros2_ws/install/urdf_tutorial/share/urdf_tutorial/cmake/urdf_tutorialConfig-version.cmake
[0.751s] -- Installing: /home/legacy/tutorials_ros2_ws/install/urdf_tutorial/share/urdf_tutorial/package.xml
[0.753s] Invoked command in '/home/legacy/tutorials_ros2_ws/build/urdf_tutorial' returned '0': CMAKE_PREFIX_PATH=${CMAKE_PREFIX_PATH}:/home/legacy/tutorials_ros2_ws/install/py_srvcli:/home/legacy/tutorials_ros2_ws/install/learning_tf2_py:/opt/ros/foxy /usr/bin/cmake --install /home/legacy/tutorials_ros2_ws/build/urdf_tutorial
