running develop
running egg_info
creating urdf_tutorial_py.egg-info
writing urdf_tutorial_py.egg-info/PKG-INFO
writing dependency_links to urdf_tutorial_py.egg-info/dependency_links.txt
writing entry points to urdf_tutorial_py.egg-info/entry_points.txt
writing requirements to urdf_tutorial_py.egg-info/requires.txt
writing top-level names to urdf_tutorial_py.egg-info/top_level.txt
writing manifest file 'urdf_tutorial_py.egg-info/SOURCES.txt'
reading manifest file 'urdf_tutorial_py.egg-info/SOURCES.txt'
writing manifest file 'urdf_tutorial_py.egg-info/SOURCES.txt'
running build_ext
Creating /home/legacy/tutorials_ros2_ws/install/urdf_tutorial_py/lib/python3.8/site-packages/site.py
Creating /home/legacy/tutorials_ros2_ws/install/urdf_tutorial_py/lib/python3.8/site-packages/urdf-tutorial-py.egg-link (link to .)
Installing state_publisher script to /home/legacy/tutorials_ros2_ws/install/urdf_tutorial_py/lib/urdf_tutorial_py

Installed /home/legacy/tutorials_ros2_ws/build/urdf_tutorial_py
running install_data
creating /home/legacy/tutorials_ros2_ws/install/urdf_tutorial_py/share/ament_index
creating /home/legacy/tutorials_ros2_ws/install/urdf_tutorial_py/share/ament_index/resource_index
creating /home/legacy/tutorials_ros2_ws/install/urdf_tutorial_py/share/ament_index/resource_index/packages
copying resource/urdf_tutorial_py -> /home/legacy/tutorials_ros2_ws/install/urdf_tutorial_py/share/ament_index/resource_index/packages
copying package.xml -> /home/legacy/tutorials_ros2_ws/install/urdf_tutorial_py/share/urdf_tutorial_py
copying launch/demo.launch.py -> /home/legacy/tutorials_ros2_ws/install/urdf_tutorial_py/share/urdf_tutorial_py
copying urdf/r2d2.urdf.xml -> /home/legacy/tutorials_ros2_ws/install/urdf_tutorial_py/share/urdf_tutorial_py
copying urdf/r2d2.rviz -> /home/legacy/tutorials_ros2_ws/install/urdf_tutorial_py/share/urdf_tutorial_py
