[0.203s] Invoking command in '/home/legacy/tutorials_ros2_ws/src/learning_tf2_py': PYTHONPATH=/home/legacy/tutorials_ros2_ws/install/learning_tf2_py/lib/python3.8/site-packages:${PYTHONPATH} /usr/bin/python3 setup.py egg_info --egg-base ../../build/learning_tf2_py build --build-base /home/legacy/tutorials_ros2_ws/build/learning_tf2_py/build install --prefix /home/legacy/tutorials_ros2_ws/install/learning_tf2_py --record /home/legacy/tutorials_ros2_ws/build/learning_tf2_py/install.log --single-version-externally-managed
[0.385s] running egg_info
[0.385s] writing ../../build/learning_tf2_py/learning_tf2_py.egg-info/PKG-INFO
[0.385s] writing dependency_links to ../../build/learning_tf2_py/learning_tf2_py.egg-info/dependency_links.txt
[0.385s] writing entry points to ../../build/learning_tf2_py/learning_tf2_py.egg-info/entry_points.txt
[0.386s] writing requirements to ../../build/learning_tf2_py/learning_tf2_py.egg-info/requires.txt
[0.386s] writing top-level names to ../../build/learning_tf2_py/learning_tf2_py.egg-info/top_level.txt
[0.420s] reading manifest file '../../build/learning_tf2_py/learning_tf2_py.egg-info/SOURCES.txt'
[0.421s] writing manifest file '../../build/learning_tf2_py/learning_tf2_py.egg-info/SOURCES.txt'
[0.421s] running build
[0.421s] running build_py
[0.421s] copying learning_tf2_py/turtle_tf2_broadcaster.py -> /home/legacy/tutorials_ros2_ws/build/learning_tf2_py/build/lib/learning_tf2_py
[0.422s] running install
[0.423s] running install_lib
[0.424s] copying /home/legacy/tutorials_ros2_ws/build/learning_tf2_py/build/lib/learning_tf2_py/turtle_tf2_broadcaster.py -> /home/legacy/tutorials_ros2_ws/install/learning_tf2_py/lib/python3.8/site-packages/learning_tf2_py
[0.425s] byte-compiling /home/legacy/tutorials_ros2_ws/install/learning_tf2_py/lib/python3.8/site-packages/learning_tf2_py/turtle_tf2_broadcaster.py to turtle_tf2_broadcaster.cpython-38.pyc
[0.426s] running install_data
[0.427s] copying package.xml -> /home/legacy/tutorials_ros2_ws/install/learning_tf2_py/share/learning_tf2_py
[0.427s] creating /home/legacy/tutorials_ros2_ws/install/learning_tf2_py/share/learning_tf2_py/launch
[0.427s] copying launch/turtle_tf2_demo.launch.py -> /home/legacy/tutorials_ros2_ws/install/learning_tf2_py/share/learning_tf2_py/launch
[0.428s] running install_egg_info
[0.429s] removing '/home/legacy/tutorials_ros2_ws/install/learning_tf2_py/lib/python3.8/site-packages/learning_tf2_py-0.0.0-py3.8.egg-info' (and everything under it)
[0.429s] Copying ../../build/learning_tf2_py/learning_tf2_py.egg-info to /home/legacy/tutorials_ros2_ws/install/learning_tf2_py/lib/python3.8/site-packages/learning_tf2_py-0.0.0-py3.8.egg-info
[0.430s] running install_scripts
[0.447s] Installing static_turtle_tf2_broadcaster script to /home/legacy/tutorials_ros2_ws/install/learning_tf2_py/lib/learning_tf2_py
[0.447s] writing list of installed files to '/home/legacy/tutorials_ros2_ws/build/learning_tf2_py/install.log'
[0.463s] Invoked command in '/home/legacy/tutorials_ros2_ws/src/learning_tf2_py' returned '0': PYTHONPATH=/home/legacy/tutorials_ros2_ws/install/learning_tf2_py/lib/python3.8/site-packages:${PYTHONPATH} /usr/bin/python3 setup.py egg_info --egg-base ../../build/learning_tf2_py build --build-base /home/legacy/tutorials_ros2_ws/build/learning_tf2_py/build install --prefix /home/legacy/tutorials_ros2_ws/install/learning_tf2_py --record /home/legacy/tutorials_ros2_ws/build/learning_tf2_py/install.log --single-version-externally-managed
