[0.264s] Invoking command in '/home/legacy/tutorials_ros2_ws/src/py_srvcli': PYTHONPATH=/home/legacy/tutorials_ros2_ws/install/py_srvcli/lib/python3.8/site-packages:${PYTHONPATH} /usr/bin/python3 setup.py egg_info --egg-base ../../build/py_srvcli build --build-base /home/legacy/tutorials_ros2_ws/build/py_srvcli/build install --prefix /home/legacy/tutorials_ros2_ws/install/py_srvcli --record /home/legacy/tutorials_ros2_ws/build/py_srvcli/install.log --single-version-externally-managed
[0.523s] running egg_info
[0.524s] writing ../../build/py_srvcli/py_srvcli.egg-info/PKG-INFO
[0.524s] writing dependency_links to ../../build/py_srvcli/py_srvcli.egg-info/dependency_links.txt
[0.524s] writing entry points to ../../build/py_srvcli/py_srvcli.egg-info/entry_points.txt
[0.524s] writing requirements to ../../build/py_srvcli/py_srvcli.egg-info/requires.txt
[0.524s] writing top-level names to ../../build/py_srvcli/py_srvcli.egg-info/top_level.txt
[0.558s] reading manifest file '../../build/py_srvcli/py_srvcli.egg-info/SOURCES.txt'
[0.559s] writing manifest file '../../build/py_srvcli/py_srvcli.egg-info/SOURCES.txt'
[0.559s] running build
[0.559s] running build_py
[0.559s] running install
[0.560s] running install_lib
[0.562s] running install_data
[0.562s] running install_egg_info
[0.563s] removing '/home/legacy/tutorials_ros2_ws/install/py_srvcli/lib/python3.8/site-packages/py_srvcli-0.0.0-py3.8.egg-info' (and everything under it)
[0.564s] Copying ../../build/py_srvcli/py_srvcli.egg-info to /home/legacy/tutorials_ros2_ws/install/py_srvcli/lib/python3.8/site-packages/py_srvcli-0.0.0-py3.8.egg-info
[0.565s] running install_scripts
[0.581s] Installing client script to /home/legacy/tutorials_ros2_ws/install/py_srvcli/lib/py_srvcli
[0.581s] Installing service script to /home/legacy/tutorials_ros2_ws/install/py_srvcli/lib/py_srvcli
[0.581s] writing list of installed files to '/home/legacy/tutorials_ros2_ws/build/py_srvcli/install.log'
[0.604s] Invoked command in '/home/legacy/tutorials_ros2_ws/src/py_srvcli' returned '0': PYTHONPATH=/home/legacy/tutorials_ros2_ws/install/py_srvcli/lib/python3.8/site-packages:${PYTHONPATH} /usr/bin/python3 setup.py egg_info --egg-base ../../build/py_srvcli build --build-base /home/legacy/tutorials_ros2_ws/build/py_srvcli/build install --prefix /home/legacy/tutorials_ros2_ws/install/py_srvcli --record /home/legacy/tutorials_ros2_ws/build/py_srvcli/install.log --single-version-externally-managed
