[0.209s] Invoking command in '/home/legacy/tutorials_ros2_ws/src/learning_tf2_py': PYTHONPATH=/home/legacy/tutorials_ros2_ws/install/learning_tf2_py/lib/python3.8/site-packages:${PYTHONPATH} /usr/bin/python3 setup.py egg_info --egg-base ../../build/learning_tf2_py build --build-base /home/legacy/tutorials_ros2_ws/build/learning_tf2_py/build install --prefix /home/legacy/tutorials_ros2_ws/install/learning_tf2_py --record /home/legacy/tutorials_ros2_ws/build/learning_tf2_py/install.log --single-version-externally-managed
[0.395s] running egg_info
[0.395s] writing ../../build/learning_tf2_py/learning_tf2_py.egg-info/PKG-INFO
[0.395s] writing dependency_links to ../../build/learning_tf2_py/learning_tf2_py.egg-info/dependency_links.txt
[0.396s] writing entry points to ../../build/learning_tf2_py/learning_tf2_py.egg-info/entry_points.txt
[0.396s] writing requirements to ../../build/learning_tf2_py/learning_tf2_py.egg-info/requires.txt
[0.396s] writing top-level names to ../../build/learning_tf2_py/learning_tf2_py.egg-info/top_level.txt
[0.426s] reading manifest file '../../build/learning_tf2_py/learning_tf2_py.egg-info/SOURCES.txt'
[0.426s] writing manifest file '../../build/learning_tf2_py/learning_tf2_py.egg-info/SOURCES.txt'
[0.427s] running build
[0.427s] running build_py
[0.427s] copying learning_tf2_py/turtle_tf2_listener.py -> /home/legacy/tutorials_ros2_ws/build/learning_tf2_py/build/lib/learning_tf2_py
[0.427s] running install
[0.428s] running install_lib
[0.429s] copying /home/legacy/tutorials_ros2_ws/build/learning_tf2_py/build/lib/learning_tf2_py/turtle_tf2_listener.py -> /home/legacy/tutorials_ros2_ws/install/learning_tf2_py/lib/python3.8/site-packages/learning_tf2_py
[0.429s] byte-compiling /home/legacy/tutorials_ros2_ws/install/learning_tf2_py/lib/python3.8/site-packages/learning_tf2_py/turtle_tf2_listener.py to turtle_tf2_listener.cpython-38.pyc
[0.431s] running install_data
[0.431s] running install_egg_info
[0.433s] removing '/home/legacy/tutorials_ros2_ws/install/learning_tf2_py/lib/python3.8/site-packages/learning_tf2_py-0.0.0-py3.8.egg-info' (and everything under it)
[0.433s] Copying ../../build/learning_tf2_py/learning_tf2_py.egg-info to /home/legacy/tutorials_ros2_ws/install/learning_tf2_py/lib/python3.8/site-packages/learning_tf2_py-0.0.0-py3.8.egg-info
[0.433s] running install_scripts
[0.448s] Installing dynamic_frame_tf2_broadcaster script to /home/legacy/tutorials_ros2_ws/install/learning_tf2_py/lib/learning_tf2_py
[0.448s] Installing fixed_frame_tf2_broadcaster script to /home/legacy/tutorials_ros2_ws/install/learning_tf2_py/lib/learning_tf2_py
[0.448s] Installing static_turtle_tf2_broadcaster script to /home/legacy/tutorials_ros2_ws/install/learning_tf2_py/lib/learning_tf2_py
[0.448s] Installing turtle_tf2_broadcaster script to /home/legacy/tutorials_ros2_ws/install/learning_tf2_py/lib/learning_tf2_py
[0.449s] Installing turtle_tf2_listener script to /home/legacy/tutorials_ros2_ws/install/learning_tf2_py/lib/learning_tf2_py
[0.449s] writing list of installed files to '/home/legacy/tutorials_ros2_ws/build/learning_tf2_py/install.log'
[0.465s] Invoked command in '/home/legacy/tutorials_ros2_ws/src/learning_tf2_py' returned '0': PYTHONPATH=/home/legacy/tutorials_ros2_ws/install/learning_tf2_py/lib/python3.8/site-packages:${PYTHONPATH} /usr/bin/python3 setup.py egg_info --egg-base ../../build/learning_tf2_py build --build-base /home/legacy/tutorials_ros2_ws/build/learning_tf2_py/build install --prefix /home/legacy/tutorials_ros2_ws/install/learning_tf2_py --record /home/legacy/tutorials_ros2_ws/build/learning_tf2_py/install.log --single-version-externally-managed
