[0.311s] Invoking command in '/home/legacy/tutorials_ros2_ws/src/py_srvcli': PYTHONPATH=/home/legacy/tutorials_ros2_ws/install/py_srvcli/lib/python3.8/site-packages:${PYTHONPATH} /usr/bin/python3 setup.py egg_info --egg-base ../../build/py_srvcli build --build-base /home/legacy/tutorials_ros2_ws/build/py_srvcli/build install --prefix /home/legacy/tutorials_ros2_ws/install/py_srvcli --record /home/legacy/tutorials_ros2_ws/build/py_srvcli/install.log --single-version-externally-managed
[0.536s] running egg_info
[0.537s] writing ../../build/py_srvcli/py_srvcli.egg-info/PKG-INFO
[0.537s] writing dependency_links to ../../build/py_srvcli/py_srvcli.egg-info/dependency_links.txt
[0.538s] writing entry points to ../../build/py_srvcli/py_srvcli.egg-info/entry_points.txt
[0.538s] writing requirements to ../../build/py_srvcli/py_srvcli.egg-info/requires.txt
[0.538s] writing top-level names to ../../build/py_srvcli/py_srvcli.egg-info/top_level.txt
[0.577s] reading manifest file '../../build/py_srvcli/py_srvcli.egg-info/SOURCES.txt'
[0.578s] writing manifest file '../../build/py_srvcli/py_srvcli.egg-info/SOURCES.txt'
[0.578s] running build
[0.578s] running build_py
[0.579s] running install
[0.579s] running install_lib
[0.581s] running install_data
[0.582s] running install_egg_info
[0.584s] removing '/home/legacy/tutorials_ros2_ws/install/py_srvcli/lib/python3.8/site-packages/py_srvcli-0.0.0-py3.8.egg-info' (and everything under it)
[0.584s] Copying ../../build/py_srvcli/py_srvcli.egg-info to /home/legacy/tutorials_ros2_ws/install/py_srvcli/lib/python3.8/site-packages/py_srvcli-0.0.0-py3.8.egg-info
[0.585s] running install_scripts
[0.604s] Installing client script to /home/legacy/tutorials_ros2_ws/install/py_srvcli/lib/py_srvcli
[0.604s] Installing service script to /home/legacy/tutorials_ros2_ws/install/py_srvcli/lib/py_srvcli
[0.604s] writing list of installed files to '/home/legacy/tutorials_ros2_ws/build/py_srvcli/install.log'
