[0.014s] Invoking command in '/home/legacy/tutorials_ros2_ws/build/learning_tf2_cpp': CMAKE_PREFIX_PATH=/opt/ros/foxy /usr/bin/cmake --build /home/legacy/tutorials_ros2_ws/build/learning_tf2_cpp -- -j8 -l8
[0.143s] -- Found ament_cmake: 0.9.8 (/opt/ros/foxy/share/ament_cmake/cmake)
[0.178s] -- Using PYTHON_EXECUTABLE: /usr/bin/python3
[0.387s] -- Found geometry_msgs: 2.0.4 (/opt/ros/foxy/share/geometry_msgs/cmake)
[0.431s] -- Using all available rosidl_typesupport_c: rosidl_typesupport_fastrtps_c;rosidl_typesupport_introspection_c
[0.436s] -- Found rosidl_adapter: 1.2.1 (/opt/ros/foxy/share/rosidl_adapter/cmake)
[0.563s] -- Using all available rosidl_typesupport_cpp: rosidl_typesupport_fastrtps_cpp;rosidl_typesupport_introspection_cpp
[0.651s] -- Found rclcpp: 2.3.1 (/opt/ros/foxy/share/rclcpp/cmake)
[0.694s] -- Found rmw_implementation_cmake: 1.0.3 (/opt/ros/foxy/share/rmw_implementation_cmake/cmake)
[0.697s] -- Using RMW implementation 'rmw_fastrtps_cpp' as default
[0.833s] -- Found tf2: 0.13.10 (/opt/ros/foxy/share/tf2/cmake)
[0.843s] -- Found tf2_ros: 0.13.10 (/opt/ros/foxy/share/tf2_ros/cmake)
[1.190s] -- Found turtlesim: 1.2.5 (/opt/ros/foxy/share/turtlesim/cmake)
[1.244s] -- Found ament_lint_auto: 0.9.6 (/opt/ros/foxy/share/ament_lint_auto/cmake)
[1.303s] CMake Error at CMakeLists.txt:60 (add_executable):
[1.303s]   add_executable cannot create target "turtle_tf2_listener" because another
[1.304s]   target with the same name already exists.  The existing target is an
[1.304s]   executable created in source directory
[1.304s]   "/home/legacy/tutorials_ros2_ws/src/learning_tf2_cpp".  See documentation
[1.304s]   for policy CMP0002 for more details.
[1.304s] 
[1.304s] 
[1.304s] CMake Error at /opt/ros/foxy/share/ament_cmake_target_dependencies/cmake/ament_target_dependencies.cmake:42 (message):
[1.304s]   ament_target_dependencies() the first argument must be a valid target name
[1.304s] Call Stack (most recent call first):
[1.304s]   CMakeLists.txt:61 (ament_target_dependencies)
[1.304s] 
[1.304s] 
[1.305s] -- Configuring incomplete, errors occurred!
[1.305s] See also "/home/legacy/tutorials_ros2_ws/build/learning_tf2_cpp/CMakeFiles/CMakeOutput.log".
[1.305s] See also "/home/legacy/tutorials_ros2_ws/build/learning_tf2_cpp/CMakeFiles/CMakeError.log".
[1.315s] make: *** [Makefile:310: cmake_check_build_system] Error 1
[1.317s] Invoked command in '/home/legacy/tutorials_ros2_ws/build/learning_tf2_cpp' returned '2': CMAKE_PREFIX_PATH=/opt/ros/foxy /usr/bin/cmake --build /home/legacy/tutorials_ros2_ws/build/learning_tf2_cpp -- -j8 -l8
