[0.202s] Invoking command in '/home/legacy/tutorials_ros2_ws/src/learning_tf2_py': PYTHONPATH=/home/legacy/tutorials_ros2_ws/install/learning_tf2_py/lib/python3.8/site-packages:${PYTHONPATH} /usr/bin/python3 setup.py egg_info --egg-base ../../build/learning_tf2_py build --build-base /home/legacy/tutorials_ros2_ws/build/learning_tf2_py/build install --prefix /home/legacy/tutorials_ros2_ws/install/learning_tf2_py --record /home/legacy/tutorials_ros2_ws/build/learning_tf2_py/install.log --single-version-externally-managed
[0.375s] running egg_info
[0.376s] writing ../../build/learning_tf2_py/learning_tf2_py.egg-info/PKG-INFO
[0.376s] writing dependency_links to ../../build/learning_tf2_py/learning_tf2_py.egg-info/dependency_links.txt
[0.376s] writing entry points to ../../build/learning_tf2_py/learning_tf2_py.egg-info/entry_points.txt
[0.376s] writing requirements to ../../build/learning_tf2_py/learning_tf2_py.egg-info/requires.txt
[0.376s] writing top-level names to ../../build/learning_tf2_py/learning_tf2_py.egg-info/top_level.txt
[0.404s] reading manifest file '../../build/learning_tf2_py/learning_tf2_py.egg-info/SOURCES.txt'
[0.405s] writing manifest file '../../build/learning_tf2_py/learning_tf2_py.egg-info/SOURCES.txt'
[0.405s] running build
[0.405s] running build_py
[0.405s] copying learning_tf2_py/dynamic_frame_tf2_broadcaster.py -> /home/legacy/tutorials_ros2_ws/build/learning_tf2_py/build/lib/learning_tf2_py
[0.406s] running install
[0.406s] running install_lib
[0.407s] copying /home/legacy/tutorials_ros2_ws/build/learning_tf2_py/build/lib/learning_tf2_py/dynamic_frame_tf2_broadcaster.py -> /home/legacy/tutorials_ros2_ws/install/learning_tf2_py/lib/python3.8/site-packages/learning_tf2_py
[0.407s] byte-compiling /home/legacy/tutorials_ros2_ws/install/learning_tf2_py/lib/python3.8/site-packages/learning_tf2_py/dynamic_frame_tf2_broadcaster.py to dynamic_frame_tf2_broadcaster.cpython-38.pyc
[0.409s] running install_data
[0.409s] copying launch/turtle_tf2_dynamic_frame_demo.launch.py -> /home/legacy/tutorials_ros2_ws/install/learning_tf2_py/share/learning_tf2_py/launch
[0.409s] running install_egg_info
[0.410s] removing '/home/legacy/tutorials_ros2_ws/install/learning_tf2_py/lib/python3.8/site-packages/learning_tf2_py-0.0.0-py3.8.egg-info' (and everything under it)
[0.411s] Copying ../../build/learning_tf2_py/learning_tf2_py.egg-info to /home/legacy/tutorials_ros2_ws/install/learning_tf2_py/lib/python3.8/site-packages/learning_tf2_py-0.0.0-py3.8.egg-info
[0.411s] running install_scripts
[0.425s] Installing dynamic_frame_tf2_broadcaster script to /home/legacy/tutorials_ros2_ws/install/learning_tf2_py/lib/learning_tf2_py
[0.425s] Installing fixed_frame_tf2_broadcaster script to /home/legacy/tutorials_ros2_ws/install/learning_tf2_py/lib/learning_tf2_py
[0.425s] Installing static_turtle_tf2_broadcaster script to /home/legacy/tutorials_ros2_ws/install/learning_tf2_py/lib/learning_tf2_py
[0.425s] Installing turtle_tf2_broadcaster script to /home/legacy/tutorials_ros2_ws/install/learning_tf2_py/lib/learning_tf2_py
[0.425s] Installing turtle_tf2_listener script to /home/legacy/tutorials_ros2_ws/install/learning_tf2_py/lib/learning_tf2_py
[0.425s] writing list of installed files to '/home/legacy/tutorials_ros2_ws/build/learning_tf2_py/install.log'
[0.443s] Invoked command in '/home/legacy/tutorials_ros2_ws/src/learning_tf2_py' returned '0': PYTHONPATH=/home/legacy/tutorials_ros2_ws/install/learning_tf2_py/lib/python3.8/site-packages:${PYTHONPATH} /usr/bin/python3 setup.py egg_info --egg-base ../../build/learning_tf2_py build --build-base /home/legacy/tutorials_ros2_ws/build/learning_tf2_py/build install --prefix /home/legacy/tutorials_ros2_ws/install/learning_tf2_py --record /home/legacy/tutorials_ros2_ws/build/learning_tf2_py/install.log --single-version-externally-managed
